{"/home/wes/retro-n8n-mcp/src/index.ts": {"path":"/home/wes/retro-n8n-mcp/src/index.ts","all":true,"statementMap":{"1":{"start":{"line":2,"column":0},"end":{"line":2,"column":56}},"2":{"start":{"line":3,"column":0},"end":{"line":3,"column":81}},"3":{"start":{"line":4,"column":0},"end":{"line":4,"column":62}},"4":{"start":{"line":5,"column":0},"end":{"line":5,"column":28}},"7":{"start":{"line":8,"column":0},"end":{"line":8,"column":16}},"9":{"start":{"line":10,"column":0},"end":{"line":10,"column":38}},"10":{"start":{"line":11,"column":0},"end":{"line":11,"column":7}},"12":{"start":{"line":13,"column":0},"end":{"line":13,"column":41}},"15":{"start":{"line":16,"column":0},"end":{"line":16,"column":44}},"18":{"start":{"line":19,"column":0},"end":{"line":19,"column":49}},"21":{"start":{"line":22,"column":0},"end":{"line":22,"column":36}},"24":{"start":{"line":25,"column":0},"end":{"line":25,"column":38}},"25":{"start":{"line":26,"column":0},"end":{"line":26,"column":55}},"26":{"start":{"line":27,"column":0},"end":{"line":27,"column":27}},"27":{"start":{"line":28,"column":0},"end":{"line":28,"column":22}},"28":{"start":{"line":29,"column":0},"end":{"line":29,"column":7}},"30":{"start":{"line":31,"column":0},"end":{"line":31,"column":39}},"31":{"start":{"line":32,"column":0},"end":{"line":32,"column":55}},"32":{"start":{"line":33,"column":0},"end":{"line":33,"column":27}},"33":{"start":{"line":34,"column":0},"end":{"line":34,"column":22}},"34":{"start":{"line":35,"column":0},"end":{"line":35,"column":7}},"36":{"start":{"line":37,"column":0},"end":{"line":37,"column":57}},"37":{"start":{"line":38,"column":0},"end":{"line":38,"column":19}},"38":{"start":{"line":39,"column":0},"end":{"line":39,"column":60}},"39":{"start":{"line":40,"column":0},"end":{"line":40,"column":20}},"40":{"start":{"line":41,"column":0},"end":{"line":41,"column":3}},"41":{"start":{"line":42,"column":0},"end":{"line":42,"column":1}},"44":{"start":{"line":45,"column":0},"end":{"line":45,"column":12}}},"s":{"1":0,"2":0,"3":0,"4":0,"7":0,"9":0,"10":0,"12":0,"15":0,"18":0,"21":0,"24":0,"25":0,"26":0,"27":0,"28":0,"30":0,"31":0,"32":0,"33":0,"34":0,"36":0,"37":0,"38":0,"39":0,"40":0,"41":0,"44":0},"branchMap":{"0":{"type":"branch","line":1,"loc":{"start":{"line":1,"column":1220},"end":{"line":45,"column":12}},"locations":[{"start":{"line":1,"column":1220},"end":{"line":45,"column":12}}]}},"b":{"0":[1]},"fnMap":{"0":{"name":"(empty-report)","decl":{"start":{"line":1,"column":1220},"end":{"line":45,"column":12}},"loc":{"start":{"line":1,"column":1220},"end":{"line":45,"column":12}},"line":1}},"f":{"0":1}}
,"/home/wes/retro-n8n-mcp/src/security/ApiKeyManager.ts": {"path":"/home/wes/retro-n8n-mcp/src/security/ApiKeyManager.ts","all":false,"statementMap":{"0":{"start":{"line":1,"column":0},"end":{"line":1,"column":49}},"1":{"start":{"line":2,"column":0},"end":{"line":2,"column":44}},"20":{"start":{"line":21,"column":0},"end":{"line":21,"column":28}},"21":{"start":{"line":22,"column":0},"end":{"line":22,"column":47}},"22":{"start":{"line":23,"column":0},"end":{"line":23,"column":47}},"23":{"start":{"line":24,"column":0},"end":{"line":24,"column":71}},"28":{"start":{"line":29,"column":0},"end":{"line":29,"column":17}},"29":{"start":{"line":30,"column":0},"end":{"line":30,"column":17}},"30":{"start":{"line":31,"column":0},"end":{"line":31,"column":31}},"31":{"start":{"line":32,"column":0},"end":{"line":32,"column":38}},"32":{"start":{"line":33,"column":0},"end":{"line":33,"column":14}},"33":{"start":{"line":34,"column":0},"end":{"line":34,"column":33}},"34":{"start":{"line":35,"column":0},"end":{"line":35,"column":41}},"35":{"start":{"line":36,"column":0},"end":{"line":36,"column":40}},"37":{"start":{"line":38,"column":0},"end":{"line":38,"column":29}},"38":{"start":{"line":39,"column":0},"end":{"line":39,"column":9}},"39":{"start":{"line":40,"column":0},"end":{"line":40,"column":10}},"40":{"start":{"line":41,"column":0},"end":{"line":41,"column":11}},"41":{"start":{"line":42,"column":0},"end":{"line":42,"column":28}},"42":{"start":{"line":43,"column":0},"end":{"line":43,"column":18}},"43":{"start":{"line":44,"column":0},"end":{"line":44,"column":24}},"44":{"start":{"line":45,"column":0},"end":{"line":45,"column":51}},"45":{"start":{"line":46,"column":0},"end":{"line":46,"column":8}},"46":{"start":{"line":47,"column":0},"end":{"line":47,"column":6}},"48":{"start":{"line":49,"column":0},"end":{"line":49,"column":33}},"49":{"start":{"line":50,"column":0},"end":{"line":50,"column":39}},"51":{"start":{"line":52,"column":0},"end":{"line":52,"column":43}},"52":{"start":{"line":53,"column":0},"end":{"line":53,"column":9}},"53":{"start":{"line":54,"column":0},"end":{"line":54,"column":11}},"54":{"start":{"line":55,"column":0},"end":{"line":55,"column":18}},"55":{"start":{"line":56,"column":0},"end":{"line":56,"column":33}},"56":{"start":{"line":57,"column":0},"end":{"line":57,"column":7}},"58":{"start":{"line":59,"column":0},"end":{"line":59,"column":18}},"59":{"start":{"line":60,"column":0},"end":{"line":60,"column":3}},"64":{"start":{"line":65,"column":0},"end":{"line":65,"column":50}},"65":{"start":{"line":66,"column":0},"end":{"line":66,"column":40}},"66":{"start":{"line":67,"column":0},"end":{"line":67,"column":46}},"68":{"start":{"line":69,"column":0},"end":{"line":69,"column":14}},"69":{"start":{"line":70,"column":0},"end":{"line":70,"column":14}},"70":{"start":{"line":71,"column":0},"end":{"line":71,"column":23}},"71":{"start":{"line":72,"column":0},"end":{"line":72,"column":33}},"72":{"start":{"line":73,"column":0},"end":{"line":73,"column":8}},"73":{"start":{"line":74,"column":0},"end":{"line":74,"column":5}},"75":{"start":{"line":76,"column":0},"end":{"line":76,"column":40}},"76":{"start":{"line":77,"column":0},"end":{"line":77,"column":18}},"77":{"start":{"line":78,"column":0},"end":{"line":78,"column":14}},"78":{"start":{"line":79,"column":0},"end":{"line":79,"column":23}},"79":{"start":{"line":80,"column":0},"end":{"line":80,"column":35}},"80":{"start":{"line":81,"column":0},"end":{"line":81,"column":8}},"81":{"start":{"line":82,"column":0},"end":{"line":82,"column":5}},"84":{"start":{"line":85,"column":0},"end":{"line":85,"column":60}},"85":{"start":{"line":86,"column":0},"end":{"line":86,"column":14}},"86":{"start":{"line":87,"column":0},"end":{"line":87,"column":23}},"87":{"start":{"line":88,"column":0},"end":{"line":88,"column":37}},"88":{"start":{"line":89,"column":0},"end":{"line":89,"column":8}},"89":{"start":{"line":90,"column":0},"end":{"line":90,"column":5}},"92":{"start":{"line":93,"column":0},"end":{"line":93,"column":35}},"94":{"start":{"line":95,"column":0},"end":{"line":95,"column":12}},"95":{"start":{"line":96,"column":0},"end":{"line":96,"column":20}},"96":{"start":{"line":97,"column":0},"end":{"line":97,"column":12}},"97":{"start":{"line":98,"column":0},"end":{"line":98,"column":18}},"98":{"start":{"line":99,"column":0},"end":{"line":99,"column":56}},"99":{"start":{"line":100,"column":0},"end":{"line":100,"column":7}},"100":{"start":{"line":101,"column":0},"end":{"line":101,"column":6}},"101":{"start":{"line":102,"column":0},"end":{"line":102,"column":3}},"106":{"start":{"line":107,"column":0},"end":{"line":107,"column":37}},"107":{"start":{"line":108,"column":0},"end":{"line":108,"column":40}},"108":{"start":{"line":109,"column":0},"end":{"line":109,"column":18}},"109":{"start":{"line":110,"column":0},"end":{"line":110,"column":19}},"110":{"start":{"line":111,"column":0},"end":{"line":111,"column":5}},"112":{"start":{"line":113,"column":0},"end":{"line":113,"column":47}},"113":{"start":{"line":114,"column":0},"end":{"line":114,"column":38}},"114":{"start":{"line":115,"column":0},"end":{"line":115,"column":28}},"116":{"start":{"line":117,"column":0},"end":{"line":117,"column":67}},"117":{"start":{"line":118,"column":0},"end":{"line":118,"column":16}},"118":{"start":{"line":119,"column":0},"end":{"line":119,"column":3}},"123":{"start":{"line":124,"column":0},"end":{"line":124,"column":41}},"124":{"start":{"line":125,"column":0},"end":{"line":125,"column":61}},"125":{"start":{"line":126,"column":0},"end":{"line":126,"column":20}},"126":{"start":{"line":127,"column":0},"end":{"line":127,"column":24}},"127":{"start":{"line":128,"column":0},"end":{"line":128,"column":34}},"128":{"start":{"line":129,"column":0},"end":{"line":129,"column":36}},"129":{"start":{"line":130,"column":0},"end":{"line":130,"column":34}},"130":{"start":{"line":131,"column":0},"end":{"line":131,"column":38}},"131":{"start":{"line":132,"column":0},"end":{"line":132,"column":31}},"132":{"start":{"line":133,"column":0},"end":{"line":133,"column":8}},"133":{"start":{"line":134,"column":0},"end":{"line":134,"column":3}},"138":{"start":{"line":139,"column":0},"end":{"line":139,"column":61}},"139":{"start":{"line":140,"column":0},"end":{"line":140,"column":43}},"140":{"start":{"line":141,"column":0},"end":{"line":141,"column":18}},"141":{"start":{"line":142,"column":0},"end":{"line":142,"column":19}},"142":{"start":{"line":143,"column":0},"end":{"line":143,"column":5}},"145":{"start":{"line":146,"column":0},"end":{"line":146,"column":43}},"146":{"start":{"line":147,"column":0},"end":{"line":147,"column":18}},"147":{"start":{"line":148,"column":0},"end":{"line":148,"column":5}},"150":{"start":{"line":151,"column":0},"end":{"line":151,"column":50}},"151":{"start":{"line":152,"column":0},"end":{"line":152,"column":18}},"152":{"start":{"line":153,"column":0},"end":{"line":153,"column":5}},"155":{"start":{"line":156,"column":0},"end":{"line":156,"column":45}},"156":{"start":{"line":157,"column":0},"end":{"line":157,"column":53}},"157":{"start":{"line":158,"column":0},"end":{"line":158,"column":64}},"158":{"start":{"line":159,"column":0},"end":{"line":159,"column":51}},"159":{"start":{"line":160,"column":0},"end":{"line":160,"column":20}},"160":{"start":{"line":161,"column":0},"end":{"line":161,"column":7}},"161":{"start":{"line":162,"column":0},"end":{"line":162,"column":5}},"163":{"start":{"line":164,"column":0},"end":{"line":164,"column":17}},"164":{"start":{"line":165,"column":0},"end":{"line":165,"column":3}},"169":{"start":{"line":170,"column":0},"end":{"line":170,"column":65}},"170":{"start":{"line":171,"column":0},"end":{"line":171,"column":40}},"171":{"start":{"line":172,"column":0},"end":{"line":172,"column":18}},"172":{"start":{"line":173,"column":0},"end":{"line":173,"column":19}},"173":{"start":{"line":174,"column":0},"end":{"line":174,"column":5}},"175":{"start":{"line":176,"column":0},"end":{"line":176,"column":37}},"176":{"start":{"line":177,"column":0},"end":{"line":177,"column":73}},"177":{"start":{"line":178,"column":0},"end":{"line":178,"column":16}},"178":{"start":{"line":179,"column":0},"end":{"line":179,"column":3}},"183":{"start":{"line":184,"column":0},"end":{"line":184,"column":44}},"184":{"start":{"line":185,"column":0},"end":{"line":185,"column":43}},"185":{"start":{"line":186,"column":0},"end":{"line":186,"column":21}},"186":{"start":{"line":187,"column":0},"end":{"line":187,"column":18}},"187":{"start":{"line":188,"column":0},"end":{"line":188,"column":5}},"190":{"start":{"line":191,"column":0},"end":{"line":191,"column":53}},"191":{"start":{"line":192,"column":0},"end":{"line":192,"column":41}},"194":{"start":{"line":195,"column":0},"end":{"line":195,"column":44}},"195":{"start":{"line":196,"column":0},"end":{"line":196,"column":46}},"198":{"start":{"line":199,"column":0},"end":{"line":199,"column":27}},"199":{"start":{"line":200,"column":0},"end":{"line":200,"column":37}},"200":{"start":{"line":201,"column":0},"end":{"line":201,"column":32}},"203":{"start":{"line":204,"column":0},"end":{"line":204,"column":42}},"205":{"start":{"line":206,"column":0},"end":{"line":206,"column":70}},"206":{"start":{"line":207,"column":0},"end":{"line":207,"column":21}},"207":{"start":{"line":208,"column":0},"end":{"line":208,"column":3}},"212":{"start":{"line":213,"column":0},"end":{"line":213,"column":39}},"214":{"start":{"line":215,"column":0},"end":{"line":215,"column":35}},"216":{"start":{"line":217,"column":0},"end":{"line":217,"column":40}},"217":{"start":{"line":218,"column":0},"end":{"line":218,"column":3}},"222":{"start":{"line":223,"column":0},"end":{"line":223,"column":32}},"223":{"start":{"line":224,"column":0},"end":{"line":224,"column":51}},"224":{"start":{"line":225,"column":0},"end":{"line":225,"column":3}},"229":{"start":{"line":230,"column":0},"end":{"line":230,"column":40}},"230":{"start":{"line":231,"column":0},"end":{"line":231,"column":58}},"231":{"start":{"line":232,"column":0},"end":{"line":232,"column":3}},"236":{"start":{"line":237,"column":0},"end":{"line":237,"column":33}},"237":{"start":{"line":238,"column":0},"end":{"line":238,"column":61}},"238":{"start":{"line":239,"column":0},"end":{"line":239,"column":16}},"239":{"start":{"line":240,"column":0},"end":{"line":240,"column":59}},"240":{"start":{"line":241,"column":0},"end":{"line":241,"column":20}},"241":{"start":{"line":242,"column":0},"end":{"line":242,"column":8}},"242":{"start":{"line":243,"column":0},"end":{"line":243,"column":3}},"248":{"start":{"line":249,"column":0},"end":{"line":249,"column":44}},"249":{"start":{"line":250,"column":0},"end":{"line":250,"column":30}},"250":{"start":{"line":251,"column":0},"end":{"line":251,"column":26}},"252":{"start":{"line":253,"column":0},"end":{"line":253,"column":33}},"253":{"start":{"line":254,"column":0},"end":{"line":254,"column":18}},"254":{"start":{"line":255,"column":0},"end":{"line":255,"column":48}},"255":{"start":{"line":256,"column":0},"end":{"line":256,"column":46}},"256":{"start":{"line":257,"column":0},"end":{"line":257,"column":78}},"257":{"start":{"line":258,"column":0},"end":{"line":258,"column":74}},"258":{"start":{"line":259,"column":0},"end":{"line":259,"column":10}},"260":{"start":{"line":261,"column":0},"end":{"line":261,"column":44}},"263":{"start":{"line":264,"column":0},"end":{"line":264,"column":56}},"264":{"start":{"line":265,"column":0},"end":{"line":265,"column":25}},"265":{"start":{"line":266,"column":0},"end":{"line":266,"column":28}},"266":{"start":{"line":267,"column":0},"end":{"line":267,"column":11}},"267":{"start":{"line":268,"column":0},"end":{"line":268,"column":7}},"268":{"start":{"line":269,"column":0},"end":{"line":269,"column":5}},"269":{"start":{"line":270,"column":0},"end":{"line":270,"column":3}},"270":{"start":{"line":271,"column":0},"end":{"line":271,"column":1}}},"s":{"0":1,"1":1,"20":1,"21":1,"22":48,"23":48,"28":1,"29":23,"30":23,"31":23,"32":23,"33":23,"34":23,"35":23,"37":23,"38":23,"39":23,"40":23,"41":23,"42":23,"43":23,"44":14,"45":14,"46":23,"48":23,"49":23,"51":23,"52":23,"53":23,"54":23,"55":23,"56":23,"58":23,"59":23,"64":1,"65":109,"66":109,"68":109,"69":4,"70":4,"71":4,"72":4,"73":4,"75":105,"76":109,"77":0,"78":0,"79":0,"80":0,"81":0,"84":109,"85":2,"86":2,"87":2,"88":2,"89":2,"92":103,"94":103,"95":103,"96":103,"97":103,"98":103,"99":103,"100":103,"101":109,"106":1,"107":4,"108":4,"109":2,"110":2,"112":2,"113":2,"114":2,"116":2,"117":2,"118":4,"123":1,"124":1,"125":2,"126":2,"127":2,"128":2,"129":2,"130":2,"131":2,"132":1,"133":1,"138":1,"139":10,"140":10,"141":0,"142":0,"145":10,"146":3,"147":3,"150":10,"151":2,"152":2,"155":5,"156":5,"157":5,"158":5,"159":3,"160":3,"161":5,"163":2,"164":10,"169":1,"170":0,"171":0,"172":0,"173":0,"175":0,"176":0,"177":0,"178":0,"183":1,"184":1,"185":1,"186":0,"187":0,"190":1,"191":1,"194":1,"195":1,"198":1,"199":1,"200":1,"203":1,"205":1,"206":1,"207":1,"212":1,"214":24,"216":24,"217":24,"222":1,"223":23,"224":23,"229":1,"230":136,"231":136,"236":1,"237":0,"238":0,"239":0,"240":0,"241":0,"242":0,"248":1,"249":0,"250":0,"252":0,"253":0,"254":0,"255":0,"256":0,"257":0,"258":0,"260":0,"263":0,"264":0,"265":0,"266":0,"267":0,"268":0,"269":0,"270":1},"branchMap":{"0":{"type":"branch","line":22,"loc":{"start":{"line":22,"column":10},"end":{"line":24,"column":71}},"locations":[{"start":{"line":22,"column":10},"end":{"line":24,"column":71}}]},"1":{"type":"branch","line":29,"loc":{"start":{"line":29,"column":2},"end":{"line":60,"column":3}},"locations":[{"start":{"line":29,"column":2},"end":{"line":60,"column":3}}]},"2":{"type":"branch","line":44,"loc":{"start":{"line":44,"column":10},"end":{"line":46,"column":8}},"locations":[{"start":{"line":44,"column":10},"end":{"line":46,"column":8}}]},"3":{"type":"branch","line":65,"loc":{"start":{"line":65,"column":2},"end":{"line":102,"column":3}},"locations":[{"start":{"line":65,"column":2},"end":{"line":102,"column":3}}]},"4":{"type":"branch","line":69,"loc":{"start":{"line":69,"column":13},"end":{"line":77,"column":17}},"locations":[{"start":{"line":69,"column":13},"end":{"line":77,"column":17}}]},"5":{"type":"branch","line":69,"loc":{"start":{"line":69,"column":13},"end":{"line":74,"column":5}},"locations":[{"start":{"line":69,"column":13},"end":{"line":74,"column":5}}]},"6":{"type":"branch","line":74,"loc":{"start":{"line":74,"column":4},"end":{"line":77,"column":17}},"locations":[{"start":{"line":74,"column":4},"end":{"line":77,"column":17}}]},"7":{"type":"branch","line":77,"loc":{"start":{"line":77,"column":17},"end":{"line":82,"column":5}},"locations":[{"start":{"line":77,"column":17},"end":{"line":82,"column":5}}]},"8":{"type":"branch","line":82,"loc":{"start":{"line":82,"column":4},"end":{"line":85,"column":59}},"locations":[{"start":{"line":82,"column":4},"end":{"line":85,"column":59}}]},"9":{"type":"branch","line":82,"loc":{"start":{"line":82,"column":4},"end":{"line":85,"column":28}},"locations":[{"start":{"line":82,"column":4},"end":{"line":85,"column":28}}]},"10":{"type":"branch","line":85,"loc":{"start":{"line":85,"column":15},"end":{"line":85,"column":59}},"locations":[{"start":{"line":85,"column":15},"end":{"line":85,"column":59}}]},"11":{"type":"branch","line":85,"loc":{"start":{"line":85,"column":59},"end":{"line":90,"column":5}},"locations":[{"start":{"line":85,"column":59},"end":{"line":90,"column":5}}]},"12":{"type":"branch","line":90,"loc":{"start":{"line":90,"column":4},"end":{"line":101,"column":6}},"locations":[{"start":{"line":90,"column":4},"end":{"line":101,"column":6}}]},"13":{"type":"branch","line":107,"loc":{"start":{"line":107,"column":2},"end":{"line":119,"column":3}},"locations":[{"start":{"line":107,"column":2},"end":{"line":119,"column":3}}]},"14":{"type":"branch","line":109,"loc":{"start":{"line":109,"column":17},"end":{"line":118,"column":16}},"locations":[{"start":{"line":109,"column":17},"end":{"line":118,"column":16}}]},"15":{"type":"branch","line":124,"loc":{"start":{"line":124,"column":2},"end":{"line":134,"column":3}},"locations":[{"start":{"line":124,"column":2},"end":{"line":134,"column":3}}]},"16":{"type":"branch","line":125,"loc":{"start":{"line":125,"column":49},"end":{"line":133,"column":6}},"locations":[{"start":{"line":125,"column":49},"end":{"line":133,"column":6}}]},"17":{"type":"branch","line":139,"loc":{"start":{"line":139,"column":2},"end":{"line":165,"column":3}},"locations":[{"start":{"line":139,"column":2},"end":{"line":165,"column":3}}]},"18":{"type":"branch","line":141,"loc":{"start":{"line":141,"column":17},"end":{"line":143,"column":5}},"locations":[{"start":{"line":141,"column":17},"end":{"line":143,"column":5}}]},"19":{"type":"branch","line":146,"loc":{"start":{"line":146,"column":42},"end":{"line":148,"column":5}},"locations":[{"start":{"line":146,"column":42},"end":{"line":148,"column":5}}]},"20":{"type":"branch","line":148,"loc":{"start":{"line":148,"column":4},"end":{"line":151,"column":49}},"locations":[{"start":{"line":148,"column":4},"end":{"line":151,"column":49}}]},"21":{"type":"branch","line":151,"loc":{"start":{"line":151,"column":49},"end":{"line":153,"column":5}},"locations":[{"start":{"line":151,"column":49},"end":{"line":153,"column":5}}]},"22":{"type":"branch","line":153,"loc":{"start":{"line":153,"column":4},"end":{"line":162,"column":5}},"locations":[{"start":{"line":153,"column":4},"end":{"line":162,"column":5}}]},"23":{"type":"branch","line":159,"loc":{"start":{"line":159,"column":50},"end":{"line":161,"column":7}},"locations":[{"start":{"line":159,"column":50},"end":{"line":161,"column":7}}]},"24":{"type":"branch","line":162,"loc":{"start":{"line":162,"column":4},"end":{"line":164,"column":17}},"locations":[{"start":{"line":162,"column":4},"end":{"line":164,"column":17}}]},"25":{"type":"branch","line":184,"loc":{"start":{"line":184,"column":2},"end":{"line":208,"column":3}},"locations":[{"start":{"line":184,"column":2},"end":{"line":208,"column":3}}]},"26":{"type":"branch","line":186,"loc":{"start":{"line":186,"column":20},"end":{"line":188,"column":5}},"locations":[{"start":{"line":186,"column":20},"end":{"line":188,"column":5}}]},"27":{"type":"branch","line":213,"loc":{"start":{"line":213,"column":10},"end":{"line":218,"column":3}},"locations":[{"start":{"line":213,"column":10},"end":{"line":218,"column":3}}]},"28":{"type":"branch","line":223,"loc":{"start":{"line":223,"column":10},"end":{"line":225,"column":3}},"locations":[{"start":{"line":223,"column":10},"end":{"line":225,"column":3}}]},"29":{"type":"branch","line":230,"loc":{"start":{"line":230,"column":10},"end":{"line":232,"column":3}},"locations":[{"start":{"line":230,"column":10},"end":{"line":232,"column":3}}]}},"b":{"0":[48],"1":[23],"2":[14],"3":[109],"4":[106],"5":[4],"6":[105],"7":[0],"8":[108],"9":[105],"10":[103],"11":[2],"12":[103],"13":[4],"14":[2],"15":[1],"16":[2],"17":[10],"18":[0],"19":[3],"20":[7],"21":[2],"22":[5],"23":[3],"24":[2],"25":[1],"26":[0],"27":[24],"28":[23],"29":[136]},"fnMap":{"0":{"name":"<instance_members_initializer>","decl":{"start":{"line":22,"column":10},"end":{"line":24,"column":71}},"loc":{"start":{"line":22,"column":10},"end":{"line":24,"column":71}},"line":22},"1":{"name":"generateApiKey","decl":{"start":{"line":29,"column":2},"end":{"line":60,"column":3}},"loc":{"start":{"line":29,"column":2},"end":{"line":60,"column":3}},"line":29},"2":{"name":"validateApiKey","decl":{"start":{"line":65,"column":2},"end":{"line":102,"column":3}},"loc":{"start":{"line":65,"column":2},"end":{"line":102,"column":3}},"line":65},"3":{"name":"revokeApiKey","decl":{"start":{"line":107,"column":2},"end":{"line":119,"column":3}},"loc":{"start":{"line":107,"column":2},"end":{"line":119,"column":3}},"line":107},"4":{"name":"listApiKeys","decl":{"start":{"line":124,"column":2},"end":{"line":134,"column":3}},"loc":{"start":{"line":124,"column":2},"end":{"line":134,"column":3}},"line":124},"5":{"name":"hasPermission","decl":{"start":{"line":139,"column":2},"end":{"line":165,"column":3}},"loc":{"start":{"line":139,"column":2},"end":{"line":165,"column":3}},"line":139},"6":{"name":"updatePermissions","decl":{"start":{"line":170,"column":2},"end":{"line":179,"column":3}},"loc":{"start":{"line":170,"column":2},"end":{"line":179,"column":3}},"line":170},"7":{"name":"rotateApiKey","decl":{"start":{"line":184,"column":2},"end":{"line":208,"column":3}},"loc":{"start":{"line":184,"column":2},"end":{"line":208,"column":3}},"line":184},"8":{"name":"generateSecureKey","decl":{"start":{"line":213,"column":10},"end":{"line":218,"column":3}},"loc":{"start":{"line":213,"column":10},"end":{"line":218,"column":3}},"line":213},"9":{"name":"generateId","decl":{"start":{"line":223,"column":10},"end":{"line":225,"column":3}},"loc":{"start":{"line":223,"column":10},"end":{"line":225,"column":3}},"line":223},"10":{"name":"hashKey","decl":{"start":{"line":230,"column":10},"end":{"line":232,"column":3}},"loc":{"start":{"line":230,"column":10},"end":{"line":232,"column":3}},"line":230},"11":{"name":"exportForPersistence","decl":{"start":{"line":237,"column":2},"end":{"line":243,"column":3}},"loc":{"start":{"line":237,"column":2},"end":{"line":243,"column":3}},"line":237},"12":{"name":"importFromPersistence","decl":{"start":{"line":249,"column":2},"end":{"line":270,"column":3}},"loc":{"start":{"line":249,"column":2},"end":{"line":270,"column":3}},"line":249}},"f":{"0":48,"1":23,"2":109,"3":4,"4":1,"5":10,"6":0,"7":1,"8":24,"9":23,"10":136,"11":0,"12":0}}
,"/home/wes/retro-n8n-mcp/src/security/AuditLogger.ts": {"path":"/home/wes/retro-n8n-mcp/src/security/AuditLogger.ts","all":false,"statementMap":{"0":{"start":{"line":1,"column":0},"end":{"line":1,"column":44}},"34":{"start":{"line":35,"column":0},"end":{"line":35,"column":26}},"35":{"start":{"line":36,"column":0},"end":{"line":36,"column":45}},"36":{"start":{"line":37,"column":0},"end":{"line":37,"column":37}},"37":{"start":{"line":38,"column":0},"end":{"line":38,"column":28}},"38":{"start":{"line":39,"column":0},"end":{"line":39,"column":63}},"40":{"start":{"line":41,"column":0},"end":{"line":41,"column":34}},"41":{"start":{"line":42,"column":0},"end":{"line":42,"column":31}},"42":{"start":{"line":43,"column":0},"end":{"line":43,"column":3}},"47":{"start":{"line":48,"column":0},"end":{"line":48,"column":64}},"48":{"start":{"line":49,"column":0},"end":{"line":49,"column":37}},"49":{"start":{"line":50,"column":0},"end":{"line":50,"column":33}},"50":{"start":{"line":51,"column":0},"end":{"line":51,"column":28}},"51":{"start":{"line":52,"column":0},"end":{"line":52,"column":14}},"52":{"start":{"line":53,"column":0},"end":{"line":53,"column":6}},"55":{"start":{"line":56,"column":0},"end":{"line":56,"column":33}},"58":{"start":{"line":59,"column":0},"end":{"line":59,"column":46}},"59":{"start":{"line":60,"column":0},"end":{"line":60,"column":55}},"60":{"start":{"line":61,"column":0},"end":{"line":61,"column":5}},"63":{"start":{"line":64,"column":0},"end":{"line":64,"column":60}},"64":{"start":{"line":65,"column":0},"end":{"line":65,"column":64}},"66":{"start":{"line":67,"column":0},"end":{"line":67,"column":59}},"67":{"start":{"line":68,"column":0},"end":{"line":68,"column":27}},"68":{"start":{"line":69,"column":0},"end":{"line":69,"column":31}},"69":{"start":{"line":70,"column":0},"end":{"line":70,"column":31}},"70":{"start":{"line":71,"column":0},"end":{"line":71,"column":26}},"71":{"start":{"line":72,"column":0},"end":{"line":72,"column":7}},"74":{"start":{"line":75,"column":0},"end":{"line":75,"column":43}},"75":{"start":{"line":76,"column":0},"end":{"line":76,"column":11}},"76":{"start":{"line":77,"column":0},"end":{"line":77,"column":28}},"77":{"start":{"line":78,"column":0},"end":{"line":78,"column":23}},"78":{"start":{"line":79,"column":0},"end":{"line":79,"column":69}},"79":{"start":{"line":80,"column":0},"end":{"line":80,"column":7}},"80":{"start":{"line":81,"column":0},"end":{"line":81,"column":7}},"81":{"start":{"line":82,"column":0},"end":{"line":82,"column":3}},"86":{"start":{"line":87,"column":0},"end":{"line":87,"column":13}},"87":{"start":{"line":88,"column":0},"end":{"line":88,"column":19}},"88":{"start":{"line":89,"column":0},"end":{"line":89,"column":14}},"95":{"start":{"line":96,"column":0},"end":{"line":96,"column":11}},"96":{"start":{"line":97,"column":0},"end":{"line":97,"column":19}},"97":{"start":{"line":98,"column":0},"end":{"line":98,"column":13}},"98":{"start":{"line":99,"column":0},"end":{"line":99,"column":24}},"99":{"start":{"line":100,"column":0},"end":{"line":100,"column":16}},"100":{"start":{"line":101,"column":0},"end":{"line":101,"column":7}},"101":{"start":{"line":102,"column":0},"end":{"line":102,"column":3}},"106":{"start":{"line":107,"column":0},"end":{"line":107,"column":13}},"107":{"start":{"line":108,"column":0},"end":{"line":108,"column":19}},"108":{"start":{"line":109,"column":0},"end":{"line":109,"column":26}},"109":{"start":{"line":110,"column":0},"end":{"line":110,"column":14}},"115":{"start":{"line":116,"column":0},"end":{"line":116,"column":11}},"116":{"start":{"line":117,"column":0},"end":{"line":117,"column":19}},"117":{"start":{"line":118,"column":0},"end":{"line":118,"column":13}},"118":{"start":{"line":119,"column":0},"end":{"line":119,"column":24}},"119":{"start":{"line":120,"column":0},"end":{"line":120,"column":16}},"120":{"start":{"line":121,"column":0},"end":{"line":121,"column":62}},"121":{"start":{"line":122,"column":0},"end":{"line":122,"column":63}},"122":{"start":{"line":123,"column":0},"end":{"line":123,"column":8}},"123":{"start":{"line":124,"column":0},"end":{"line":124,"column":16}},"124":{"start":{"line":125,"column":0},"end":{"line":125,"column":7}},"125":{"start":{"line":126,"column":0},"end":{"line":126,"column":3}},"130":{"start":{"line":131,"column":0},"end":{"line":131,"column":12}},"131":{"start":{"line":132,"column":0},"end":{"line":132,"column":19}},"132":{"start":{"line":133,"column":0},"end":{"line":133,"column":19}},"133":{"start":{"line":134,"column":0},"end":{"line":134,"column":14}},"139":{"start":{"line":140,"column":0},"end":{"line":140,"column":11}},"140":{"start":{"line":141,"column":0},"end":{"line":141,"column":19}},"141":{"start":{"line":142,"column":0},"end":{"line":142,"column":13}},"142":{"start":{"line":143,"column":0},"end":{"line":143,"column":23}},"143":{"start":{"line":144,"column":0},"end":{"line":144,"column":26}},"144":{"start":{"line":145,"column":0},"end":{"line":145,"column":16}},"145":{"start":{"line":146,"column":0},"end":{"line":146,"column":7}},"146":{"start":{"line":147,"column":0},"end":{"line":147,"column":3}},"151":{"start":{"line":152,"column":0},"end":{"line":152,"column":50}},"152":{"start":{"line":153,"column":0},"end":{"line":153,"column":35}},"155":{"start":{"line":156,"column":0},"end":{"line":156,"column":23}},"156":{"start":{"line":157,"column":0},"end":{"line":157,"column":63}},"157":{"start":{"line":158,"column":0},"end":{"line":158,"column":5}},"159":{"start":{"line":160,"column":0},"end":{"line":160,"column":25}},"160":{"start":{"line":161,"column":0},"end":{"line":161,"column":67}},"161":{"start":{"line":162,"column":0},"end":{"line":162,"column":5}},"163":{"start":{"line":164,"column":0},"end":{"line":164,"column":23}},"164":{"start":{"line":165,"column":0},"end":{"line":165,"column":63}},"165":{"start":{"line":166,"column":0},"end":{"line":166,"column":5}},"167":{"start":{"line":168,"column":0},"end":{"line":168,"column":29}},"168":{"start":{"line":169,"column":0},"end":{"line":169,"column":77}},"169":{"start":{"line":170,"column":0},"end":{"line":170,"column":5}},"171":{"start":{"line":172,"column":0},"end":{"line":172,"column":27}},"172":{"start":{"line":173,"column":0},"end":{"line":173,"column":73}},"173":{"start":{"line":174,"column":0},"end":{"line":174,"column":5}},"175":{"start":{"line":176,"column":0},"end":{"line":176,"column":23}},"176":{"start":{"line":177,"column":0},"end":{"line":177,"column":63}},"177":{"start":{"line":178,"column":0},"end":{"line":178,"column":5}},"179":{"start":{"line":180,"column":0},"end":{"line":180,"column":26}},"180":{"start":{"line":181,"column":0},"end":{"line":181,"column":68}},"181":{"start":{"line":182,"column":0},"end":{"line":182,"column":5}},"183":{"start":{"line":184,"column":0},"end":{"line":184,"column":24}},"184":{"start":{"line":185,"column":0},"end":{"line":185,"column":66}},"185":{"start":{"line":186,"column":0},"end":{"line":186,"column":5}},"188":{"start":{"line":189,"column":0},"end":{"line":189,"column":74}},"191":{"start":{"line":192,"column":0},"end":{"line":192,"column":22}},"192":{"start":{"line":193,"column":0},"end":{"line":193,"column":46}},"193":{"start":{"line":194,"column":0},"end":{"line":194,"column":5}},"195":{"start":{"line":196,"column":0},"end":{"line":196,"column":19}},"196":{"start":{"line":197,"column":0},"end":{"line":197,"column":3}},"202":{"start":{"line":203,"column":0},"end":{"line":203,"column":64}},"203":{"start":{"line":204,"column":0},"end":{"line":204,"column":37}},"204":{"start":{"line":205,"column":0},"end":{"line":205,"column":3}},"209":{"start":{"line":210,"column":0},"end":{"line":210,"column":67}},"210":{"start":{"line":211,"column":0},"end":{"line":211,"column":54}},"211":{"start":{"line":212,"column":0},"end":{"line":212,"column":23}},"212":{"start":{"line":213,"column":0},"end":{"line":213,"column":42}},"213":{"start":{"line":214,"column":0},"end":{"line":214,"column":5}},"214":{"start":{"line":215,"column":0},"end":{"line":215,"column":3}},"219":{"start":{"line":220,"column":0},"end":{"line":220,"column":38}},"223":{"start":{"line":224,"column":0},"end":{"line":224,"column":5}},"224":{"start":{"line":225,"column":0},"end":{"line":225,"column":12}},"225":{"start":{"line":226,"column":0},"end":{"line":226,"column":65}},"226":{"start":{"line":227,"column":0},"end":{"line":227,"column":29}},"227":{"start":{"line":228,"column":0},"end":{"line":228,"column":20}},"228":{"start":{"line":229,"column":0},"end":{"line":229,"column":6}},"229":{"start":{"line":230,"column":0},"end":{"line":230,"column":3}},"234":{"start":{"line":235,"column":0},"end":{"line":235,"column":45}},"236":{"start":{"line":237,"column":0},"end":{"line":237,"column":46}},"237":{"start":{"line":238,"column":0},"end":{"line":238,"column":11}},"238":{"start":{"line":239,"column":0},"end":{"line":239,"column":38}},"239":{"start":{"line":240,"column":0},"end":{"line":240,"column":8}},"242":{"start":{"line":243,"column":0},"end":{"line":243,"column":41}},"245":{"start":{"line":246,"column":0},"end":{"line":246,"column":78}},"248":{"start":{"line":249,"column":0},"end":{"line":249,"column":46}},"249":{"start":{"line":250,"column":0},"end":{"line":250,"column":55}},"250":{"start":{"line":251,"column":0},"end":{"line":251,"column":5}},"252":{"start":{"line":253,"column":0},"end":{"line":253,"column":63}},"253":{"start":{"line":254,"column":0},"end":{"line":254,"column":3}},"258":{"start":{"line":259,"column":0},"end":{"line":259,"column":44}},"259":{"start":{"line":260,"column":0},"end":{"line":260,"column":45}},"260":{"start":{"line":261,"column":0},"end":{"line":261,"column":68}},"261":{"start":{"line":262,"column":0},"end":{"line":262,"column":55}},"263":{"start":{"line":264,"column":0},"end":{"line":264,"column":22}},"264":{"start":{"line":265,"column":0},"end":{"line":265,"column":62}},"265":{"start":{"line":266,"column":0},"end":{"line":266,"column":5}},"267":{"start":{"line":268,"column":0},"end":{"line":268,"column":19}},"268":{"start":{"line":269,"column":0},"end":{"line":269,"column":3}},"273":{"start":{"line":274,"column":0},"end":{"line":274,"column":37}},"274":{"start":{"line":275,"column":0},"end":{"line":275,"column":73}},"275":{"start":{"line":276,"column":0},"end":{"line":276,"column":3}},"280":{"start":{"line":281,"column":0},"end":{"line":281,"column":82}},"281":{"start":{"line":282,"column":0},"end":{"line":282,"column":58}},"282":{"start":{"line":283,"column":0},"end":{"line":283,"column":3}},"287":{"start":{"line":288,"column":0},"end":{"line":288,"column":63}},"288":{"start":{"line":289,"column":0},"end":{"line":289,"column":47}},"289":{"start":{"line":290,"column":0},"end":{"line":290,"column":3}},"294":{"start":{"line":295,"column":0},"end":{"line":295,"column":31}},"298":{"start":{"line":299,"column":0},"end":{"line":299,"column":5}},"299":{"start":{"line":300,"column":0},"end":{"line":300,"column":61}},"300":{"start":{"line":301,"column":0},"end":{"line":301,"column":64}},"301":{"start":{"line":302,"column":0},"end":{"line":302,"column":69}},"302":{"start":{"line":303,"column":0},"end":{"line":303,"column":77}},"305":{"start":{"line":306,"column":0},"end":{"line":306,"column":53}},"306":{"start":{"line":307,"column":0},"end":{"line":307,"column":52}},"307":{"start":{"line":308,"column":0},"end":{"line":308,"column":51}},"309":{"start":{"line":310,"column":0},"end":{"line":310,"column":35}},"310":{"start":{"line":311,"column":0},"end":{"line":311,"column":68}},"312":{"start":{"line":313,"column":0},"end":{"line":313,"column":39}},"313":{"start":{"line":314,"column":0},"end":{"line":314,"column":76}},"314":{"start":{"line":315,"column":0},"end":{"line":315,"column":7}},"316":{"start":{"line":317,"column":0},"end":{"line":317,"column":38}},"317":{"start":{"line":318,"column":0},"end":{"line":318,"column":74}},"318":{"start":{"line":319,"column":0},"end":{"line":319,"column":7}},"320":{"start":{"line":321,"column":0},"end":{"line":321,"column":80}},"321":{"start":{"line":322,"column":0},"end":{"line":322,"column":7}},"324":{"start":{"line":325,"column":0},"end":{"line":325,"column":52}},"325":{"start":{"line":326,"column":0},"end":{"line":326,"column":20}},"326":{"start":{"line":327,"column":0},"end":{"line":327,"column":66}},"327":{"start":{"line":328,"column":0},"end":{"line":328,"column":21}},"328":{"start":{"line":329,"column":0},"end":{"line":329,"column":23}},"329":{"start":{"line":330,"column":0},"end":{"line":330,"column":78}},"330":{"start":{"line":331,"column":0},"end":{"line":331,"column":9}},"331":{"start":{"line":332,"column":0},"end":{"line":332,"column":9}},"334":{"start":{"line":335,"column":0},"end":{"line":335,"column":46}},"335":{"start":{"line":336,"column":0},"end":{"line":336,"column":23}},"336":{"start":{"line":337,"column":0},"end":{"line":337,"column":123}},"337":{"start":{"line":338,"column":0},"end":{"line":338,"column":7}},"338":{"start":{"line":339,"column":0},"end":{"line":339,"column":7}},"341":{"start":{"line":342,"column":0},"end":{"line":342,"column":51}},"342":{"start":{"line":343,"column":0},"end":{"line":343,"column":20}},"343":{"start":{"line":344,"column":0},"end":{"line":344,"column":41}},"344":{"start":{"line":345,"column":0},"end":{"line":345,"column":21}},"345":{"start":{"line":346,"column":0},"end":{"line":346,"column":23}},"346":{"start":{"line":347,"column":0},"end":{"line":347,"column":76}},"347":{"start":{"line":348,"column":0},"end":{"line":348,"column":9}},"348":{"start":{"line":349,"column":0},"end":{"line":349,"column":9}},"351":{"start":{"line":352,"column":0},"end":{"line":352,"column":45}},"352":{"start":{"line":353,"column":0},"end":{"line":353,"column":24}},"353":{"start":{"line":354,"column":0},"end":{"line":354,"column":121}},"354":{"start":{"line":355,"column":0},"end":{"line":355,"column":7}},"355":{"start":{"line":356,"column":0},"end":{"line":356,"column":7}},"358":{"start":{"line":359,"column":0},"end":{"line":359,"column":62}},"359":{"start":{"line":360,"column":0},"end":{"line":360,"column":41}},"360":{"start":{"line":361,"column":0},"end":{"line":361,"column":58}},"361":{"start":{"line":362,"column":0},"end":{"line":362,"column":47}},"363":{"start":{"line":364,"column":0},"end":{"line":364,"column":60}},"364":{"start":{"line":365,"column":0},"end":{"line":365,"column":41}},"365":{"start":{"line":366,"column":0},"end":{"line":366,"column":56}},"366":{"start":{"line":367,"column":0},"end":{"line":367,"column":45}},"369":{"start":{"line":370,"column":0},"end":{"line":370,"column":49}},"370":{"start":{"line":371,"column":0},"end":{"line":371,"column":100}},"371":{"start":{"line":372,"column":0},"end":{"line":372,"column":10}},"373":{"start":{"line":374,"column":0},"end":{"line":374,"column":61}},"374":{"start":{"line":375,"column":0},"end":{"line":375,"column":71}},"375":{"start":{"line":376,"column":0},"end":{"line":376,"column":52}},"376":{"start":{"line":377,"column":0},"end":{"line":377,"column":41}},"378":{"start":{"line":379,"column":0},"end":{"line":379,"column":12}},"379":{"start":{"line":380,"column":0},"end":{"line":380,"column":20}},"380":{"start":{"line":381,"column":0},"end":{"line":381,"column":19}},"381":{"start":{"line":382,"column":0},"end":{"line":382,"column":20}},"382":{"start":{"line":383,"column":0},"end":{"line":383,"column":6}},"383":{"start":{"line":384,"column":0},"end":{"line":384,"column":3}},"388":{"start":{"line":389,"column":0},"end":{"line":389,"column":50}},"395":{"start":{"line":396,"column":0},"end":{"line":396,"column":5}},"396":{"start":{"line":397,"column":0},"end":{"line":397,"column":60}},"398":{"start":{"line":399,"column":0},"end":{"line":399,"column":19}},"399":{"start":{"line":400,"column":0},"end":{"line":400,"column":33}},"400":{"start":{"line":401,"column":0},"end":{"line":401,"column":70}},"401":{"start":{"line":402,"column":0},"end":{"line":402,"column":70}},"402":{"start":{"line":403,"column":0},"end":{"line":403,"column":68}},"403":{"start":{"line":404,"column":0},"end":{"line":404,"column":52}},"404":{"start":{"line":405,"column":0},"end":{"line":405,"column":62}},"405":{"start":{"line":406,"column":0},"end":{"line":406,"column":6}},"408":{"start":{"line":409,"column":0},"end":{"line":409,"column":29}},"409":{"start":{"line":410,"column":0},"end":{"line":410,"column":91}},"410":{"start":{"line":411,"column":0},"end":{"line":411,"column":7}},"413":{"start":{"line":414,"column":0},"end":{"line":414,"column":49}},"414":{"start":{"line":415,"column":0},"end":{"line":415,"column":29}},"415":{"start":{"line":416,"column":0},"end":{"line":416,"column":25}},"416":{"start":{"line":417,"column":0},"end":{"line":417,"column":78}},"417":{"start":{"line":418,"column":0},"end":{"line":418,"column":7}},"418":{"start":{"line":419,"column":0},"end":{"line":419,"column":7}},"420":{"start":{"line":421,"column":0},"end":{"line":421,"column":53}},"421":{"start":{"line":422,"column":0},"end":{"line":422,"column":52}},"422":{"start":{"line":423,"column":0},"end":{"line":423,"column":40}},"423":{"start":{"line":424,"column":0},"end":{"line":424,"column":20}},"425":{"start":{"line":426,"column":0},"end":{"line":426,"column":17}},"426":{"start":{"line":427,"column":0},"end":{"line":427,"column":3}},"428":{"start":{"line":429,"column":0},"end":{"line":429,"column":1}}},"s":{"0":1,"34":1,"35":1,"36":55,"37":55,"38":55,"40":1,"41":55,"42":55,"47":1,"48":581,"49":581,"50":581,"51":581,"52":581,"55":581,"58":581,"59":50,"60":50,"63":581,"64":561,"66":581,"67":581,"68":581,"69":581,"70":581,"71":581,"74":581,"75":0,"76":0,"77":0,"78":0,"79":0,"80":581,"81":581,"86":1,"87":493,"88":493,"95":493,"96":493,"97":493,"98":493,"99":493,"100":493,"101":493,"106":1,"107":20,"108":20,"109":20,"115":20,"116":20,"117":20,"118":20,"119":20,"120":20,"121":20,"122":20,"123":20,"124":20,"125":20,"130":1,"131":67,"132":67,"133":67,"139":67,"140":67,"141":67,"142":67,"143":67,"144":67,"145":67,"146":67,"151":1,"152":80,"155":80,"156":3,"157":3,"159":80,"160":0,"161":0,"163":80,"164":7,"165":7,"167":80,"168":0,"169":0,"171":80,"172":0,"173":0,"175":80,"176":4,"177":4,"179":80,"180":59,"181":59,"183":80,"184":19,"185":19,"188":80,"191":80,"192":1,"193":1,"195":80,"196":80,"202":1,"203":0,"204":0,"209":1,"210":0,"211":0,"212":0,"213":0,"214":0,"219":1,"223":1,"224":1,"225":1,"226":1,"227":1,"228":1,"229":1,"234":1,"236":0,"237":0,"238":0,"239":0,"242":0,"245":0,"248":0,"249":0,"250":0,"252":0,"253":0,"258":1,"259":0,"260":0,"261":0,"263":0,"264":0,"265":0,"267":0,"268":0,"273":1,"274":581,"275":581,"280":1,"281":0,"282":0,"287":1,"288":0,"289":0,"294":1,"298":20,"299":20,"300":20,"301":20,"302":20,"305":20,"306":20,"307":20,"309":20,"310":61,"312":61,"313":10,"314":10,"316":61,"317":15,"318":15,"320":61,"321":20,"324":20,"325":20,"326":20,"327":20,"328":10,"329":10,"330":10,"331":20,"334":20,"335":1,"336":1,"337":1,"338":20,"341":20,"342":20,"343":20,"344":20,"345":15,"346":15,"347":15,"348":20,"351":20,"352":1,"353":1,"354":1,"355":20,"358":20,"359":20,"360":20,"361":20,"363":20,"364":20,"365":20,"366":20,"369":20,"370":5,"371":15,"373":20,"374":20,"375":20,"376":20,"378":20,"379":20,"380":20,"381":20,"382":20,"383":20,"388":1,"395":18,"396":18,"398":18,"399":18,"400":18,"401":18,"402":18,"403":18,"404":18,"405":18,"408":18,"409":17,"410":18,"413":18,"414":18,"415":17,"416":8,"417":8,"418":18,"420":18,"421":18,"422":18,"423":18,"425":18,"426":18,"428":1},"branchMap":{"0":{"type":"branch","line":36,"loc":{"start":{"line":36,"column":10},"end":{"line":39,"column":63}},"locations":[{"start":{"line":36,"column":10},"end":{"line":39,"column":63}}]},"1":{"type":"branch","line":41,"loc":{"start":{"line":41,"column":2},"end":{"line":43,"column":3}},"locations":[{"start":{"line":41,"column":2},"end":{"line":43,"column":3}}]},"2":{"type":"branch","line":48,"loc":{"start":{"line":48,"column":2},"end":{"line":82,"column":3}},"locations":[{"start":{"line":48,"column":2},"end":{"line":82,"column":3}}]},"3":{"type":"branch","line":59,"loc":{"start":{"line":59,"column":45},"end":{"line":61,"column":5}},"locations":[{"start":{"line":59,"column":45},"end":{"line":61,"column":5}}]},"4":{"type":"branch","line":64,"loc":{"start":{"line":64,"column":38},"end":{"line":64,"column":60}},"locations":[{"start":{"line":64,"column":38},"end":{"line":64,"column":60}}]},"5":{"type":"branch","line":64,"loc":{"start":{"line":64,"column":50},"end":{"line":65,"column":64}},"locations":[{"start":{"line":64,"column":50},"end":{"line":65,"column":64}}]},"6":{"type":"branch","line":65,"loc":{"start":{"line":65,"column":37},"end":{"line":65,"column":57}},"locations":[{"start":{"line":65,"column":37},"end":{"line":65,"column":57}}]},"7":{"type":"branch","line":65,"loc":{"start":{"line":65,"column":48},"end":{"line":65,"column":64}},"locations":[{"start":{"line":65,"column":48},"end":{"line":65,"column":64}}]},"8":{"type":"branch","line":87,"loc":{"start":{"line":87,"column":2},"end":{"line":102,"column":3}},"locations":[{"start":{"line":87,"column":2},"end":{"line":102,"column":3}}]},"9":{"type":"branch","line":107,"loc":{"start":{"line":107,"column":2},"end":{"line":126,"column":3}},"locations":[{"start":{"line":107,"column":2},"end":{"line":126,"column":3}}]},"10":{"type":"branch","line":121,"loc":{"start":{"line":121,"column":32},"end":{"line":121,"column":56}},"locations":[{"start":{"line":121,"column":32},"end":{"line":121,"column":56}}]},"11":{"type":"branch","line":122,"loc":{"start":{"line":122,"column":32},"end":{"line":122,"column":54}},"locations":[{"start":{"line":122,"column":32},"end":{"line":122,"column":54}}]},"12":{"type":"branch","line":131,"loc":{"start":{"line":131,"column":2},"end":{"line":147,"column":3}},"locations":[{"start":{"line":131,"column":2},"end":{"line":147,"column":3}}]},"13":{"type":"branch","line":152,"loc":{"start":{"line":152,"column":2},"end":{"line":197,"column":3}},"locations":[{"start":{"line":152,"column":2},"end":{"line":197,"column":3}}]},"14":{"type":"branch","line":156,"loc":{"start":{"line":156,"column":22},"end":{"line":158,"column":5}},"locations":[{"start":{"line":156,"column":22},"end":{"line":158,"column":5}}]},"15":{"type":"branch","line":160,"loc":{"start":{"line":160,"column":24},"end":{"line":162,"column":5}},"locations":[{"start":{"line":160,"column":24},"end":{"line":162,"column":5}}]},"16":{"type":"branch","line":164,"loc":{"start":{"line":164,"column":22},"end":{"line":166,"column":5}},"locations":[{"start":{"line":164,"column":22},"end":{"line":166,"column":5}}]},"17":{"type":"branch","line":168,"loc":{"start":{"line":168,"column":28},"end":{"line":170,"column":5}},"locations":[{"start":{"line":168,"column":28},"end":{"line":170,"column":5}}]},"18":{"type":"branch","line":172,"loc":{"start":{"line":172,"column":26},"end":{"line":174,"column":5}},"locations":[{"start":{"line":172,"column":26},"end":{"line":174,"column":5}}]},"19":{"type":"branch","line":176,"loc":{"start":{"line":176,"column":22},"end":{"line":178,"column":5}},"locations":[{"start":{"line":176,"column":22},"end":{"line":178,"column":5}}]},"20":{"type":"branch","line":180,"loc":{"start":{"line":180,"column":25},"end":{"line":182,"column":5}},"locations":[{"start":{"line":180,"column":25},"end":{"line":182,"column":5}}]},"21":{"type":"branch","line":184,"loc":{"start":{"line":184,"column":23},"end":{"line":186,"column":5}},"locations":[{"start":{"line":184,"column":23},"end":{"line":186,"column":5}}]},"22":{"type":"branch","line":192,"loc":{"start":{"line":192,"column":21},"end":{"line":194,"column":5}},"locations":[{"start":{"line":192,"column":21},"end":{"line":194,"column":5}}]},"23":{"type":"branch","line":157,"loc":{"start":{"line":157,"column":31},"end":{"line":157,"column":61}},"locations":[{"start":{"line":157,"column":31},"end":{"line":157,"column":61}}]},"24":{"type":"branch","line":165,"loc":{"start":{"line":165,"column":31},"end":{"line":165,"column":61}},"locations":[{"start":{"line":165,"column":31},"end":{"line":165,"column":61}}]},"25":{"type":"branch","line":177,"loc":{"start":{"line":177,"column":31},"end":{"line":177,"column":61}},"locations":[{"start":{"line":177,"column":31},"end":{"line":177,"column":61}}]},"26":{"type":"branch","line":181,"loc":{"start":{"line":181,"column":31},"end":{"line":181,"column":66}},"locations":[{"start":{"line":181,"column":31},"end":{"line":181,"column":66}}]},"27":{"type":"branch","line":185,"loc":{"start":{"line":185,"column":31},"end":{"line":185,"column":64}},"locations":[{"start":{"line":185,"column":31},"end":{"line":185,"column":64}}]},"28":{"type":"branch","line":189,"loc":{"start":{"line":189,"column":17},"end":{"line":189,"column":72}},"locations":[{"start":{"line":189,"column":17},"end":{"line":189,"column":72}}]},"29":{"type":"branch","line":220,"loc":{"start":{"line":220,"column":2},"end":{"line":230,"column":3}},"locations":[{"start":{"line":220,"column":2},"end":{"line":230,"column":3}}]},"30":{"type":"branch","line":226,"loc":{"start":{"line":226,"column":14},"end":{"line":226,"column":48}},"locations":[{"start":{"line":226,"column":14},"end":{"line":226,"column":48}}]},"31":{"type":"branch","line":274,"loc":{"start":{"line":274,"column":10},"end":{"line":276,"column":3}},"locations":[{"start":{"line":274,"column":10},"end":{"line":276,"column":3}}]},"32":{"type":"branch","line":295,"loc":{"start":{"line":295,"column":2},"end":{"line":384,"column":3}},"locations":[{"start":{"line":295,"column":2},"end":{"line":384,"column":3}}]},"33":{"type":"branch","line":370,"loc":{"start":{"line":370,"column":47},"end":{"line":371,"column":100}},"locations":[{"start":{"line":370,"column":47},"end":{"line":371,"column":100}}]},"34":{"type":"branch","line":371,"loc":{"start":{"line":371,"column":96},"end":{"line":372,"column":10}},"locations":[{"start":{"line":371,"column":96},"end":{"line":372,"column":10}}]},"35":{"type":"branch","line":310,"loc":{"start":{"line":310,"column":25},"end":{"line":322,"column":5}},"locations":[{"start":{"line":310,"column":25},"end":{"line":322,"column":5}}]},"36":{"type":"branch","line":311,"loc":{"start":{"line":311,"column":28},"end":{"line":311,"column":56}},"locations":[{"start":{"line":311,"column":28},"end":{"line":311,"column":56}}]},"37":{"type":"branch","line":311,"loc":{"start":{"line":311,"column":44},"end":{"line":311,"column":68}},"locations":[{"start":{"line":311,"column":44},"end":{"line":311,"column":68}}]},"38":{"type":"branch","line":313,"loc":{"start":{"line":313,"column":38},"end":{"line":315,"column":7}},"locations":[{"start":{"line":313,"column":38},"end":{"line":315,"column":7}}]},"39":{"type":"branch","line":314,"loc":{"start":{"line":314,"column":63},"end":{"line":314,"column":73}},"locations":[{"start":{"line":314,"column":63},"end":{"line":314,"column":73}}]},"40":{"type":"branch","line":317,"loc":{"start":{"line":317,"column":37},"end":{"line":319,"column":7}},"locations":[{"start":{"line":317,"column":37},"end":{"line":319,"column":7}}]},"41":{"type":"branch","line":318,"loc":{"start":{"line":318,"column":61},"end":{"line":318,"column":71}},"locations":[{"start":{"line":318,"column":61},"end":{"line":318,"column":71}}]},"42":{"type":"branch","line":321,"loc":{"start":{"line":321,"column":67},"end":{"line":321,"column":77}},"locations":[{"start":{"line":321,"column":67},"end":{"line":321,"column":77}}]},"43":{"type":"branch","line":327,"loc":{"start":{"line":327,"column":14},"end":{"line":327,"column":65}},"locations":[{"start":{"line":327,"column":14},"end":{"line":327,"column":65}}]},"44":{"type":"branch","line":327,"loc":{"start":{"line":327,"column":32},"end":{"line":327,"column":65}},"locations":[{"start":{"line":327,"column":32},"end":{"line":327,"column":65}}]},"45":{"type":"branch","line":328,"loc":{"start":{"line":328,"column":15},"end":{"line":332,"column":7}},"locations":[{"start":{"line":328,"column":15},"end":{"line":332,"column":7}}]},"46":{"type":"branch","line":330,"loc":{"start":{"line":330,"column":65},"end":{"line":330,"column":75}},"locations":[{"start":{"line":330,"column":65},"end":{"line":330,"column":75}}]},"47":{"type":"branch","line":335,"loc":{"start":{"line":335,"column":26},"end":{"line":339,"column":5}},"locations":[{"start":{"line":335,"column":26},"end":{"line":339,"column":5}}]},"48":{"type":"branch","line":337,"loc":{"start":{"line":337,"column":69},"end":{"line":337,"column":77}},"locations":[{"start":{"line":337,"column":69},"end":{"line":337,"column":77}}]},"49":{"type":"branch","line":344,"loc":{"start":{"line":344,"column":14},"end":{"line":344,"column":40}},"locations":[{"start":{"line":344,"column":14},"end":{"line":344,"column":40}}]},"50":{"type":"branch","line":345,"loc":{"start":{"line":345,"column":15},"end":{"line":349,"column":7}},"locations":[{"start":{"line":345,"column":15},"end":{"line":349,"column":7}}]},"51":{"type":"branch","line":347,"loc":{"start":{"line":347,"column":63},"end":{"line":347,"column":73}},"locations":[{"start":{"line":347,"column":63},"end":{"line":347,"column":73}}]},"52":{"type":"branch","line":352,"loc":{"start":{"line":352,"column":25},"end":{"line":356,"column":5}},"locations":[{"start":{"line":352,"column":25},"end":{"line":356,"column":5}}]},"53":{"type":"branch","line":354,"loc":{"start":{"line":354,"column":67},"end":{"line":354,"column":75}},"locations":[{"start":{"line":354,"column":67},"end":{"line":354,"column":75}}]},"54":{"type":"branch","line":360,"loc":{"start":{"line":360,"column":14},"end":{"line":360,"column":40}},"locations":[{"start":{"line":360,"column":14},"end":{"line":360,"column":40}}]},"55":{"type":"branch","line":361,"loc":{"start":{"line":361,"column":11},"end":{"line":361,"column":57}},"locations":[{"start":{"line":361,"column":11},"end":{"line":361,"column":57}}]},"56":{"type":"branch","line":365,"loc":{"start":{"line":365,"column":14},"end":{"line":365,"column":40}},"locations":[{"start":{"line":365,"column":14},"end":{"line":365,"column":40}}]},"57":{"type":"branch","line":366,"loc":{"start":{"line":366,"column":11},"end":{"line":366,"column":55}},"locations":[{"start":{"line":366,"column":11},"end":{"line":366,"column":55}}]},"58":{"type":"branch","line":371,"loc":{"start":{"line":371,"column":49},"end":{"line":371,"column":78}},"locations":[{"start":{"line":371,"column":49},"end":{"line":371,"column":78}}]},"59":{"type":"branch","line":375,"loc":{"start":{"line":375,"column":14},"end":{"line":375,"column":56}},"locations":[{"start":{"line":375,"column":14},"end":{"line":375,"column":56}}]},"60":{"type":"branch","line":376,"loc":{"start":{"line":376,"column":11},"end":{"line":376,"column":51}},"locations":[{"start":{"line":376,"column":11},"end":{"line":376,"column":51}}]},"61":{"type":"branch","line":389,"loc":{"start":{"line":389,"column":2},"end":{"line":427,"column":3}},"locations":[{"start":{"line":389,"column":2},"end":{"line":427,"column":3}}]},"62":{"type":"branch","line":401,"loc":{"start":{"line":401,"column":34},"end":{"line":401,"column":61}},"locations":[{"start":{"line":401,"column":34},"end":{"line":401,"column":61}}]},"63":{"type":"branch","line":402,"loc":{"start":{"line":402,"column":34},"end":{"line":402,"column":61}},"locations":[{"start":{"line":402,"column":34},"end":{"line":402,"column":61}}]},"64":{"type":"branch","line":403,"loc":{"start":{"line":403,"column":33},"end":{"line":403,"column":59}},"locations":[{"start":{"line":403,"column":33},"end":{"line":403,"column":59}}]},"65":{"type":"branch","line":409,"loc":{"start":{"line":409,"column":19},"end":{"line":411,"column":5}},"locations":[{"start":{"line":409,"column":19},"end":{"line":411,"column":5}}]},"66":{"type":"branch","line":410,"loc":{"start":{"line":410,"column":79},"end":{"line":410,"column":89}},"locations":[{"start":{"line":410,"column":79},"end":{"line":410,"column":89}}]},"67":{"type":"branch","line":415,"loc":{"start":{"line":415,"column":19},"end":{"line":419,"column":5}},"locations":[{"start":{"line":415,"column":19},"end":{"line":419,"column":5}}]},"68":{"type":"branch","line":416,"loc":{"start":{"line":416,"column":24},"end":{"line":418,"column":7}},"locations":[{"start":{"line":416,"column":24},"end":{"line":418,"column":7}}]},"69":{"type":"branch","line":417,"loc":{"start":{"line":417,"column":65},"end":{"line":417,"column":75}},"locations":[{"start":{"line":417,"column":65},"end":{"line":417,"column":75}}]},"70":{"type":"branch","line":422,"loc":{"start":{"line":422,"column":11},"end":{"line":422,"column":51}},"locations":[{"start":{"line":422,"column":11},"end":{"line":422,"column":51}}]},"71":{"type":"branch","line":423,"loc":{"start":{"line":423,"column":12},"end":{"line":423,"column":39}},"locations":[{"start":{"line":423,"column":12},"end":{"line":423,"column":39}}]}},"b":{"0":[55],"1":[55],"2":[581],"3":[50],"4":[20],"5":[561],"6":[67],"7":[494],"8":[493],"9":[20],"10":[0],"11":[0],"12":[67],"13":[80],"14":[3],"15":[0],"16":[7],"17":[0],"18":[0],"19":[4],"20":[59],"21":[19],"22":[1],"23":[15],"24":[21],"25":[18],"26":[144],"27":[22],"28":[269],"29":[1],"30":[0],"31":[581],"32":[20],"33":[5],"34":[15],"35":[61],"36":[9],"37":[4],"38":[10],"39":[1],"40":[15],"41":[1],"42":[14],"43":[61],"44":[10],"45":[10],"46":[1],"47":[1],"48":[0],"49":[61],"50":[15],"51":[1],"52":[1],"53":[0],"54":[1],"55":[1],"56":[1],"57":[1],"58":[14],"59":[14],"60":[1],"61":[18],"62":[17],"63":[17],"64":[17],"65":[17],"66":[10],"67":[17],"68":[8],"69":[6],"70":[6],"71":[4]},"fnMap":{"0":{"name":"<instance_members_initializer>","decl":{"start":{"line":36,"column":10},"end":{"line":39,"column":63}},"loc":{"start":{"line":36,"column":10},"end":{"line":39,"column":63}},"line":36},"1":{"name":"AuditLogger","decl":{"start":{"line":41,"column":2},"end":{"line":43,"column":3}},"loc":{"start":{"line":41,"column":2},"end":{"line":43,"column":3}},"line":41},"2":{"name":"logEvent","decl":{"start":{"line":48,"column":2},"end":{"line":82,"column":3}},"loc":{"start":{"line":48,"column":2},"end":{"line":82,"column":3}},"line":48},"3":{"name":"logSuccess","decl":{"start":{"line":87,"column":2},"end":{"line":102,"column":3}},"loc":{"start":{"line":87,"column":2},"end":{"line":102,"column":3}},"line":87},"4":{"name":"logFailure","decl":{"start":{"line":107,"column":2},"end":{"line":126,"column":3}},"loc":{"start":{"line":107,"column":2},"end":{"line":126,"column":3}},"line":107},"5":{"name":"logDenied","decl":{"start":{"line":131,"column":2},"end":{"line":147,"column":3}},"loc":{"start":{"line":131,"column":2},"end":{"line":147,"column":3}},"line":131},"6":{"name":"queryEvents","decl":{"start":{"line":152,"column":2},"end":{"line":197,"column":3}},"loc":{"start":{"line":152,"column":2},"end":{"line":197,"column":3}},"line":152},"7":{"name":"addEventHandler","decl":{"start":{"line":203,"column":2},"end":{"line":205,"column":3}},"loc":{"start":{"line":203,"column":2},"end":{"line":205,"column":3}},"line":203},"8":{"name":"removeEventHandler","decl":{"start":{"line":210,"column":2},"end":{"line":215,"column":3}},"loc":{"start":{"line":210,"column":2},"end":{"line":215,"column":3}},"line":210},"9":{"name":"exportEvents","decl":{"start":{"line":220,"column":2},"end":{"line":230,"column":3}},"loc":{"start":{"line":220,"column":2},"end":{"line":230,"column":3}},"line":220},"10":{"name":"importEvents","decl":{"start":{"line":235,"column":2},"end":{"line":254,"column":3}},"loc":{"start":{"line":235,"column":2},"end":{"line":254,"column":3}},"line":235},"11":{"name":"clearOldEvents","decl":{"start":{"line":259,"column":2},"end":{"line":269,"column":3}},"loc":{"start":{"line":259,"column":2},"end":{"line":269,"column":3}},"line":259},"12":{"name":"generateEventId","decl":{"start":{"line":274,"column":10},"end":{"line":276,"column":3}},"loc":{"start":{"line":274,"column":10},"end":{"line":276,"column":3}},"line":274},"13":{"name":"getResourceAuditTrail","decl":{"start":{"line":281,"column":2},"end":{"line":283,"column":3}},"loc":{"start":{"line":281,"column":2},"end":{"line":283,"column":3}},"line":281},"14":{"name":"getUserActivity","decl":{"start":{"line":288,"column":2},"end":{"line":290,"column":3}},"loc":{"start":{"line":288,"column":2},"end":{"line":290,"column":3}},"line":288},"15":{"name":"detectSuspiciousActivity","decl":{"start":{"line":295,"column":2},"end":{"line":384,"column":3}},"loc":{"start":{"line":295,"column":2},"end":{"line":384,"column":3}},"line":295},"16":{"name":"getStatistics","decl":{"start":{"line":389,"column":2},"end":{"line":427,"column":3}},"loc":{"start":{"line":389,"column":2},"end":{"line":427,"column":3}},"line":389}},"f":{"0":55,"1":55,"2":581,"3":493,"4":20,"5":67,"6":80,"7":0,"8":0,"9":1,"10":0,"11":0,"12":581,"13":0,"14":0,"15":20,"16":18}}
,"/home/wes/retro-n8n-mcp/src/security/Authorization.ts": {"path":"/home/wes/retro-n8n-mcp/src/security/Authorization.ts","all":false,"statementMap":{"0":{"start":{"line":1,"column":0},"end":{"line":1,"column":44}},"30":{"start":{"line":31,"column":0},"end":{"line":31,"column":28}},"31":{"start":{"line":32,"column":0},"end":{"line":32,"column":47}},"32":{"start":{"line":33,"column":0},"end":{"line":33,"column":43}},"33":{"start":{"line":34,"column":0},"end":{"line":34,"column":43}},"34":{"start":{"line":35,"column":0},"end":{"line":35,"column":112}},"36":{"start":{"line":37,"column":0},"end":{"line":37,"column":17}},"37":{"start":{"line":38,"column":0},"end":{"line":38,"column":34}},"38":{"start":{"line":39,"column":0},"end":{"line":39,"column":3}},"43":{"start":{"line":44,"column":0},"end":{"line":44,"column":42}},"44":{"start":{"line":45,"column":0},"end":{"line":45,"column":21}},"45":{"start":{"line":46,"column":0},"end":{"line":46,"column":18}},"46":{"start":{"line":47,"column":0},"end":{"line":47,"column":28}},"47":{"start":{"line":48,"column":0},"end":{"line":48,"column":40}},"48":{"start":{"line":49,"column":0},"end":{"line":49,"column":24}},"49":{"start":{"line":50,"column":0},"end":{"line":50,"column":7}},"51":{"start":{"line":52,"column":0},"end":{"line":52,"column":21}},"52":{"start":{"line":53,"column":0},"end":{"line":53,"column":19}},"53":{"start":{"line":54,"column":0},"end":{"line":54,"column":21}},"54":{"start":{"line":55,"column":0},"end":{"line":55,"column":51}},"55":{"start":{"line":56,"column":0},"end":{"line":56,"column":20}},"56":{"start":{"line":57,"column":0},"end":{"line":57,"column":21}},"57":{"start":{"line":58,"column":0},"end":{"line":58,"column":28}},"58":{"start":{"line":59,"column":0},"end":{"line":59,"column":25}},"59":{"start":{"line":60,"column":0},"end":{"line":60,"column":24}},"60":{"start":{"line":61,"column":0},"end":{"line":61,"column":26}},"61":{"start":{"line":62,"column":0},"end":{"line":62,"column":24}},"62":{"start":{"line":63,"column":0},"end":{"line":63,"column":7}},"63":{"start":{"line":64,"column":0},"end":{"line":64,"column":7}},"65":{"start":{"line":66,"column":0},"end":{"line":66,"column":21}},"66":{"start":{"line":67,"column":0},"end":{"line":67,"column":19}},"67":{"start":{"line":68,"column":0},"end":{"line":68,"column":21}},"68":{"start":{"line":69,"column":0},"end":{"line":69,"column":38}},"69":{"start":{"line":70,"column":0},"end":{"line":70,"column":20}},"70":{"start":{"line":71,"column":0},"end":{"line":71,"column":24}},"71":{"start":{"line":72,"column":0},"end":{"line":72,"column":23}},"72":{"start":{"line":73,"column":0},"end":{"line":73,"column":25}},"73":{"start":{"line":74,"column":0},"end":{"line":74,"column":24}},"74":{"start":{"line":75,"column":0},"end":{"line":75,"column":25}},"75":{"start":{"line":76,"column":0},"end":{"line":76,"column":7}},"76":{"start":{"line":77,"column":0},"end":{"line":77,"column":7}},"78":{"start":{"line":79,"column":0},"end":{"line":79,"column":21}},"79":{"start":{"line":80,"column":0},"end":{"line":80,"column":21}},"80":{"start":{"line":81,"column":0},"end":{"line":81,"column":23}},"81":{"start":{"line":82,"column":0},"end":{"line":82,"column":56}},"82":{"start":{"line":83,"column":0},"end":{"line":83,"column":20}},"83":{"start":{"line":84,"column":0},"end":{"line":84,"column":24}},"84":{"start":{"line":85,"column":0},"end":{"line":85,"column":23}},"85":{"start":{"line":86,"column":0},"end":{"line":86,"column":21}},"86":{"start":{"line":87,"column":0},"end":{"line":87,"column":7}},"87":{"start":{"line":88,"column":0},"end":{"line":88,"column":7}},"88":{"start":{"line":89,"column":0},"end":{"line":89,"column":3}},"93":{"start":{"line":94,"column":0},"end":{"line":94,"column":33}},"94":{"start":{"line":95,"column":0},"end":{"line":95,"column":34}},"95":{"start":{"line":96,"column":0},"end":{"line":96,"column":39}},"96":{"start":{"line":97,"column":0},"end":{"line":97,"column":19}},"97":{"start":{"line":98,"column":0},"end":{"line":98,"column":22}},"98":{"start":{"line":99,"column":0},"end":{"line":99,"column":43}},"99":{"start":{"line":100,"column":0},"end":{"line":100,"column":7}},"100":{"start":{"line":101,"column":0},"end":{"line":101,"column":3}},"105":{"start":{"line":106,"column":0},"end":{"line":106,"column":33}},"106":{"start":{"line":107,"column":0},"end":{"line":107,"column":34}},"107":{"start":{"line":108,"column":0},"end":{"line":108,"column":40}},"108":{"start":{"line":109,"column":0},"end":{"line":109,"column":19}},"109":{"start":{"line":110,"column":0},"end":{"line":110,"column":22}},"110":{"start":{"line":111,"column":0},"end":{"line":111,"column":24}},"111":{"start":{"line":112,"column":0},"end":{"line":112,"column":7}},"112":{"start":{"line":113,"column":0},"end":{"line":113,"column":3}},"117":{"start":{"line":118,"column":0},"end":{"line":118,"column":16}},"118":{"start":{"line":119,"column":0},"end":{"line":119,"column":35}},"119":{"start":{"line":120,"column":0},"end":{"line":120,"column":22}},"120":{"start":{"line":121,"column":0},"end":{"line":121,"column":14}},"122":{"start":{"line":123,"column":0},"end":{"line":123,"column":56}},"123":{"start":{"line":124,"column":0},"end":{"line":124,"column":76}},"124":{"start":{"line":125,"column":0},"end":{"line":125,"column":20}},"125":{"start":{"line":126,"column":0},"end":{"line":126,"column":7}},"126":{"start":{"line":127,"column":0},"end":{"line":127,"column":5}},"129":{"start":{"line":130,"column":0},"end":{"line":130,"column":23}},"131":{"start":{"line":132,"column":0},"end":{"line":132,"column":37}},"132":{"start":{"line":133,"column":0},"end":{"line":133,"column":77}},"133":{"start":{"line":134,"column":0},"end":{"line":134,"column":22}},"134":{"start":{"line":135,"column":0},"end":{"line":135,"column":9}},"135":{"start":{"line":136,"column":0},"end":{"line":136,"column":7}},"138":{"start":{"line":139,"column":0},"end":{"line":139,"column":72}},"139":{"start":{"line":140,"column":0},"end":{"line":140,"column":66}},"140":{"start":{"line":141,"column":0},"end":{"line":141,"column":20}},"141":{"start":{"line":142,"column":0},"end":{"line":142,"column":7}},"144":{"start":{"line":145,"column":0},"end":{"line":145,"column":29}},"145":{"start":{"line":146,"column":0},"end":{"line":146,"column":58}},"146":{"start":{"line":147,"column":0},"end":{"line":147,"column":30}},"147":{"start":{"line":148,"column":0},"end":{"line":148,"column":25}},"148":{"start":{"line":149,"column":0},"end":{"line":149,"column":10}},"149":{"start":{"line":150,"column":0},"end":{"line":150,"column":66}},"150":{"start":{"line":151,"column":0},"end":{"line":151,"column":22}},"151":{"start":{"line":152,"column":0},"end":{"line":152,"column":9}},"152":{"start":{"line":153,"column":0},"end":{"line":153,"column":7}},"153":{"start":{"line":154,"column":0},"end":{"line":154,"column":5}},"155":{"start":{"line":156,"column":0},"end":{"line":156,"column":17}},"156":{"start":{"line":157,"column":0},"end":{"line":157,"column":3}},"161":{"start":{"line":162,"column":0},"end":{"line":162,"column":20}},"162":{"start":{"line":163,"column":0},"end":{"line":163,"column":35}},"163":{"start":{"line":164,"column":0},"end":{"line":164,"column":18}},"164":{"start":{"line":165,"column":0},"end":{"line":165,"column":14}},"165":{"start":{"line":166,"column":0},"end":{"line":166,"column":28}},"166":{"start":{"line":167,"column":0},"end":{"line":167,"column":19}},"167":{"start":{"line":168,"column":0},"end":{"line":168,"column":5}},"170":{"start":{"line":171,"column":0},"end":{"line":171,"column":60}},"173":{"start":{"line":174,"column":0},"end":{"line":174,"column":50}},"174":{"start":{"line":175,"column":0},"end":{"line":175,"column":18}},"175":{"start":{"line":176,"column":0},"end":{"line":176,"column":5}},"178":{"start":{"line":179,"column":0},"end":{"line":179,"column":24}},"179":{"start":{"line":180,"column":0},"end":{"line":180,"column":53}},"180":{"start":{"line":181,"column":0},"end":{"line":181,"column":80}},"181":{"start":{"line":182,"column":0},"end":{"line":182,"column":18}},"182":{"start":{"line":183,"column":0},"end":{"line":183,"column":5}},"184":{"start":{"line":185,"column":0},"end":{"line":185,"column":17}},"185":{"start":{"line":186,"column":0},"end":{"line":186,"column":3}},"190":{"start":{"line":191,"column":0},"end":{"line":191,"column":26}},"191":{"start":{"line":192,"column":0},"end":{"line":192,"column":23}},"192":{"start":{"line":193,"column":0},"end":{"line":193,"column":19}},"193":{"start":{"line":194,"column":0},"end":{"line":194,"column":25}},"194":{"start":{"line":195,"column":0},"end":{"line":195,"column":11}},"195":{"start":{"line":196,"column":0},"end":{"line":196,"column":52}},"196":{"start":{"line":197,"column":0},"end":{"line":197,"column":58}},"197":{"start":{"line":198,"column":0},"end":{"line":198,"column":5}},"199":{"start":{"line":200,"column":0},"end":{"line":200,"column":68}},"200":{"start":{"line":201,"column":0},"end":{"line":201,"column":58}},"201":{"start":{"line":202,"column":0},"end":{"line":202,"column":77}},"203":{"start":{"line":204,"column":0},"end":{"line":204,"column":40}},"205":{"start":{"line":206,"column":0},"end":{"line":206,"column":54}},"206":{"start":{"line":207,"column":0},"end":{"line":207,"column":17}},"207":{"start":{"line":208,"column":0},"end":{"line":208,"column":13}},"208":{"start":{"line":209,"column":0},"end":{"line":209,"column":17}},"209":{"start":{"line":210,"column":0},"end":{"line":210,"column":7}},"210":{"start":{"line":211,"column":0},"end":{"line":211,"column":3}},"215":{"start":{"line":216,"column":0},"end":{"line":216,"column":27}},"216":{"start":{"line":217,"column":0},"end":{"line":217,"column":23}},"217":{"start":{"line":218,"column":0},"end":{"line":218,"column":19}},"218":{"start":{"line":219,"column":0},"end":{"line":219,"column":26}},"219":{"start":{"line":220,"column":0},"end":{"line":220,"column":11}},"220":{"start":{"line":221,"column":0},"end":{"line":221,"column":67}},"221":{"start":{"line":222,"column":0},"end":{"line":222,"column":25}},"222":{"start":{"line":223,"column":0},"end":{"line":223,"column":13}},"223":{"start":{"line":224,"column":0},"end":{"line":224,"column":5}},"225":{"start":{"line":226,"column":0},"end":{"line":226,"column":23}},"227":{"start":{"line":228,"column":0},"end":{"line":228,"column":35}},"228":{"start":{"line":229,"column":0},"end":{"line":229,"column":12}},"230":{"start":{"line":231,"column":0},"end":{"line":231,"column":60}},"231":{"start":{"line":232,"column":0},"end":{"line":232,"column":75}},"233":{"start":{"line":234,"column":0},"end":{"line":234,"column":32}},"234":{"start":{"line":235,"column":0},"end":{"line":235,"column":44}},"235":{"start":{"line":236,"column":0},"end":{"line":236,"column":14}},"236":{"start":{"line":237,"column":0},"end":{"line":237,"column":37}},"237":{"start":{"line":238,"column":0},"end":{"line":238,"column":7}},"238":{"start":{"line":239,"column":0},"end":{"line":239,"column":5}},"240":{"start":{"line":241,"column":0},"end":{"line":241,"column":54}},"241":{"start":{"line":242,"column":0},"end":{"line":242,"column":17}},"242":{"start":{"line":243,"column":0},"end":{"line":243,"column":13}},"243":{"start":{"line":244,"column":0},"end":{"line":244,"column":17}},"244":{"start":{"line":245,"column":0},"end":{"line":245,"column":7}},"245":{"start":{"line":246,"column":0},"end":{"line":246,"column":3}},"250":{"start":{"line":251,"column":0},"end":{"line":251,"column":57}},"251":{"start":{"line":252,"column":0},"end":{"line":252,"column":42}},"252":{"start":{"line":253,"column":0},"end":{"line":253,"column":45}},"254":{"start":{"line":255,"column":0},"end":{"line":255,"column":45}},"255":{"start":{"line":256,"column":0},"end":{"line":256,"column":39}},"256":{"start":{"line":257,"column":0},"end":{"line":257,"column":15}},"257":{"start":{"line":258,"column":0},"end":{"line":258,"column":7}},"258":{"start":{"line":259,"column":0},"end":{"line":259,"column":33}},"260":{"start":{"line":261,"column":0},"end":{"line":261,"column":42}},"261":{"start":{"line":262,"column":0},"end":{"line":262,"column":18}},"262":{"start":{"line":263,"column":0},"end":{"line":263,"column":15}},"263":{"start":{"line":264,"column":0},"end":{"line":264,"column":7}},"266":{"start":{"line":267,"column":0},"end":{"line":267,"column":56}},"269":{"start":{"line":270,"column":0},"end":{"line":270,"column":26}},"270":{"start":{"line":271,"column":0},"end":{"line":271,"column":43}},"271":{"start":{"line":272,"column":0},"end":{"line":272,"column":7}},"272":{"start":{"line":273,"column":0},"end":{"line":273,"column":6}},"274":{"start":{"line":275,"column":0},"end":{"line":275,"column":36}},"275":{"start":{"line":276,"column":0},"end":{"line":276,"column":35}},"276":{"start":{"line":277,"column":0},"end":{"line":277,"column":3}},"281":{"start":{"line":282,"column":0},"end":{"line":282,"column":80}},"282":{"start":{"line":283,"column":0},"end":{"line":283,"column":67}},"283":{"start":{"line":284,"column":0},"end":{"line":284,"column":25}},"284":{"start":{"line":285,"column":0},"end":{"line":285,"column":16}},"285":{"start":{"line":286,"column":0},"end":{"line":286,"column":5}},"287":{"start":{"line":288,"column":0},"end":{"line":288,"column":43}},"288":{"start":{"line":289,"column":0},"end":{"line":289,"column":3}},"293":{"start":{"line":294,"column":0},"end":{"line":294,"column":83}},"295":{"start":{"line":296,"column":0},"end":{"line":296,"column":36}},"296":{"start":{"line":297,"column":0},"end":{"line":297,"column":18}},"297":{"start":{"line":298,"column":0},"end":{"line":298,"column":5}},"300":{"start":{"line":301,"column":0},"end":{"line":301,"column":43}},"301":{"start":{"line":302,"column":0},"end":{"line":302,"column":18}},"302":{"start":{"line":303,"column":0},"end":{"line":303,"column":5}},"305":{"start":{"line":306,"column":0},"end":{"line":306,"column":40}},"306":{"start":{"line":307,"column":0},"end":{"line":307,"column":48}},"307":{"start":{"line":308,"column":0},"end":{"line":308,"column":58}},"308":{"start":{"line":309,"column":0},"end":{"line":309,"column":43}},"309":{"start":{"line":310,"column":0},"end":{"line":310,"column":20}},"310":{"start":{"line":311,"column":0},"end":{"line":311,"column":7}},"311":{"start":{"line":312,"column":0},"end":{"line":312,"column":5}},"313":{"start":{"line":314,"column":0},"end":{"line":314,"column":17}},"314":{"start":{"line":315,"column":0},"end":{"line":315,"column":3}},"319":{"start":{"line":320,"column":0},"end":{"line":320,"column":23}},"320":{"start":{"line":321,"column":0},"end":{"line":321,"column":43}},"321":{"start":{"line":322,"column":0},"end":{"line":322,"column":3}},"326":{"start":{"line":327,"column":0},"end":{"line":327,"column":42}},"327":{"start":{"line":328,"column":0},"end":{"line":328,"column":30}},"328":{"start":{"line":329,"column":0},"end":{"line":329,"column":3}},"333":{"start":{"line":334,"column":0},"end":{"line":334,"column":60}},"334":{"start":{"line":335,"column":0},"end":{"line":335,"column":36}},"335":{"start":{"line":336,"column":0},"end":{"line":336,"column":16}},"336":{"start":{"line":337,"column":0},"end":{"line":337,"column":19}},"337":{"start":{"line":338,"column":0},"end":{"line":338,"column":5}},"339":{"start":{"line":340,"column":0},"end":{"line":340,"column":33}},"340":{"start":{"line":341,"column":0},"end":{"line":341,"column":76}},"341":{"start":{"line":342,"column":0},"end":{"line":342,"column":16}},"342":{"start":{"line":343,"column":0},"end":{"line":343,"column":3}},"347":{"start":{"line":348,"column":0},"end":{"line":348,"column":35}},"348":{"start":{"line":349,"column":0},"end":{"line":349,"column":65}},"349":{"start":{"line":350,"column":0},"end":{"line":350,"column":61}},"350":{"start":{"line":351,"column":0},"end":{"line":351,"column":19}},"351":{"start":{"line":352,"column":0},"end":{"line":352,"column":5}},"353":{"start":{"line":354,"column":0},"end":{"line":354,"column":42}},"354":{"start":{"line":355,"column":0},"end":{"line":355,"column":18}},"355":{"start":{"line":356,"column":0},"end":{"line":356,"column":47}},"356":{"start":{"line":357,"column":0},"end":{"line":357,"column":5}},"357":{"start":{"line":358,"column":0},"end":{"line":358,"column":19}},"358":{"start":{"line":359,"column":0},"end":{"line":359,"column":3}},"363":{"start":{"line":364,"column":0},"end":{"line":364,"column":69}},"364":{"start":{"line":365,"column":0},"end":{"line":365,"column":42}},"367":{"start":{"line":368,"column":0},"end":{"line":368,"column":36}},"368":{"start":{"line":369,"column":0},"end":{"line":369,"column":65}},"369":{"start":{"line":370,"column":0},"end":{"line":370,"column":5}},"372":{"start":{"line":373,"column":0},"end":{"line":373,"column":23}},"374":{"start":{"line":375,"column":0},"end":{"line":375,"column":37}},"375":{"start":{"line":376,"column":0},"end":{"line":376,"column":66}},"376":{"start":{"line":377,"column":0},"end":{"line":377,"column":7}},"379":{"start":{"line":380,"column":0},"end":{"line":380,"column":66}},"380":{"start":{"line":381,"column":0},"end":{"line":381,"column":49}},"383":{"start":{"line":384,"column":0},"end":{"line":384,"column":29}},"384":{"start":{"line":385,"column":0},"end":{"line":385,"column":58}},"385":{"start":{"line":386,"column":0},"end":{"line":386,"column":30}},"386":{"start":{"line":387,"column":0},"end":{"line":387,"column":25}},"387":{"start":{"line":388,"column":0},"end":{"line":388,"column":10}},"388":{"start":{"line":389,"column":0},"end":{"line":389,"column":55}},"389":{"start":{"line":390,"column":0},"end":{"line":390,"column":7}},"390":{"start":{"line":391,"column":0},"end":{"line":391,"column":5}},"392":{"start":{"line":393,"column":0},"end":{"line":393,"column":35}},"393":{"start":{"line":394,"column":0},"end":{"line":394,"column":3}},"398":{"start":{"line":399,"column":0},"end":{"line":399,"column":24}},"399":{"start":{"line":400,"column":0},"end":{"line":400,"column":43}},"400":{"start":{"line":401,"column":0},"end":{"line":401,"column":3}},"405":{"start":{"line":406,"column":0},"end":{"line":406,"column":42}},"406":{"start":{"line":407,"column":0},"end":{"line":407,"column":30}},"407":{"start":{"line":408,"column":0},"end":{"line":408,"column":3}},"412":{"start":{"line":413,"column":0},"end":{"line":413,"column":55}},"413":{"start":{"line":414,"column":0},"end":{"line":414,"column":40}},"414":{"start":{"line":415,"column":0},"end":{"line":415,"column":16}},"415":{"start":{"line":416,"column":0},"end":{"line":416,"column":19}},"416":{"start":{"line":417,"column":0},"end":{"line":417,"column":5}},"418":{"start":{"line":419,"column":0},"end":{"line":419,"column":34}},"419":{"start":{"line":420,"column":0},"end":{"line":420,"column":19}},"420":{"start":{"line":421,"column":0},"end":{"line":421,"column":5}},"422":{"start":{"line":423,"column":0},"end":{"line":423,"column":39}},"423":{"start":{"line":424,"column":0},"end":{"line":424,"column":30}},"424":{"start":{"line":425,"column":0},"end":{"line":425,"column":68}},"425":{"start":{"line":426,"column":0},"end":{"line":426,"column":5}},"427":{"start":{"line":428,"column":0},"end":{"line":428,"column":16}},"428":{"start":{"line":429,"column":0},"end":{"line":429,"column":3}},"433":{"start":{"line":434,"column":0},"end":{"line":434,"column":55}},"434":{"start":{"line":435,"column":0},"end":{"line":435,"column":40}},"435":{"start":{"line":436,"column":0},"end":{"line":436,"column":1
[...]
"end":{"line":27,"column":20}},"27":{"start":{"line":28,"column":0},"end":{"line":28,"column":30}},"29":{"start":{"line":30,"column":0},"end":{"line":30,"column":21}},"30":{"start":{"line":31,"column":0},"end":{"line":31,"column":31}},"32":{"start":{"line":33,"column":0},"end":{"line":33,"column":19}},"33":{"start":{"line":34,"column":0},"end":{"line":34,"column":29}},"35":{"start":{"line":36,"column":0},"end":{"line":36,"column":20}},"36":{"start":{"line":37,"column":0},"end":{"line":37,"column":30}},"38":{"start":{"line":39,"column":0},"end":{"line":39,"column":23}},"39":{"start":{"line":40,"column":0},"end":{"line":40,"column":53}},"41":{"start":{"line":42,"column":0},"end":{"line":42,"column":23}},"42":{"start":{"line":43,"column":0},"end":{"line":43,"column":14}},"43":{"start":{"line":44,"column":0},"end":{"line":44,"column":16}},"44":{"start":{"line":45,"column":0},"end":{"line":45,"column":50}},"45":{"start":{"line":46,"column":0},"end":{"line":46,"column":26}},"46":{"start":{"line":47,"column":0},"end":{"line":47,"column":9}},"47":{"start":{"line":48,"column":0},"end":{"line":48,"column":8}},"49":{"start":{"line":50,"column":0},"end":{"line":50,"column":22}},"50":{"start":{"line":51,"column":0},"end":{"line":51,"column":61}},"51":{"start":{"line":52,"column":0},"end":{"line":52,"column":42}},"52":{"start":{"line":53,"column":0},"end":{"line":53,"column":20}},"54":{"start":{"line":55,"column":0},"end":{"line":55,"column":22}},"55":{"start":{"line":56,"column":0},"end":{"line":56,"column":34}},"57":{"start":{"line":58,"column":0},"end":{"line":58,"column":21}},"58":{"start":{"line":59,"column":0},"end":{"line":59,"column":14}},"59":{"start":{"line":60,"column":0},"end":{"line":60,"column":23}},"60":{"start":{"line":61,"column":0},"end":{"line":61,"column":69}},"61":{"start":{"line":62,"column":0},"end":{"line":62,"column":8}},"63":{"start":{"line":64,"column":0},"end":{"line":64,"column":12}},"65":{"start":{"line":66,"column":0},"end":{"line":66,"column":62}},"66":{"start":{"line":67,"column":0},"end":{"line":67,"column":3}},"67":{"start":{"line":68,"column":0},"end":{"line":68,"column":1}},"69":{"start":{"line":70,"column":0},"end":{"line":70,"column":38}},"70":{"start":{"line":71,"column":0},"end":{"line":71,"column":41}},"72":{"start":{"line":73,"column":0},"end":{"line":73,"column":19}},"73":{"start":{"line":74,"column":0},"end":{"line":74,"column":37}},"74":{"start":{"line":75,"column":0},"end":{"line":75,"column":27}},"75":{"start":{"line":76,"column":0},"end":{"line":76,"column":19}},"76":{"start":{"line":77,"column":0},"end":{"line":77,"column":41}},"77":{"start":{"line":78,"column":0},"end":{"line":78,"column":16}},"78":{"start":{"line":79,"column":0},"end":{"line":79,"column":19}},"79":{"start":{"line":80,"column":0},"end":{"line":80,"column":41}},"80":{"start":{"line":81,"column":0},"end":{"line":81,"column":16}},"81":{"start":{"line":82,"column":0},"end":{"line":82,"column":21}},"82":{"start":{"line":83,"column":0},"end":{"line":83,"column":34}},"83":{"start":{"line":84,"column":0},"end":{"line":84,"column":16}},"84":{"start":{"line":85,"column":0},"end":{"line":85,"column":19}},"85":{"start":{"line":86,"column":0},"end":{"line":86,"column":32}},"86":{"start":{"line":87,"column":0},"end":{"line":87,"column":16}},"87":{"start":{"line":88,"column":0},"end":{"line":88,"column":21}},"88":{"start":{"line":89,"column":0},"end":{"line":89,"column":46}},"89":{"start":{"line":90,"column":0},"end":{"line":90,"column":16}},"90":{"start":{"line":91,"column":0},"end":{"line":91,"column":7}},"91":{"start":{"line":92,"column":0},"end":{"line":92,"column":5}},"92":{"start":{"line":93,"column":0},"end":{"line":93,"column":3}},"94":{"start":{"line":95,"column":0},"end":{"line":95,"column":24}},"95":{"start":{"line":96,"column":0},"end":{"line":96,"column":41}},"96":{"start":{"line":97,"column":0},"end":{"line":97,"column":3}},"98":{"start":{"line":99,"column":0},"end":{"line":99,"column":16}},"99":{"start":{"line":100,"column":0},"end":{"line":100,"column":1}},"101":{"start":{"line":102,"column":0},"end":{"line":102,"column":38}},"102":{"start":{"line":103,"column":0},"end":{"line":103,"column":41}},"104":{"start":{"line":105,"column":0},"end":{"line":105,"column":19}},"105":{"start":{"line":106,"column":0},"end":{"line":106,"column":37}},"106":{"start":{"line":107,"column":0},"end":{"line":107,"column":27}},"107":{"start":{"line":108,"column":0},"end":{"line":108,"column":19}},"108":{"start":{"line":109,"column":0},"end":{"line":109,"column":39}},"109":{"start":{"line":110,"column":0},"end":{"line":110,"column":16}},"110":{"start":{"line":111,"column":0},"end":{"line":111,"column":19}},"111":{"start":{"line":112,"column":0},"end":{"line":112,"column":39}},"112":{"start":{"line":113,"column":0},"end":{"line":113,"column":16}},"113":{"start":{"line":114,"column":0},"end":{"line":114,"column":19}},"114":{"start":{"line":115,"column":0},"end":{"line":115,"column":34}},"115":{"start":{"line":116,"column":0},"end":{"line":116,"column":16}},"116":{"start":{"line":117,"column":0},"end":{"line":117,"column":7}},"117":{"start":{"line":118,"column":0},"end":{"line":118,"column":5}},"118":{"start":{"line":119,"column":0},"end":{"line":119,"column":3}},"120":{"start":{"line":121,"column":0},"end":{"line":121,"column":24}},"121":{"start":{"line":122,"column":0},"end":{"line":122,"column":41}},"122":{"start":{"line":123,"column":0},"end":{"line":123,"column":3}},"124":{"start":{"line":125,"column":0},"end":{"line":125,"column":16}},"125":{"start":{"line":126,"column":0},"end":{"line":126,"column":1}},"127":{"start":{"line":128,"column":0},"end":{"line":128,"column":37}},"128":{"start":{"line":129,"column":0},"end":{"line":129,"column":10}},"129":{"start":{"line":130,"column":0},"end":{"line":130,"column":18}},"130":{"start":{"line":131,"column":0},"end":{"line":131,"column":46}},"131":{"start":{"line":132,"column":0},"end":{"line":132,"column":60}},"132":{"start":{"line":133,"column":0},"end":{"line":133,"column":60}},"133":{"start":{"line":134,"column":0},"end":{"line":134,"column":60}},"134":{"start":{"line":135,"column":0},"end":{"line":135,"column":4}},"135":{"start":{"line":136,"column":0},"end":{"line":136,"column":1}},"137":{"start":{"line":138,"column":0},"end":{"line":138,"column":38}},"138":{"start":{"line":139,"column":0},"end":{"line":139,"column":29}},"139":{"start":{"line":140,"column":0},"end":{"line":140,"column":32}},"141":{"start":{"line":142,"column":0},"end":{"line":142,"column":59}},"142":{"start":{"line":143,"column":0},"end":{"line":143,"column":48}},"143":{"start":{"line":144,"column":0},"end":{"line":144,"column":67}},"146":{"start":{"line":147,"column":0},"end":{"line":147,"column":61}},"147":{"start":{"line":148,"column":0},"end":{"line":148,"column":25}},"148":{"start":{"line":149,"column":0},"end":{"line":149,"column":5}},"149":{"start":{"line":150,"column":0},"end":{"line":150,"column":3}},"151":{"start":{"line":152,"column":0},"end":{"line":152,"column":10}},"152":{"start":{"line":153,"column":0},"end":{"line":153,"column":19}},"153":{"start":{"line":154,"column":0},"end":{"line":154,"column":15}},"154":{"start":{"line":155,"column":0},"end":{"line":155,"column":57}},"155":{"start":{"line":156,"column":0},"end":{"line":156,"column":70}},"156":{"start":{"line":157,"column":0},"end":{"line":157,"column":60}},"157":{"start":{"line":158,"column":0},"end":{"line":158,"column":4}},"158":{"start":{"line":159,"column":0},"end":{"line":159,"column":1}},"160":{"start":{"line":161,"column":0},"end":{"line":161,"column":36}},"161":{"start":{"line":162,"column":0},"end":{"line":162,"column":10}},"162":{"start":{"line":163,"column":0},"end":{"line":163,"column":21}},"163":{"start":{"line":164,"column":0},"end":{"line":164,"column":60}},"164":{"start":{"line":165,"column":0},"end":{"line":165,"column":4}},"165":{"start":{"line":166,"column":0},"end":{"line":166,"column":1}},"167":{"start":{"line":168,"column":0},"end":{"line":168,"column":37}},"168":{"start":{"line":169,"column":0},"end":{"line":169,"column":10}},"169":{"start":{"line":170,"column":0},"end":{"line":170,"column":78}},"170":{"start":{"line":171,"column":0},"end":{"line":171,"column":60}},"171":{"start":{"line":172,"column":0},"end":{"line":172,"column":4}},"172":{"start":{"line":173,"column":0},"end":{"line":173,"column":1}}},"s":{"5":1,"6":87,"8":87,"9":0,"10":0,"12":87,"13":87,"15":851,"16":851,"17":851,"18":194,"20":851,"21":40,"23":851,"24":73,"26":851,"27":52,"29":851,"30":115,"32":851,"33":28,"35":851,"36":4,"38":851,"39":224,"41":851,"42":0,"43":0,"44":0,"45":0,"46":0,"47":0,"49":851,"50":61,"51":61,"52":61,"54":851,"55":0,"57":851,"58":28,"59":28,"60":28,"61":28,"63":851,"65":32,"66":851,"67":0,"69":194,"70":194,"72":194,"73":194,"74":40,"75":40,"76":32,"77":32,"78":40,"79":0,"80":0,"81":40,"82":0,"83":0,"84":40,"85":0,"86":0,"87":40,"88":0,"89":0,"90":40,"91":40,"92":194,"94":194,"95":84,"96":84,"98":194,"99":194,"101":40,"102":40,"104":40,"105":40,"106":32,"107":32,"108":16,"109":16,"110":32,"111":16,"112":16,"113":32,"114":0,"115":0,"116":32,"117":32,"118":40,"120":40,"121":4,"122":4,"124":40,"125":40,"127":52,"128":52,"129":52,"130":52,"131":52,"132":52,"133":52,"134":52,"135":52,"137":115,"138":115,"139":115,"141":115,"142":391,"143":391,"146":391,"147":175,"148":175,"149":391,"151":115,"152":115,"153":115,"154":115,"155":115,"156":115,"157":115,"158":115,"160":28,"161":28,"162":28,"163":28,"164":28,"165":28,"167":4,"168":4,"169":4,"170":4,"171":4,"172":4},"branchMap":{"0":{"type":"branch","line":6,"loc":{"start":{"line":6,"column":7},"end":{"line":14,"column":1}},"locations":[{"start":{"line":6,"column":7},"end":{"line":14,"column":1}}]},"1":{"type":"branch","line":9,"loc":{"start":{"line":9,"column":12},"end":{"line":11,"column":3}},"locations":[{"start":{"line":9,"column":12},"end":{"line":11,"column":3}}]},"2":{"type":"branch","line":16,"loc":{"start":{"line":16,"column":0},"end":{"line":68,"column":1}},"locations":[{"start":{"line":16,"column":0},"end":{"line":68,"column":1}}]},"3":{"type":"branch","line":18,"loc":{"start":{"line":18,"column":4},"end":{"line":19,"column":31}},"locations":[{"start":{"line":18,"column":4},"end":{"line":19,"column":31}}]},"4":{"type":"branch","line":21,"loc":{"start":{"line":21,"column":4},"end":{"line":22,"column":31}},"locations":[{"start":{"line":21,"column":4},"end":{"line":22,"column":31}}]},"5":{"type":"branch","line":24,"loc":{"start":{"line":24,"column":4},"end":{"line":25,"column":33}},"locations":[{"start":{"line":24,"column":4},"end":{"line":25,"column":33}}]},"6":{"type":"branch","line":27,"loc":{"start":{"line":27,"column":4},"end":{"line":28,"column":30}},"locations":[{"start":{"line":27,"column":4},"end":{"line":28,"column":30}}]},"7":{"type":"branch","line":30,"loc":{"start":{"line":30,"column":4},"end":{"line":31,"column":31}},"locations":[{"start":{"line":30,"column":4},"end":{"line":31,"column":31}}]},"8":{"type":"branch","line":33,"loc":{"start":{"line":33,"column":4},"end":{"line":34,"column":29}},"locations":[{"start":{"line":33,"column":4},"end":{"line":34,"column":29}}]},"9":{"type":"branch","line":36,"loc":{"start":{"line":36,"column":4},"end":{"line":37,"column":30}},"locations":[{"start":{"line":36,"column":4},"end":{"line":37,"column":30}}]},"10":{"type":"branch","line":39,"loc":{"start":{"line":39,"column":4},"end":{"line":40,"column":53}},"locations":[{"start":{"line":39,"column":4},"end":{"line":40,"column":53}}]},"11":{"type":"branch","line":42,"loc":{"start":{"line":42,"column":4},"end":{"line":48,"column":8}},"locations":[{"start":{"line":42,"column":4},"end":{"line":48,"column":8}}]},"12":{"type":"branch","line":50,"loc":{"start":{"line":50,"column":4},"end":{"line":53,"column":20}},"locations":[{"start":{"line":50,"column":4},"end":{"line":53,"column":20}}]},"13":{"type":"branch","line":55,"loc":{"start":{"line":55,"column":4},"end":{"line":56,"column":34}},"locations":[{"start":{"line":55,"column":4},"end":{"line":56,"column":34}}]},"14":{"type":"branch","line":58,"loc":{"start":{"line":58,"column":4},"end":{"line":62,"column":8}},"locations":[{"start":{"line":58,"column":4},"end":{"line":62,"column":8}}]},"15":{"type":"branch","line":64,"loc":{"start":{"line":64,"column":4},"end":{"line":66,"column":62}},"locations":[{"start":{"line":64,"column":4},"end":{"line":66,"column":62}}]},"16":{"type":"branch","line":67,"loc":{"start":{"line":67,"column":2},"end":{"line":68,"column":1}},"locations":[{"start":{"line":67,"column":2},"end":{"line":68,"column":1}}]},"17":{"type":"branch","line":70,"loc":{"start":{"line":70,"column":0},"end":{"line":100,"column":1}},"locations":[{"start":{"line":70,"column":0},"end":{"line":100,"column":1}}]},"18":{"type":"branch","line":74,"loc":{"start":{"line":74,"column":36},"end":{"line":92,"column":5}},"locations":[{"start":{"line":74,"column":36},"end":{"line":92,"column":5}}]},"19":{"type":"branch","line":76,"loc":{"start":{"line":76,"column":8},"end":{"line":78,"column":16}},"locations":[{"start":{"line":76,"column":8},"end":{"line":78,"column":16}}]},"20":{"type":"branch","line":79,"loc":{"start":{"line":79,"column":8},"end":{"line":81,"column":16}},"locations":[{"start":{"line":79,"column":8},"end":{"line":81,"column":16}}]},"21":{"type":"branch","line":82,"loc":{"start":{"line":82,"column":8},"end":{"line":84,"column":16}},"locations":[{"start":{"line":82,"column":8},"end":{"line":84,"column":16}}]},"22":{"type":"branch","line":85,"loc":{"start":{"line":85,"column":8},"end":{"line":87,"column":16}},"locations":[{"start":{"line":85,"column":8},"end":{"line":87,"column":16}}]},"23":{"type":"branch","line":88,"loc":{"start":{"line":88,"column":8},"end":{"line":90,"column":16}},"locations":[{"start":{"line":88,"column":8},"end":{"line":90,"column":16}}]},"24":{"type":"branch","line":95,"loc":{"start":{"line":95,"column":23},"end":{"line":97,"column":3}},"locations":[{"start":{"line":95,"column":23},"end":{"line":97,"column":3}}]},"25":{"type":"branch","line":102,"loc":{"start":{"line":102,"column":0},"end":{"line":126,"column":1}},"locations":[{"start":{"line":102,"column":0},"end":{"line":126,"column":1}}]},"26":{"type":"branch","line":106,"loc":{"start":{"line":106,"column":36},"end":{"line":118,"column":5}},"locations":[{"start":{"line":106,"column":36},"end":{"line":118,"column":5}}]},"27":{"type":"branch","line":108,"loc":{"start":{"line":108,"column":8},"end":{"line":110,"column":16}},"locations":[{"start":{"line":108,"column":8},"end":{"line":110,"column":16}}]},"28":{"type":"branch","line":111,"loc":{"start":{"line":111,"column":8},"end":{"line":113,"column":16}},"locations":[{"start":{"line":111,"column":8},"end":{"line":113,"column":16}}]},"29":{"type":"branch","line":114,"loc":{"start":{"line":114,"column":8},"end":{"line":116,"column":16}},"locations":[{"start":{"line":114,"column":8},"end":{"line":116,"column":16}}]},"30":{"type":"branch","line":121,"loc":{"start":{"line":121,"column":23},"end":{"line":123,"column":3}},"locations":[{"start":{"line":121,"column":23},"end":{"line":123,"column":3}}]},"31":{"type":"branch","line":128,"loc":{"start":{"line":128,"column":0},"end":{"line":136,"column":1}},"locations":[{"start":{"line":128,"column":0},"end":{"line":136,"column":1}}]},"32":{"type":"branch","line":132,"loc":{"start":{"line":132,"column":12},"end":{"line":132,"column":60}},"locations":[{"start":{"line":132,"column":12},"end":{"line":132,"column":60}}]},"33":{"type":"branch","line":133,"loc":{"start":{"line":133,"column":12},"end":{"line":133,"column":60}},"locations":[{"start":{"line":133,"column":12},"end":{"line":133,"column":60}}]},"34":{"type":"branch","line":134,"loc":{"start":{"line":134,"column":12},"end":{"line":134,"column":60}},"locations":[{"start":{"line":134,"column":12},"end":{"line":134,"column":60}}]},"35":{"type":"branch","line":138,"loc":{"start":{"line":138,"column":0},"end":{"line":159,"column":1}},"locations":[{"start":{"line":138,"column":0},"end":{"line":159,"column":1}}]},"36":{"type":"branch","line":142,"loc":{"start":{"line":142,"column":58},"end":{"line":150,"column":3}},"locations":[{"start":{"line":142,"column":58},"end":{"line":150,"column":3}}]},"37":{"type":"branch","line":147,"loc":{"start":{"line":147,"column":60},"end":{"line":149,"column":5}},"locations":[{"start":{"line":147,"column":60},"end":{"line":149,"column":5}}]},"38":{"type":"branch","line":155,"loc":{"start":{"line":155,"column":32},"end":{"line":155,"column":47}},"locations":[{"start":{"line":155,"column":32},"end":{"line":155,"column":47}}]},"39":{"type":"branch","line":155,"loc":{"start":{"line":155,"column":36},"end":{"line":155,"column":57}},"locations":[{"start":{"line":155,"column":36},"end":{"line":155,"column":57}}]},"40":{"type":"branch","line":156,"loc":{"start":{"line":156,"column":46},"end":{"line":156,"column":65}},"locations":[{"start":{"line":156,"column":46},"end":{"line":156,"column":65}}]},"41":{"type":"branch","line":157,"loc":{"start":{"line":157,"column":12},"end":{"line":157,"column":60}},"locations":[{"start":{"line":157,"column":12},"end":{"line":157,"column":60}}]},"42":{"type":"branch","line":161,"loc":{"start":{"line":161,"column":0},"end":{"line":166,"column":1}},"locations":[{"start":{"line":161,"column":0},"end":{"line":166,"column":1}}]},"43":{"type":"branch","line":164,"loc":{"start":{"line":164,"column":12},"end":{"line":164,"column":60}},"locations":[{"start":{"line":164,"column":12},"end":{"line":164,"column":60}}]},"44":{"type":"branch","line":168,"loc":{"start":{"line":168,"column":0},"end":{"line":173,"column":1}},"locations":[{"start":{"line":168,"column":0},"end":{"line":173,"column":1}}]},"45":{"type":"branch","line":171,"loc":{"start":{"line":171,"column":12},"end":{"line":171,"column":60}},"locations":[{"start":{"line":171,"column":12},"end":{"line":171,"column":60}}]},"46":{"type":"branch","line":170,"loc":{"start":{"line":170,"column":27},"end":{"line":170,"column":76}},"locations":[{"start":{"line":170,"column":27},"end":{"line":170,"column":76}}]}},"b":{"0":[87],"1":[0],"2":[851],"3":[194],"4":[40],"5":[73],"6":[52],"7":[115],"8":[28],"9":[4],"10":[224],"11":[0],"12":[61],"13":[0],"14":[28],"15":[32],"16":[0],"17":[194],"18":[40],"19":[32],"20":[0],"21":[0],"22":[0],"23":[0],"24":[84],"25":[40],"26":[32],"27":[16],"28":[16],"29":[0],"30":[4],"31":[52],"32":[4],"33":[0],"34":[8],"35":[115],"36":[391],"37":[175],"38":[99],"39":[16],"40":[0],"41":[4],"42":[28],"43":[0],"44":[4],"45":[0],"46":[8]},"fnMap":{"0":{"name":"zodToJsonSchema","decl":{"start":{"line":6,"column":7},"end":{"line":14,"column":1}},"loc":{"start":{"line":6,"column":7},"end":{"line":14,"column":1}},"line":6},"1":{"name":"zodTypeToJsonSchema","decl":{"start":{"line":16,"column":0},"end":{"line":68,"column":1}},"loc":{"start":{"line":16,"column":0},"end":{"line":68,"column":1}},"line":16},"2":{"name":"handleString","decl":{"start":{"line":70,"column":0},"end":{"line":100,"column":1}},"loc":{"start":{"line":70,"column":0},"end":{"line":100,"column":1}},"line":70},"3":{"name":"handleNumber","decl":{"start":{"line":102,"column":0},"end":{"line":126,"column":1}},"loc":{"start":{"line":102,"column":0},"end":{"line":126,"column":1}},"line":102},"4":{"name":"handleArray","decl":{"start":{"line":128,"column":0},"end":{"line":136,"column":1}},"loc":{"start":{"line":128,"column":0},"end":{"line":136,"column":1}},"line":128},"5":{"name":"handleObject","decl":{"start":{"line":138,"column":0},"end":{"line":159,"column":1}},"loc":{"start":{"line":138,"column":0},"end":{"line":159,"column":1}},"line":138},"6":{"name":"handleEnum","decl":{"start":{"line":161,"column":0},"end":{"line":166,"column":1}},"loc":{"start":{"line":161,"column":0},"end":{"line":166,"column":1}},"line":161},"7":{"name":"handleUnion","decl":{"start":{"line":168,"column":0},"end":{"line":173,"column":1}},"loc":{"start":{"line":168,"column":0},"end":{"line":173,"column":1}},"line":168}},"f":{"0":87,"1":851,"2":194,"3":40,"4":52,"5":115,"6":28,"7":4}}
}
