TN:
SF:src/index.ts
FN:1,(empty-report)
FNF:1
FNH:1
FNDA:1,(empty-report)
DA:2,0
DA:3,0
DA:4,0
DA:5,0
DA:8,0
DA:10,0
DA:11,0
DA:13,0
DA:16,0
DA:19,0
DA:22,0
DA:25,0
DA:26,0
DA:27,0
DA:28,0
DA:29,0
DA:31,0
DA:32,0
DA:33,0
DA:34,0
DA:35,0
DA:37,0
DA:38,0
DA:39,0
DA:40,0
DA:41,0
DA:42,0
DA:45,0
LF:28
LH:0
BRDA:1,0,0,1
BRF:1
BRH:1
end_of_record
TN:
SF:src/security/ApiKeyManager.ts
FN:22,<instance_members_initializer>
FN:29,generateApiKey
FN:65,validateApiKey
FN:107,revokeApiKey
FN:124,listApiKeys
FN:139,hasPermission
FN:170,updatePermissions
FN:184,rotateApiKey
FN:213,generateSecureKey
FN:223,generateId
FN:230,hashKey
FN:237,exportForPersistence
FN:249,importFromPersistence
FNF:13
FNH:10
FNDA:48,<instance_members_initializer>
FNDA:23,generateApiKey
FNDA:109,validateApiKey
FNDA:4,revokeApiKey
FNDA:1,listApiKeys
FNDA:10,hasPermission
FNDA:0,updatePermissions
FNDA:1,rotateApiKey
FNDA:24,generateSecureKey
FNDA:23,generateId
FNDA:136,hashKey
FNDA:0,exportForPersistence
FNDA:0,importFromPersistence
DA:1,1
DA:2,1
DA:21,1
DA:22,1
DA:23,48
DA:24,48
DA:29,1
DA:30,23
DA:31,23
DA:32,23
DA:33,23
DA:34,23
DA:35,23
DA:36,23
DA:38,23
DA:39,23
DA:40,23
DA:41,23
DA:42,23
DA:43,23
DA:44,23
DA:45,14
DA:46,14
DA:47,23
DA:49,23
DA:50,23
DA:52,23
DA:53,23
DA:54,23
DA:55,23
DA:56,23
DA:57,23
DA:59,23
DA:60,23
DA:65,1
DA:66,109
DA:67,109
DA:69,109
DA:70,4
DA:71,4
DA:72,4
DA:73,4
DA:74,4
DA:76,105
DA:77,109
DA:78,0
DA:79,0
DA:80,0
DA:81,0
DA:82,0
DA:85,109
DA:86,2
DA:87,2
DA:88,2
DA:89,2
DA:90,2
DA:93,103
DA:95,103
DA:96,103
DA:97,103
DA:98,103
DA:99,103
DA:100,103
DA:101,103
DA:102,109
DA:107,1
DA:108,4
DA:109,4
DA:110,2
DA:111,2
DA:113,2
DA:114,2
DA:115,2
DA:117,2
DA:118,2
DA:119,4
DA:124,1
DA:125,1
DA:126,2
DA:127,2
DA:128,2
DA:129,2
DA:130,2
DA:131,2
DA:132,2
DA:133,1
DA:134,1
DA:139,1
DA:140,10
DA:141,10
DA:142,0
DA:143,0
DA:146,10
DA:147,3
DA:148,3
DA:151,10
DA:152,2
DA:153,2
DA:156,5
DA:157,5
DA:158,5
DA:159,5
DA:160,3
DA:161,3
DA:162,5
DA:164,2
DA:165,10
DA:170,1
DA:171,0
DA:172,0
DA:173,0
DA:174,0
DA:176,0
DA:177,0
DA:178,0
DA:179,0
DA:184,1
DA:185,1
DA:186,1
DA:187,0
DA:188,0
DA:191,1
DA:192,1
DA:195,1
DA:196,1
DA:199,1
DA:200,1
DA:201,1
DA:204,1
DA:206,1
DA:207,1
DA:208,1
DA:213,1
DA:215,24
DA:217,24
DA:218,24
DA:223,1
DA:224,23
DA:225,23
DA:230,1
DA:231,136
DA:232,136
DA:237,1
DA:238,0
DA:239,0
DA:240,0
DA:241,0
DA:242,0
DA:243,0
DA:249,1
DA:250,0
DA:251,0
DA:253,0
DA:254,0
DA:255,0
DA:256,0
DA:257,0
DA:258,0
DA:259,0
DA:261,0
DA:264,0
DA:265,0
DA:266,0
DA:267,0
DA:268,0
DA:269,0
DA:270,0
DA:271,1
LF:168
LH:128
BRDA:22,0,0,48
BRDA:29,1,0,23
BRDA:44,2,0,14
BRDA:65,3,0,109
BRDA:69,4,0,106
BRDA:69,5,0,4
BRDA:74,6,0,105
BRDA:77,7,0,0
BRDA:82,8,0,108
BRDA:82,9,0,105
BRDA:85,10,0,103
BRDA:85,11,0,2
BRDA:90,12,0,103
BRDA:107,13,0,4
BRDA:109,14,0,2
BRDA:124,15,0,1
BRDA:125,16,0,2
BRDA:139,17,0,10
BRDA:141,18,0,0
BRDA:146,19,0,3
BRDA:148,20,0,7
BRDA:151,21,0,2
BRDA:153,22,0,5
BRDA:159,23,0,3
BRDA:162,24,0,2
BRDA:184,25,0,1
BRDA:186,26,0,0
BRDA:213,27,0,24
BRDA:223,28,0,23
BRDA:230,29,0,136
BRF:30
BRH:27
end_of_record
TN:
SF:src/security/AuditLogger.ts
FN:36,<instance_members_initializer>
FN:41,AuditLogger
FN:48,logEvent
FN:87,logSuccess
FN:107,logFailure
FN:131,logDenied
FN:152,queryEvents
FN:203,addEventHandler
FN:210,removeEventHandler
FN:220,exportEvents
FN:235,importEvents
FN:259,clearOldEvents
FN:274,generateEventId
FN:281,getResourceAuditTrail
FN:288,getUserActivity
FN:295,detectSuspiciousActivity
FN:389,getStatistics
FNF:17
FNH:11
FNDA:55,<instance_members_initializer>
FNDA:55,AuditLogger
FNDA:581,logEvent
FNDA:493,logSuccess
FNDA:20,logFailure
FNDA:67,logDenied
FNDA:80,queryEvents
FNDA:0,addEventHandler
FNDA:0,removeEventHandler
FNDA:1,exportEvents
FNDA:0,importEvents
FNDA:0,clearOldEvents
FNDA:581,generateEventId
FNDA:0,getResourceAuditTrail
FNDA:0,getUserActivity
FNDA:20,detectSuspiciousActivity
FNDA:18,getStatistics
DA:1,1
DA:35,1
DA:36,1
DA:37,55
DA:38,55
DA:39,55
DA:41,1
DA:42,55
DA:43,55
DA:48,1
DA:49,581
DA:50,581
DA:51,581
DA:52,581
DA:53,581
DA:56,581
DA:59,581
DA:60,50
DA:61,50
DA:64,581
DA:65,561
DA:67,581
DA:68,581
DA:69,581
DA:70,581
DA:71,581
DA:72,581
DA:75,581
DA:76,0
DA:77,0
DA:78,0
DA:79,0
DA:80,0
DA:81,581
DA:82,581
DA:87,1
DA:88,493
DA:89,493
DA:96,493
DA:97,493
DA:98,493
DA:99,493
DA:100,493
DA:101,493
DA:102,493
DA:107,1
DA:108,20
DA:109,20
DA:110,20
DA:116,20
DA:117,20
DA:118,20
DA:119,20
DA:120,20
DA:121,20
DA:122,20
DA:123,20
DA:124,20
DA:125,20
DA:126,20
DA:131,1
DA:132,67
DA:133,67
DA:134,67
DA:140,67
DA:141,67
DA:142,67
DA:143,67
DA:144,67
DA:145,67
DA:146,67
DA:147,67
DA:152,1
DA:153,80
DA:156,80
DA:157,3
DA:158,3
DA:160,80
DA:161,0
DA:162,0
DA:164,80
DA:165,7
DA:166,7
DA:168,80
DA:169,0
DA:170,0
DA:172,80
DA:173,0
DA:174,0
DA:176,80
DA:177,4
DA:178,4
DA:180,80
DA:181,59
DA:182,59
DA:184,80
DA:185,19
DA:186,19
DA:189,80
DA:192,80
DA:193,1
DA:194,1
DA:196,80
DA:197,80
DA:203,1
DA:204,0
DA:205,0
DA:210,1
DA:211,0
DA:212,0
DA:213,0
DA:214,0
DA:215,0
DA:220,1
DA:224,1
DA:225,1
DA:226,1
DA:227,1
DA:228,1
DA:229,1
DA:230,1
DA:235,1
DA:237,0
DA:238,0
DA:239,0
DA:240,0
DA:243,0
DA:246,0
DA:249,0
DA:250,0
DA:251,0
DA:253,0
DA:254,0
DA:259,1
DA:260,0
DA:261,0
DA:262,0
DA:264,0
DA:265,0
DA:266,0
DA:268,0
DA:269,0
DA:274,1
DA:275,581
DA:276,581
DA:281,1
DA:282,0
DA:283,0
DA:288,1
DA:289,0
DA:290,0
DA:295,1
DA:299,20
DA:300,20
DA:301,20
DA:302,20
DA:303,20
DA:306,20
DA:307,20
DA:308,20
DA:310,20
DA:311,61
DA:313,61
DA:314,10
DA:315,10
DA:317,61
DA:318,15
DA:319,15
DA:321,61
DA:322,20
DA:325,20
DA:326,20
DA:327,20
DA:328,20
DA:329,10
DA:330,10
DA:331,10
DA:332,20
DA:335,20
DA:336,1
DA:337,1
DA:338,1
DA:339,20
DA:342,20
DA:343,20
DA:344,20
DA:345,20
DA:346,15
DA:347,15
DA:348,15
DA:349,20
DA:352,20
DA:353,1
DA:354,1
DA:355,1
DA:356,20
DA:359,20
DA:360,20
DA:361,20
DA:362,20
DA:364,20
DA:365,20
DA:366,20
DA:367,20
DA:370,20
DA:371,5
DA:372,15
DA:374,20
DA:375,20
DA:376,20
DA:377,20
DA:379,20
DA:380,20
DA:381,20
DA:382,20
DA:383,20
DA:384,20
DA:389,1
DA:396,18
DA:397,18
DA:399,18
DA:400,18
DA:401,18
DA:402,18
DA:403,18
DA:404,18
DA:405,18
DA:406,18
DA:409,18
DA:410,17
DA:411,18
DA:414,18
DA:415,18
DA:416,17
DA:417,8
DA:418,8
DA:419,18
DA:421,18
DA:422,18
DA:423,18
DA:424,18
DA:426,18
DA:427,18
DA:429,1
LF:244
LH:203
BRDA:36,0,0,55
BRDA:41,1,0,55
BRDA:48,2,0,581
BRDA:59,3,0,50
BRDA:64,4,0,20
BRDA:64,5,0,561
BRDA:65,6,0,67
BRDA:65,7,0,494
BRDA:87,8,0,493
BRDA:107,9,0,20
BRDA:121,10,0,0
BRDA:122,11,0,0
BRDA:131,12,0,67
BRDA:152,13,0,80
BRDA:156,14,0,3
BRDA:160,15,0,0
BRDA:164,16,0,7
BRDA:168,17,0,0
BRDA:172,18,0,0
BRDA:176,19,0,4
BRDA:180,20,0,59
BRDA:184,21,0,19
BRDA:192,22,0,1
BRDA:157,23,0,15
BRDA:165,24,0,21
BRDA:177,25,0,18
BRDA:181,26,0,144
BRDA:185,27,0,22
BRDA:189,28,0,269
BRDA:220,29,0,1
BRDA:226,30,0,0
BRDA:274,31,0,581
BRDA:295,32,0,20
BRDA:370,33,0,5
BRDA:371,34,0,15
BRDA:310,35,0,61
BRDA:311,36,0,9
BRDA:311,37,0,4
BRDA:313,38,0,10
BRDA:314,39,0,1
BRDA:317,40,0,15
BRDA:318,41,0,1
BRDA:321,42,0,14
BRDA:327,43,0,61
BRDA:327,44,0,10
BRDA:328,45,0,10
BRDA:330,46,0,1
BRDA:335,47,0,1
BRDA:337,48,0,0
BRDA:344,49,0,61
BRDA:345,50,0,15
BRDA:347,51,0,1
BRDA:352,52,0,1
BRDA:354,53,0,0
BRDA:360,54,0,1
BRDA:361,55,0,1
BRDA:365,56,0,1
BRDA:366,57,0,1
BRDA:371,58,0,14
BRDA:375,59,0,14
BRDA:376,60,0,1
BRDA:389,61,0,18
BRDA:401,62,0,17
BRDA:402,63,0,17
BRDA:403,64,0,17
BRDA:409,65,0,17
BRDA:410,66,0,10
BRDA:415,67,0,17
BRDA:416,68,0,8
BRDA:417,69,0,6
BRDA:422,70,0,6
BRDA:423,71,0,4
BRF:72
BRH:64
end_of_record
TN:
SF:src/security/Authorization.ts
FN:32,<instance_members_initializer>
FN:37,Authorization
FN:44,initializeDefaultRoles
FN:94,createRole
FN:106,upsertUser
FN:118,hasPermission
FN:162,canAccessResource
FN:191,grantResourcePermission
FN:216,revokeResourcePermission
FN:251,getUserRolePermissions
FN:255,processRole
FN:282,getResourcePermissions
FN:294,checkPermissionList
FN:320,getRoles
FN:327,getRole
FN:334,updateRole
FN:348,deleteRole
FN:364,getEffectivePermissions
FN:399,listRoles
FN:406,getUser
FN:413,assignRole
FN:434,removeRole
FN:453,permissionMatches
FN:476,canAccessResource
FNF:24
FNH:18
FNDA:56,<instance_members_initializer>
FNDA:56,Authorization
FNDA:56,initializeDefaultRoles
FNDA:282,createRole
FNDA:37,upsertUser
FNDA:121,hasPermission
FNDA:0,canAccessResource
FNDA:0,grantResourcePermission
FNDA:0,revokeResourcePermission
FNDA:16,getUserRolePermissions
FNDA:16,processRole
FNDA:0,getResourcePermissions
FNDA:125,checkPermissionList
FNDA:0,getRoles
FNDA:4,getRole
FNDA:14,updateRole
FNDA:2,deleteRole
FNDA:0,getEffectivePermissions
FNDA:1,listRoles
FNDA:11,getUser
FNDA:1,assignRole
FNDA:1,removeRole
FNDA:10,permissionMatches
FNDA:5,canAccessResource
DA:1,1
DA:31,1
DA:32,1
DA:33,56
DA:34,56
DA:35,56
DA:37,1
DA:38,56
DA:39,56
DA:44,1
DA:45,56
DA:46,56
DA:47,56
DA:48,56
DA:49,56
DA:50,56
DA:52,56
DA:53,56
DA:54,56
DA:55,56
DA:56,56
DA:57,56
DA:58,56
DA:59,56
DA:60,56
DA:61,56
DA:62,56
DA:63,56
DA:64,56
DA:66,56
DA:67,56
DA:68,56
DA:69,56
DA:70,56
DA:71,56
DA:72,56
DA:73,56
DA:74,56
DA:75,56
DA:76,56
DA:77,56
DA:79,56
DA:80,56
DA:81,56
DA:82,56
DA:83,56
DA:84,56
DA:85,56
DA:86,56
DA:87,56
DA:88,56
DA:89,56
DA:94,1
DA:95,282
DA:96,282
DA:97,282
DA:98,282
DA:99,282
DA:100,282
DA:101,282
DA:106,1
DA:107,37
DA:108,37
DA:109,37
DA:110,37
DA:111,37
DA:112,37
DA:113,37
DA:118,1
DA:119,121
DA:120,121
DA:121,121
DA:123,121
DA:124,109
DA:125,103
DA:126,103
DA:127,109
DA:130,121
DA:132,15
DA:133,0
DA:134,0
DA:135,0
DA:136,0
DA:139,15
DA:140,15
DA:141,8
DA:142,8
DA:145,15
DA:146,0
DA:147,0
DA:148,0
DA:149,0
DA:150,0
DA:151,0
DA:152,0
DA:153,0
DA:154,15
DA:156,10
DA:157,121
DA:162,1
DA:163,0
DA:164,0
DA:165,0
DA:166,0
DA:167,0
DA:168,0
DA:171,0
DA:174,0
DA:175,0
DA:176,0
DA:179,0
DA:180,0
DA:181,0
DA:182,0
DA:183,0
DA:185,0
DA:186,0
DA:191,1
DA:192,0
DA:193,0
DA:194,0
DA:195,0
DA:196,0
DA:197,0
DA:198,0
DA:200,0
DA:201,0
DA:202,0
DA:204,0
DA:206,0
DA:207,0
DA:208,0
DA:209,0
DA:210,0
DA:211,0
DA:216,1
DA:217,0
DA:218,0
DA:219,0
DA:220,0
DA:221,0
DA:222,0
DA:223,0
DA:224,0
DA:226,0
DA:228,0
DA:229,0
DA:231,0
DA:232,0
DA:234,0
DA:235,0
DA:236,0
DA:237,0
DA:238,0
DA:239,0
DA:241,0
DA:242,0
DA:243,0
DA:244,0
DA:245,0
DA:246,0
DA:251,1
DA:252,16
DA:253,16
DA:255,16
DA:256,16
DA:257,0
DA:258,0
DA:259,16
DA:261,16
DA:262,16
DA:263,0
DA:264,0
DA:267,16
DA:270,16
DA:271,0
DA:272,0
DA:273,16
DA:275,16
DA:276,16
DA:277,16
DA:282,1
DA:283,0
DA:284,0
DA:285,0
DA:286,0
DA:288,0
DA:289,0
DA:294,1
DA:296,125
DA:297,1
DA:298,1
DA:301,125
DA:302,9
DA:303,9
DA:306,115
DA:307,115
DA:308,115
DA:309,115
DA:310,102
DA:311,102
DA:312,115
DA:314,13
DA:315,125
DA:320,1
DA:321,0
DA:322,0
DA:327,1
DA:328,4
DA:329,4
DA:334,1
DA:335,14
DA:336,14
DA:337,0
DA:338,0
DA:340,14
DA:341,14
DA:342,14
DA:343,14
DA:348,1
DA:349,2
DA:350,1
DA:351,1
DA:352,1
DA:354,1
DA:355,1
DA:356,1
DA:357,1
DA:358,1
DA:359,2
DA:364,1
DA:365,0
DA:368,0
DA:369,0
DA:370,0
DA:373,0
DA:375,0
DA:376,0
DA:377,0
DA:380,0
DA:381,0
DA:384,0
DA:385,0
DA:386,0
DA:387,0
DA:388,0
DA:389,0
DA:390,0
DA:391,0
DA:393,0
DA:394,0
DA:399,1
DA:400,1
DA:401,1
DA:406,1
DA:407,11
DA:408,11
DA:413,1
DA:414,1
DA:415,1
DA:416,0
DA:417,0
DA:419,1
DA:420,0
DA:421,0
DA:423,1
DA:424,1
DA:425,1
DA:426,1
DA:428,1
DA:429,1
DA:434,1
DA:435,1
DA:436,1
DA:437,0
DA:438,0
DA:440,1
DA:441,1
DA:442,1
DA:443,1
DA:444,1
DA:445,1
DA:447,0
DA:448,1
DA:453,1
DA:455,10
DA:456,1
DA:457,1
DA:460,10
DA:461,2
DA:462,2
DA:465,10
DA:466,6
DA:467,6
DA:468,6
DA:470,1
DA:471,10
DA:476,1
DA:477,5
DA:487,5
DA:488,5
DA:489,5
DA:490,0
DA:491,0
DA:493,5
DA:494,5
DA:497,5
DA:499,1
DA:500,1
DA:501,1
DA:502,1
DA:503,1
DA:504,1
DA:507,5
DA:509,1
DA:510,1
DA:511,1
DA:512,1
DA:515,5
DA:516,1
DA:517,1
DA:520,2
DA:521,2
DA:522,5
DA:523,1
LF:325
LH:209
BRDA:32,0,0,56
BRDA:37,1,0,56
BRDA:44,2,0,56
BRDA:94,3,0,282
BRDA:106,4,0,37
BRDA:118,5,0,121
BRDA:123,6,0,109
BRDA:123,7,0,109
BRDA:124,8,0,103
BRDA:127,9,0,18
BRDA:130,10,0,15
BRDA:132,11,0,0
BRDA:140,12,0,13
BRDA:140,13,0,8
BRDA:142,14,0,7
BRDA:145,15,0,0
BRDA:154,16,0,10
BRDA:251,17,0,16
BRDA:255,18,0,16
BRDA:256,19,0,0
BRDA:262,20,0,0
BRDA:270,21,0,0
BRDA:267,22,0,28
BRDA:294,23,0,125
BRDA:296,24,0,1
BRDA:298,25,0,124
BRDA:301,26,0,9
BRDA:303,27,0,115
BRDA:309,28,0,102
BRDA:312,29,0,13
BRDA:327,30,0,4
BRDA:334,31,0,14
BRDA:336,32,0,0
BRDA:348,33,0,2
BRDA:349,34,0,1
BRDA:399,35,0,1
BRDA:406,36,0,11
BRDA:413,37,0,1
BRDA:415,38,0,0
BRDA:419,39,0,0
BRDA:434,40,0,1
BRDA:436,41,0,0
BRDA:445,42,0,0
BRDA:453,43,0,10
BRDA:455,44,0,1
BRDA:457,45,0,9
BRDA:460,46,0,2
BRDA:462,47,0,7
BRDA:465,48,0,6
BRDA:468,49,0,1
BRDA:476,50,0,5
BRDA:489,51,0,0
BRDA:497,52,0,1
BRDA:504,53,0,4
BRDA:507,54,0,1
BRDA:507,55,0,1
BRDA:512,56,0,3
BRDA:515,57,0,2
BRDA:515,58,0,1
BRDA:517,59,0,2
BRF:60
BRH:49
end_of_record
TN:
SF:src/security/RateLimiter.ts
FN:26,<instance_members_initializer>
FN:31,RateLimiter
FN:39,registerLimit
FN:53,checkLimit
FN:129,resetLimit
FN:146,getUsage
FN:192,createCombinedLimiter
FN:217,createAllowedResult
FN:229,cleanup
FN:258,getStatistics
FN:296,stop
FN:305,middleware
FNF:12
FNH:11
FNDA:52,<instance_members_initializer>
FNDA:52,RateLimiter
FNDA:162,registerLimit
FNDA:552,checkLimit
FNDA:2,resetLimit
FNDA:3,getUsage
FNDA:2,createCombinedLimiter
FNDA:20,createAllowedResult
FNDA:0,cleanup
FNDA:18,getStatistics
FNDA:41,stop
FNDA:1,middleware
DA:1,1
DA:25,1
DA:26,1
DA:27,52
DA:28,52
DA:29,52
DA:31,1
DA:33,52
DA:34,52
DA:39,1
DA:40,162
DA:41,162
DA:43,162
DA:44,162
DA:45,162
DA:46,162
DA:47,162
DA:48,162
DA:53,1
DA:54,552
DA:55,552
DA:56,552
DA:60,552
DA:61,552
DA:62,552
DA:63,1
DA:64,1
DA:67,552
DA:68,32
DA:69,10
DA:70,10
DA:71,32
DA:72,10
DA:73,10
DA:74,32
DA:76,552
DA:77,552
DA:78,552
DA:79,552
DA:81,552
DA:84,552
DA:85,36
DA:86,36
DA:87,36
DA:88,36
DA:89,36
DA:90,36
DA:91,36
DA:94,552
DA:95,42
DA:96,42
DA:98,42
DA:99,42
DA:100,42
DA:101,42
DA:102,42
DA:103,42
DA:104,42
DA:106,42
DA:107,42
DA:108,42
DA:109,42
DA:110,42
DA:111,42
DA:112,42
DA:113,42
DA:116,489
DA:118,489
DA:119,489
DA:120,489
DA:121,489
DA:122,489
DA:123,489
DA:124,552
DA:129,1
DA:130,2
DA:131,2
DA:132,1
DA:133,1
DA:135,2
DA:136,2
DA:137,2
DA:138,1
DA:139,1
DA:140,1
DA:141,2
DA:146,1
DA:151,3
DA:152,3
DA:153,3
DA:154,1
DA:155,1
DA:157,3
DA:158,3
DA:159,3
DA:161,3
DA:162,1
DA:163,1
DA:164,1
DA:165,1
DA:166,1
DA:167,1
DA:168,1
DA:170,1
DA:171,3
DA:173,0
DA:174,0
DA:175,0
DA:176,0
DA:177,0
DA:178,0
DA:179,0
DA:181,1
DA:182,1
DA:183,1
DA:184,1
DA:185,1
DA:186,1
DA:187,3
DA:192,1
DA:193,2
DA:194,2
DA:195,2
DA:196,4
DA:198,4
DA:199,8
DA:201,8
DA:202,1
DA:203,1
DA:205,8
DA:206,7
DA:207,7
DA:208,8
DA:210,4
DA:211,4
DA:212,2
DA:217,1
DA:218,20
DA:219,20
DA:220,20
DA:221,20
DA:222,20
DA:223,20
DA:224,20
DA:229,1
DA:230,0
DA:231,0
DA:233,0
DA:234,0
DA:235,0
DA:237,0
DA:239,0
DA:240,0
DA:242,0
DA:243,0
DA:244,0
DA:246,0
DA:247,0
DA:248,0
DA:250,0
DA:251,0
DA:252,0
DA:253,0
DA:258,1
DA:265,18
DA:266,18
DA:267,18
DA:268,18
DA:270,18
DA:271,66
DA:272,66
DA:275,66
DA:276,66
DA:277,66
DA:280,66
DA:282,66
DA:283,66
DA:284,66
DA:285,66
DA:286,66
DA:287,66
DA:288,66
DA:290,18
DA:291,18
DA:296,1
DA:297,41
DA:298,41
DA:299,41
DA:300,41
DA:305,1
DA:306,1
DA:307,1
DA:308,1
DA:309,1
DA:310,2
DA:311,2
DA:314,2
DA:315,2
DA:316,2
DA:318,2
DA:319,1
DA:320,1
DA:321,1
DA:322,1
DA:323,1
DA:324,1
DA:325,1
DA:326,1
DA:328,1
DA:329,2
DA:330,1
DA:331,1
LF:212
LH:187
BRDA:26,0,0,52
BRDA:31,1,0,52
BRDA:39,2,0,162
BRDA:53,3,0,552
BRDA:62,4,0,1
BRDA:64,5,0,551
BRDA:67,6,0,365
BRDA:67,7,0,32
BRDA:68,8,0,16
BRDA:68,9,0,10
BRDA:70,10,0,22
BRDA:71,11,0,16
BRDA:71,12,0,10
BRDA:74,13,0,531
BRDA:76,14,0,6
BRDA:76,15,0,525
BRDA:79,16,0,345
BRDA:79,17,0,528
BRDA:84,18,0,496
BRDA:84,19,0,36
BRDA:91,20,0,531
BRDA:94,21,0,42
BRDA:113,22,0,489
BRDA:129,23,0,2
BRDA:131,24,0,1
BRDA:135,25,0,0
BRDA:135,26,0,1
BRDA:137,27,0,1
BRDA:146,28,0,3
BRDA:153,29,0,1
BRDA:155,30,0,2
BRDA:157,31,0,0
BRDA:157,32,0,2
BRDA:159,33,0,2
BRDA:161,34,0,1
BRDA:171,35,0,0
BRDA:179,36,0,1
BRDA:192,37,0,2
BRDA:195,38,0,4
BRDA:198,39,0,8
BRDA:201,40,0,1
BRDA:203,41,0,7
BRDA:205,42,0,3
BRDA:205,43,0,7
BRDA:208,44,0,3
BRDA:210,45,0,0
BRDA:217,46,0,20
BRDA:258,47,0,18
BRDA:270,48,0,66
BRDA:276,49,0,5
BRDA:277,50,0,3
BRDA:280,51,0,4
BRDA:296,52,0,41
BRDA:305,53,0,1
BRDA:309,54,0,2
BRDA:318,55,0,1
BRDA:319,56,0,0
BRF:57
BRH:52
end_of_record
TN:
SF:src/security/SecurityManager.ts
FN:35,<instance_members_initializer>
FN:42,SecurityManager
FN:55,initializeRateLimits
FN:103,authenticate
FN:165,authorize
FN:195,checkRateLimit
FN:232,checkToolSecurity
FN:299,createApiKey
FN:316,revokeApiKey
FN:335,createUser
FN:342,getUser
FN:349,createRole
FN:356,updateRole
FN:369,getAuditLogs
FN:373,getSecurityStatistics
FN:386,stop
FNF:16
FNH:16
FNDA:36,<instance_members_initializer>
FNDA:36,SecurityManager
FNDA:36,initializeRateLimits
FNDA:106,authenticate
FNDA:106,authorize
FNDA:330,checkRateLimit
FNDA:100,checkToolSecurity
FNDA:12,createApiKey
FNDA:2,revokeApiKey
FNDA:25,createUser
FNDA:1,getUser
FNDA:50,createRole
FNDA:1,updateRole
FNDA:7,getAuditLogs
FNDA:16,getSecurityStatistics
FNDA:25,stop
DA:1,1
DA:2,1
DA:3,1
DA:4,1
DA:5,1
DA:34,1
DA:35,1
DA:36,36
DA:37,36
DA:38,36
DA:39,36
DA:40,36
DA:42,1
DA:43,36
DA:44,36
DA:45,36
DA:46,36
DA:47,36
DA:49,36
DA:50,36
DA:55,1
DA:56,36
DA:59,36
DA:60,25
DA:61,36
DA:62,11
DA:63,11
DA:64,11
DA:65,11
DA:66,11
DA:69,36
DA:70,25
DA:71,36
DA:72,11
DA:73,11
DA:74,11
DA:75,11
DA:76,11
DA:79,36
DA:80,25
DA:81,36
DA:82,11
DA:83,11
DA:84,11
DA:85,11
DA:86,11
DA:89,36
DA:90,25
DA:91,36
DA:92,11
DA:93,11
DA:94,11
DA:95,11
DA:96,11
DA:97,11
DA:98,36
DA:103,1
DA:108,106
DA:110,106
DA:111,103
DA:113,103
DA:114,2
DA:115,2
DA:116,2
DA:118,2
DA:119,2
DA:120,2
DA:121,2
DA:122,2
DA:124,101
DA:125,101
DA:126,101
DA:127,101
DA:129,101
DA:130,101
DA:131,101
DA:132,101
DA:133,101
DA:136,106
DA:137,1
DA:139,1
DA:140,0
DA:141,0
DA:142,0
DA:143,0
DA:145,0
DA:146,0
DA:147,0
DA:148,0
DA:149,0
DA:150,1
DA:152,3
DA:153,3
DA:154,3
DA:156,3
DA:157,3
DA:158,3
DA:159,3
DA:160,106
DA:165,1
DA:166,106
DA:167,106
DA:168,106
DA:169,106
DA:171,106
DA:172,106
DA:173,102
DA:174,102
DA:175,102
DA:176,102
DA:177,102
DA:178,102
DA:179,106
DA:180,4
DA:181,4
DA:182,4
DA:183,4
DA:184,4
DA:185,4
DA:186,4
DA:187,106
DA:189,106
DA:190,106
DA:195,1
DA:196,330
DA:197,330
DA:202,330
DA:203,330
DA:204,330
DA:205,129
DA:206,201
DA:208,330
DA:209,330
DA:210,330
DA:212,330
DA:213,34
DA:214,34
DA:215,34
DA:216,34
DA:217,34
DA:218,34
DA:219,34
DA:220,34
DA:221,34
DA:223,330
DA:224,330
DA:225,330
DA:226,330
DA:227,330
DA:232,1
DA:233,100
DA:234,100
DA:235,100
DA:240,100
DA:242,100
DA:243,100
DA:244,1
DA:245,1
DA:246,1
DA:247,1
DA:248,1
DA:251,99
DA:252,99
DA:253,99
DA:254,100
DA:255,100
DA:258,100
DA:259,1
DA:260,1
DA:261,1
DA:262,1
DA:263,1
DA:266,100
DA:269,100
DA:270,100
DA:271,100
DA:273,100
DA:274,1
DA:275,1
DA:276,1
DA:277,1
DA:278,1
DA:279,1
DA:282,97
DA:283,97
DA:284,97
DA:285,97
DA:287,100
DA:288,31
DA:289,31
DA:290,31
DA:291,31
DA:292,31
DA:293,31
DA:295,66
DA:296,100
DA:299,1
DA:300,12
DA:301,12
DA:303,12
DA:305,2
DA:306,2
DA:308,12
DA:309,12
DA:310,12
DA:311,12
DA:313,12
DA:314,12
DA:316,1
DA:317,2
DA:319,2
DA:320,1
DA:321,1
DA:322,1
DA:323,1
DA:324,1
DA:325,1
DA:326,1
DA:327,1
DA:328,1
DA:329,1
DA:331,2
DA:332,2
DA:335,1
DA:336,25
DA:337,25
DA:338,25
DA:339,25
DA:340,25
DA:342,1
DA:345,1
DA:346,1
DA:349,1
DA:350,50
DA:351,50
DA:352,50
DA:353,50
DA:354,50
DA:356,1
DA:357,1
DA:359,1
DA:360,1
DA:361,1
DA:362,1
DA:363,1
DA:365,1
DA:366,1
DA:369,1
DA:370,7
DA:371,7
DA:373,1
DA:377,16
DA:378,16
DA:379,16
DA:380,16
DA:381,16
DA:382,16
DA:383,16
DA:386,1
DA:387,25
DA:388,25
DA:389,1
LF:262
LH:253
BRDA:35,0,0,36
BRDA:42,1,0,36
BRDA:55,2,0,36
BRDA:56,3,0,11
BRDA:59,4,0,25
BRDA:61,5,0,11
BRDA:69,6,0,25
BRDA:71,7,0,11
BRDA:79,8,0,25
BRDA:81,9,0,11
BRDA:89,10,0,25
BRDA:91,11,0,11
BRDA:103,12,0,106
BRDA:110,13,0,103
BRDA:113,14,0,2
BRDA:114,15,0,0
BRDA:122,16,0,101
BRDA:133,17,0,3
BRDA:136,18,0,1
BRDA:139,19,0,0
BRDA:150,20,0,3
BRDA:165,21,0,106
BRDA:172,22,0,102
BRDA:174,23,0,2
BRDA:179,24,0,4
BRDA:181,25,0,2
BRDA:195,26,0,330
BRDA:204,27,0,129
BRDA:204,28,0,129
BRDA:205,29,0,201
BRDA:212,30,0,34
BRDA:212,31,0,34
BRDA:232,32,0,100
BRDA:243,33,0,1
BRDA:246,34,0,0
BRDA:248,35,0,99
BRDA:254,36,0,99
BRDA:258,37,0,1
BRDA:263,38,0,98
BRDA:266,39,0,0
BRDA:266,40,0,98
BRDA:266,41,0,0
BRDA:270,42,0,0
BRDA:270,43,0,98
BRDA:273,44,0,1
BRDA:279,45,0,97
BRDA:287,46,0,31
BRDA:293,47,0,66
BRDA:299,48,0,12
BRDA:300,49,0,11
BRDA:303,50,0,2
BRDA:316,51,0,2
BRDA:319,52,0,1
BRDA:335,53,0,25
BRDA:342,54,0,1
BRDA:349,55,0,50
BRDA:356,56,0,1
BRDA:369,57,0,7
BRDA:373,58,0,16
BRDA:386,59,0,25
BRF:60
BRH:54
end_of_record
TN:
SF:src/security/index.ts
FNF:0
FNH:0
DA:1,1
DA:2,1
DA:8,1
DA:13,1
DA:18,1
LF:5
LH:5
BRF:0
BRH:0
end_of_record
TN:
SF:src/server/N8nMcpServer.ts
FN:52,<instance_members_initializer>
FN:62,N8nMcpServer
FN:122,registerTools
FN:170,updateToolContext
FN:183,setupHandlers
FN:280,setupErrorHandling
FN:282,server.onerror
FN:299,createMcpError
FN:338,log
FN:344,connect
FN:357,close
FN:370,getUptime
FN:374,getStats
FN:404,isHealthy
FN:413,getSecurity
FN:417,createApiKey
FN:421,revokeApiKey
FNF:17
FNH:12
FNDA:9,<instance_members_initializer>
FNDA:9,N8nMcpServer
FNDA:9,registerTools
FNDA:14,updateToolContext
FNDA:9,setupHandlers
FNDA:9,setupErrorHandling
FNDA:0,server.onerror
FNDA:0,createMcpError
FNDA:47,log
FNDA:6,connect
FNDA:6,close
FNDA:15,getUptime
FNDA:15,getStats
FNDA:3,isHealthy
FNDA:0,getSecurity
FNDA:0,createApiKey
FNDA:0,revokeApiKey
DA:1,1
DA:2,1
DA:8,1
DA:10,1
DA:16,1
DA:35,1
DA:44,1
DA:51,1
DA:52,1
DA:53,9
DA:54,9
DA:55,9
DA:56,9
DA:57,9
DA:58,9
DA:59,9
DA:60,9
DA:62,1
DA:63,9
DA:66,9
DA:67,9
DA:69,9
DA:71,0
DA:72,0
DA:73,9
DA:75,9
DA:76,9
DA:78,9
DA:79,9
DA:80,9
DA:81,9
DA:82,9
DA:83,9
DA:84,9
DA:85,9
DA:86,9
DA:87,9
DA:88,9
DA:89,9
DA:90,9
DA:93,9
DA:96,9
DA:99,9
DA:102,9
DA:103,4
DA:104,4
DA:105,4
DA:106,4
DA:107,4
DA:108,0
DA:109,0
DA:110,9
DA:111,5
DA:112,5
DA:115,9
DA:118,9
DA:119,9
DA:120,9
DA:122,1
DA:124,9
DA:127,9
DA:129,4
DA:132,4
DA:133,4
DA:134,4
DA:135,4
DA:136,4
DA:137,4
DA:138,4
DA:141,4
DA:142,4
DA:143,4
DA:144,4
DA:145,4
DA:146,4
DA:149,4
DA:150,4
DA:151,4
DA:152,4
DA:153,4
DA:154,4
DA:155,4
DA:158,9
DA:161,9
DA:162,0
DA:163,9
DA:165,9
DA:166,0
DA:167,9
DA:168,9
DA:170,1
DA:171,14
DA:172,14
DA:173,14
DA:174,14
DA:175,14
DA:176,14
DA:177,14
DA:178,14
DA:179,14
DA:180,14
DA:181,14
DA:183,1
DA:185,9
DA:186,5
DA:187,5
DA:189,5
DA:191,5
DA:193,5
DA:194,5
DA:195,5
DA:196,5
DA:197,0
DA:198,0
DA:199,0
DA:200,0
DA:201,9
DA:204,9
DA:205,0
DA:206,0
DA:208,0
DA:209,0
DA:211,0
DA:213,0
DA:218,0
DA:219,0
DA:220,0
DA:221,0
DA:222,0
DA:223,0
DA:224,0
DA:225,0
DA:228,0
DA:229,0
DA:230,0
DA:231,0
DA:234,0
DA:235,0
DA:236,0
DA:237,0
DA:238,0
DA:240,0
DA:241,0
DA:242,0
DA:243,0
DA:244,0
DA:246,0
DA:247,0
DA:248,0
DA:249,0
DA:250,0
DA:251,0
DA:253,0
DA:254,0
DA:255,0
DA:256,0
DA:259,0
DA:262,0
DA:264,0
DA:265,0
DA:266,0
DA:267,0
DA:268,0
DA:269,0
DA:270,0
DA:271,0
DA:272,0
DA:273,0
DA:274,0
DA:275,0
DA:276,0
DA:277,9
DA:278,9
DA:280,1
DA:282,9
DA:283,0
DA:284,0
DA:285,0
DA:286,0
DA:287,0
DA:288,0
DA:289,0
DA:290,0
DA:291,0
DA:294,9
DA:295,0
DA:296,9
DA:297,9
DA:299,1
DA:300,0
DA:301,0
DA:302,0
DA:304,0
DA:305,0
DA:306,0
DA:307,0
DA:308,0
DA:309,0
DA:311,0
DA:312,0
DA:313,0
DA:314,0
DA:315,0
DA:316,0
DA:318,0
DA:319,0
DA:320,0
DA:321,0
DA:322,0
DA:323,0
DA:325,0
DA:326,0
DA:327,0
DA:328,0
DA:329,0
DA:330,0
DA:332,0
DA:333,0
DA:334,0
DA:335,0
DA:336,0
DA:338,1
DA:339,47
DA:340,47
DA:341,47
DA:342,47
DA:344,1
DA:345,6
DA:346,6
DA:347,6
DA:348,6
DA:349,6
DA:350,6
DA:351,0
DA:352,0
DA:353,0
DA:354,0
DA:355,6
DA:357,1
DA:358,6
DA:359,6
DA:360,6
DA:361,6
DA:362,6
DA:363,6
DA:364,0
DA:365,0
DA:366,0
DA:367,6
DA:370,1
DA:371,15
DA:372,15
DA:374,1
DA:375,15
DA:376,15
DA:377,15
DA:378,15
DA:379,15
DA:382,15
DA:383,15
DA:384,15
DA:385,15
DA:386,15
DA:388,15
DA:389,15
DA:390,15
DA:391,15
DA:392,15
DA:393,15
DA:394,60
DA:395,60
DA:396,15
DA:397,15
DA:398,15
DA:399,15
DA:400,0
DA:401,0
DA:402,15
DA:404,1
DA:407,3
DA:408,1
DA:409,0
DA:410,3
DA:413,1
DA:414,0
DA:415,0
DA:417,1
DA:418,0
DA:419,0
DA:421,1
DA:422,0
DA:423,0
DA:424,1
LF:293
LH:172
BRDA:52,0,0,9
BRDA:62,1,0,9
BRDA:69,2,0,4
BRDA:69,3,0,0
BRDA:102,4,0,4
BRDA:102,5,0,4
BRDA:102,6,0,4
BRDA:107,7,0,0
BRDA:110,8,0,5
BRDA:122,9,0,9
BRDA:127,10,0,4
BRDA:170,11,0,14
BRDA:172,12,0,6
BRDA:177,13,0,8
BRDA:177,14,0,6
BRDA:183,15,0,9
BRDA:185,16,0,5
BRDA:196,17,0,0
BRDA:280,18,0,9
BRDA:338,19,0,47
BRDA:340,20,0,0
BRDA:344,21,0,6
BRDA:350,22,0,0
BRDA:357,23,0,6
BRDA:363,24,0,0
BRDA:370,25,0,15
BRDA:374,26,0,15
BRDA:378,27,0,5
BRDA:378,28,0,10
BRDA:399,29,0,0
BRDA:393,30,0,60
BRDA:404,31,0,3
BRDA:407,32,0,2
BRDA:407,33,0,1
BRDA:408,34,0,0
BRF:35
BRH:27
end_of_record
TN:
SF:src/services/N8nApiClient.ts
FN:30,<instance_members_initializer>
FN:36,N8nApiClient
FN:75,setupInterceptors
FN:78,axios.interceptors.response.use.status.status
FN:130,executeWithRetry
FN:146,getCacheKey
FN:150,request
FN:197,testConnection
FN:214,getWorkflows
FN:225,getWorkflow
FN:229,createWorkflow
FN:235,updateWorkflow
FN:241,deleteWorkflow
FN:245,activateWorkflow
FN:251,deactivateWorkflow
FN:258,getExecutions
FN:269,getExecution
FN:273,triggerWorkflow
FN:282,stopExecution
FN:286,deleteExecution
FN:291,getCredentials
FN:300,getCredential
FN:304,createCredential
FN:310,updateCredential
FN:319,deleteCredential
FN:323,testCredential
FN:336,clearCache
FN:340,getCacheStats
FN:344,getQueueStats
FN:356,pauseQueue
FN:360,resumeQueue
FNF:31
FNH:9
FNDA:16,<instance_members_initializer>
FNDA:16,N8nApiClient
FNDA:16,setupInterceptors
FNDA:0,axios.interceptors.response.use.status.status
FNDA:4,executeWithRetry
FNDA:3,getCacheKey
FNDA:5,request
FNDA:1,testConnection
FNDA:3,getWorkflows
FNDA:0,getWorkflow
FNDA:1,createWorkflow
FNDA:0,updateWorkflow
FNDA:0,deleteWorkflow
FNDA:0,activateWorkflow
FNDA:0,deactivateWorkflow
FNDA:0,getExecutions
FNDA:0,getExecution
FNDA:0,triggerWorkflow
FNDA:0,stopExecution
FNDA:0,deleteExecution
FNDA:0,getCredentials
FNDA:0,getCredential
FNDA:0,createCredential
FNDA:0,updateCredential
FNDA:0,deleteCredential
FNDA:0,testCredential
FNDA:0,clearCache
FNDA:0,getCacheStats
FNDA:0,getQueueStats
FNDA:0,pauseQueue
FNDA:0,resumeQueue
DA:1,1
DA:2,1
DA:3,1
DA:4,1
DA:12,1
DA:13,1
DA:29,1
DA:30,1
DA:31,16
DA:32,16
DA:33,16
DA:34,16
DA:36,1
DA:38,16
DA:39,16
DA:42,16
DA:45,16
DA:48,16
DA:49,16
DA:50,16
DA:51,16
DA:52,16
DA:53,16
DA:54,16
DA:55,16
DA:56,16
DA:59,16
DA:60,16
DA:61,16
DA:62,16
DA:63,16
DA:66,16
DA:67,16
DA:68,16
DA:69,16
DA:72,16
DA:73,16
DA:75,1
DA:77,16
DA:78,16
DA:79,16
DA:80,3
DA:81,3
DA:84,3
DA:85,3
DA:86,3
DA:87,1
DA:88,1
DA:89,1
DA:90,3
DA:91,1
DA:92,1
DA:93,1
DA:94,1
DA:95,1
DA:96,1
DA:97,3
DA:98,1
DA:99,1
DA:100,1
DA:101,1
DA:102,1
DA:103,1
DA:104,1
DA:105,1
DA:106,3
DA:107,0
DA:109,0
DA:110,0
DA:111,0
DA:112,0
DA:113,0
DA:114,0
DA:115,0
DA:116,0
DA:117,0
DA:118,0
DA:119,0
DA:121,0
DA:122,0
DA:123,0
DA:124,0
DA:125,0
DA:126,3
DA:127,16
DA:128,16
DA:130,1
DA:131,4
DA:132,4
DA:133,4
DA:134,4
DA:135,4
DA:136,4
DA:137,4
DA:138,4
DA:139,4
DA:140,4
DA:141,4
DA:142,4
DA:143,4
DA:144,4
DA:146,1
DA:147,3
DA:148,3
DA:150,1
DA:151,5
DA:152,5
DA:153,5
DA:157,5
DA:158,5
DA:159,5
DA:162,5
DA:163,2
DA:164,2
DA:165,2
DA:166,1
DA:167,1
DA:168,2
DA:171,4
DA:172,4
DA:173,4
DA:174,4
DA:175,4
DA:176,5
DA:177,5
DA:178,5
DA:179,5
DA:182,5
DA:183,5
DA:184,5
DA:185,5
DA:188,5
DA:189,1
DA:190,1
DA:191,1
DA:193,4
DA:194,5
DA:197,1
DA:198,1
DA:201,1
DA:202,1
DA:203,1
DA:204,1
DA:205,1
DA:206,0
DA:207,0
DA:208,0
DA:209,0
DA:210,0
DA:211,1
DA:214,1
DA:219,3
DA:220,3
DA:221,3
DA:222,3
DA:223,3
DA:225,1
DA:226,0
DA:227,0
DA:229,1
DA:230,1
DA:231,1
DA:232,1
DA:233,1
DA:235,1
DA:236,0
DA:237,0
DA:238,0
DA:239,0
DA:241,1
DA:242,0
DA:243,0
DA:245,1
DA:246,0
DA:247,0
DA:248,0
DA:249,0
DA:251,1
DA:252,0
DA:253,0
DA:254,0
DA:255,0
DA:258,1
DA:263,0
DA:264,0
DA:265,0
DA:266,0
DA:267,0
DA:269,1
DA:270,0
DA:271,0
DA:273,1
DA:274,0
DA:275,0
DA:276,0
DA:277,0
DA:278,0
DA:279,0
DA:280,0
DA:282,1
DA:283,0
DA:284,0
DA:286,1
DA:287,0
DA:288,0
DA:291,1
DA:294,0
DA:295,0
DA:296,0
DA:297,0
DA:298,0
DA:300,1
DA:301,0
DA:302,0
DA:304,1
DA:305,0
DA:306,0
DA:307,0
DA:308,0
DA:310,1
DA:311,0
DA:312,0
DA:313,0
DA:314,0
DA:315,0
DA:316,0
DA:317,0
DA:319,1
DA:320,0
DA:321,0
DA:323,1
DA:324,0
DA:325,0
DA:326,0
DA:327,0
DA:328,0
DA:329,0
DA:330,0
DA:331,0
DA:332,0
DA:333,0
DA:336,1
DA:337,0
DA:338,0
DA:340,1
DA:341,0
DA:342,0
DA:344,1
DA:348,0
DA:349,0
DA:350,0
DA:351,0
DA:352,0
DA:353,0
DA:354,0
DA:356,1
DA:357,0
DA:358,0
DA:360,1
DA:361,0
DA:362,0
DA:363,1
LF:262
LH:161
BRDA:30,0,0,16
BRDA:36,1,0,16
BRDA:75,2,0,16
BRDA:79,3,0,3
BRDA:85,4,0,1
BRDA:86,5,0,1
BRDA:88,6,0,0
BRDA:90,7,0,1
BRDA:92,8,0,0
BRDA:97,9,0,1
BRDA:99,10,0,0
BRDA:106,11,0,0
BRDA:130,12,0,4
BRDA:146,13,0,3
BRDA:147,14,0,0
BRDA:150,15,0,5
BRDA:162,16,0,4
BRDA:162,17,0,2
BRDA:162,18,0,0
BRDA:162,19,0,2
BRDA:165,20,0,1
BRDA:168,21,0,4
BRDA:176,22,0,0
BRDA:176,23,0,0
BRDA:177,24,0,0
BRDA:177,25,0,0
BRDA:178,26,0,0
BRDA:178,27,0,0
BRDA:184,28,0,0
BRDA:185,29,0,4
BRDA:188,30,0,3
BRDA:188,31,0,1
BRDA:188,32,0,1
BRDA:191,33,0,4
BRDA:183,34,0,4
BRDA:183,35,0,4
BRDA:197,36,0,1
BRDA:205,37,0,0
BRDA:214,38,0,3
BRDA:229,39,0,1
BRF:40
BRH:26
end_of_record
TN:
SF:src/tools/ToolRegistry.ts
FN:51,<instance_members_initializer>
FN:57,ToolRegistry
FN:65,register
FN:109,registerMany
FN:125,unregister
FN:153,get
FN:160,has
FN:167,getAll
FN:174,getNames
FN:181,getByCategory
FN:191,getByTag
FN:201,search
FN:214,execute
FN:269,getStats
FN:276,getAllStats
FN:283,toMcpTools
FN:292,getDependents
FN:307,generateRequestId
FN:314,updateContext
FN:321,getContext
FN:328,clear
FNF:21
FNH:17
FNDA:34,<instance_members_initializer>
FNDA:34,ToolRegistry
FNDA:120,register
FNDA:0,registerMany
FNDA:4,unregister
FNDA:2,get
FNDA:3,has
FNDA:14,getAll
FNDA:1,getNames
FNDA:2,getByCategory
FNDA:2,getByTag
FNDA:2,search
FNDA:8,execute
FNDA:2,getStats
FNDA:0,getAllStats
FNDA:7,toMcpTools
FNDA:3,getDependents
FNDA:7,generateRequestId
FNDA:15,updateContext
FNDA:0,getContext
FNDA:0,clear
DA:1,1
DA:50,1
DA:51,1
DA:52,34
DA:53,34
DA:54,34
DA:55,34
DA:57,1
DA:58,34
DA:59,34
DA:60,34
DA:65,1
DA:66,120
DA:69,120
DA:70,1
DA:71,1
DA:74,120
DA:75,3
DA:76,1
DA:77,1
DA:78,3
DA:81,120
DA:82,1
DA:83,1
DA:86,117
DA:87,117
DA:90,117
DA:91,117
DA:92,117
DA:93,117
DA:94,117
DA:95,117
DA:98,120
DA:99,2
DA:100,2
DA:103,117
DA:104,120
DA:109,1
DA:111,0
DA:112,0
DA:113,0
DA:114,0
DA:115,0
DA:117,0
DA:118,0
DA:119,0
DA:120,0
DA:125,1
DA:126,4
DA:127,4
DA:128,1
DA:129,1
DA:132,3
DA:133,4
DA:134,1
DA:135,1
DA:136,1
DA:137,1
DA:140,2
DA:141,2
DA:142,2
DA:143,2
DA:146,2
DA:147,2
DA:148,4
DA:153,1
DA:154,2
DA:155,2
DA:160,1
DA:161,3
DA:162,3
DA:167,1
DA:168,14
DA:169,14
DA:174,1
DA:175,1
DA:176,1
DA:181,1
DA:182,2
DA:183,2
DA:184,2
DA:185,2
DA:186,2
DA:191,1
DA:192,2
DA:193,2
DA:194,2
DA:195,2
DA:196,2
DA:201,1
DA:202,2
DA:203,2
DA:204,4
DA:205,4
DA:206,3
DA:208,2
DA:209,2
DA:214,1
DA:215,8
DA:216,8
DA:217,1
DA:218,1
DA:221,8
DA:222,0
DA:223,0
DA:224,0
DA:225,0
DA:226,0
DA:229,7
DA:230,7
DA:231,7
DA:232,8
DA:233,8
DA:236,8
DA:237,8
DA:239,8
DA:241,8
DA:244,5
DA:245,5
DA:246,5
DA:247,5
DA:248,5
DA:251,5
DA:253,5
DA:254,8
DA:256,2
DA:257,2
DA:260,2
DA:262,2
DA:263,2
DA:264,8
DA:269,1
DA:270,2
DA:271,2
DA:276,1
DA:277,0
DA:278,0
DA:283,1
DA:284,7
DA:285,7
DA:286,7
DA:287,7
DA:292,1
DA:293,3
DA:295,3
DA:296,1
DA:297,1
DA:298,1
DA:299,1
DA:301,3
DA:302,3
DA:307,1
DA:308,7
DA:309,7
DA:314,1
DA:315,15
DA:316,15
DA:321,1
DA:322,0
DA:323,0
DA:328,1
DA:329,0
DA:330,0
DA:331,0
DA:332,0
DA:333,0
DA:334,0
DA:335,1
LF:168
LH:144
BRDA:51,0,0,34
BRDA:57,1,0,34
BRDA:65,2,0,120
BRDA:69,3,0,2
BRDA:69,4,0,1
BRDA:71,5,0,119
BRDA:74,6,0,3
BRDA:75,7,0,1
BRDA:78,8,0,118
BRDA:81,9,0,19
BRDA:81,10,0,1
BRDA:83,11,0,117
BRDA:98,12,0,2
BRDA:100,13,0,117
BRDA:125,14,0,4
BRDA:127,15,0,1
BRDA:129,16,0,3
BRDA:133,17,0,1
BRDA:137,18,0,2
BRDA:153,19,0,2
BRDA:160,20,0,3
BRDA:167,21,0,14
BRDA:174,22,0,1
BRDA:181,23,0,2
BRDA:182,24,0,2
BRDA:191,25,0,2
BRDA:192,26,0,2
BRDA:194,27,0,1
BRDA:201,28,0,2
BRDA:203,29,0,4
BRDA:205,30,0,3
BRDA:214,31,0,8
BRDA:216,32,0,1
BRDA:218,33,0,7
BRDA:221,34,0,0
BRDA:226,35,0,7
BRDA:232,36,0,1
BRDA:232,37,0,7
BRDA:241,38,0,5
BRDA:254,39,0,2
BRDA:269,40,0,2
BRDA:283,41,0,7
BRDA:285,42,0,88
BRDA:285,43,0,14
BRDA:286,44,0,87
BRDA:292,45,0,3
BRDA:295,46,0,1
BRDA:307,47,0,7
BRDA:314,48,0,15
BRF:49
BRH:48
end_of_record
TN:
SF:src/tools/index.ts
FNF:0
FNH:0
DA:2,1
DA:3,1
DA:6,1
DA:7,1
DA:10,1
DA:13,1
LF:6
LH:6
BRF:0
BRH:0
end_of_record
TN:
SF:src/tools/base/Tool.ts
FN:141,toMcpTool
FN:152,validateInput
FN:174,createTextResponse
FN:184,createErrorResponse
FN:213,executeWithErrorHandling
FN:239,zodToJsonSchema
FNF:6
FNH:5
FNDA:87,toMcpTool
FNDA:67,validateInput
FNDA:22,createTextResponse
FNDA:9,createErrorResponse
FNDA:0,executeWithErrorHandling
FNDA:87,zodToJsonSchema
DA:1,1
DA:3,1
DA:4,1
DA:5,1
DA:6,1
DA:131,1
DA:141,1
DA:142,87
DA:143,87
DA:144,87
DA:145,87
DA:146,87
DA:147,87
DA:152,1
DA:153,67
DA:154,67
DA:155,67
DA:156,9
DA:157,9
DA:158,9
DA:159,9
DA:160,15
DA:161,15
DA:162,15
DA:163,9
DA:164,9
DA:165,9
DA:166,9
DA:167,0
DA:168,0
DA:169,67
DA:174,1
DA:175,22
DA:176,22
DA:177,22
DA:178,22
DA:179,22
DA:184,1
DA:185,9
DA:186,9
DA:188,9
DA:189,9
DA:190,9
DA:191,9
DA:192,9
DA:193,9
DA:194,9
DA:195,9
DA:196,9
DA:197,9
DA:199,9
DA:200,9
DA:201,9
DA:202,9
DA:203,9
DA:204,9
DA:205,9
DA:206,9
DA:207,9
DA:208,9
DA:213,1
DA:214,0
DA:215,0
DA:216,0
DA:217,0
DA:218,0
DA:219,0
DA:220,0
DA:221,0
DA:222,0
DA:223,0
DA:226,0
DA:227,0
DA:228,0
DA:229,0
DA:230,0
DA:232,0
DA:233,0
DA:234,0
DA:239,1
DA:240,87
DA:241,87
DA:242,1
LF:83
LH:63
BRDA:141,0,0,87
BRDA:152,1,0,67
BRDA:155,2,0,9
BRDA:166,3,0,0
BRDA:159,4,0,15
BRDA:174,5,0,22
BRDA:177,6,0,17
BRDA:184,7,0,9
BRDA:185,8,0,7
BRDA:185,9,0,2
BRDA:239,10,0,87
BRF:11
BRH:10
end_of_record
TN:
SF:src/tools/credential/CreateCredentialTool.ts
FN:5,<instance_members_initializer>
FN:19,execute
FN:80,getMetadata
FNF:3
FNH:3
FNDA:9,<instance_members_initializer>
FNDA:3,execute
FNDA:1,getMetadata
DA:1,1
DA:2,1
DA:4,1
DA:5,1
DA:6,9
DA:8,9
DA:9,9
DA:10,9
DA:11,9
DA:12,9
DA:13,9
DA:14,9
DA:15,9
DA:16,9
DA:17,9
DA:19,1
DA:20,3
DA:22,3
DA:23,1
DA:24,1
DA:26,2
DA:28,2
DA:29,2
DA:30,2
DA:31,2
DA:33,2
DA:34,3
DA:35,1
DA:36,1
DA:39,1
DA:40,1
DA:41,1
DA:42,1
DA:43,1
DA:44,1
DA:45,1
DA:46,1
DA:47,1
DA:48,1
DA:49,1
DA:50,1
DA:51,1
DA:52,1
DA:53,3
DA:54,3
DA:55,3
DA:57,1
DA:58,1
DA:59,1
DA:60,1
DA:61,1
DA:62,1
DA:63,1
DA:64,1
DA:65,1
DA:67,1
DA:68,1
DA:69,1
DA:70,1
DA:71,1
DA:72,1
DA:73,1
DA:74,1
DA:75,1
DA:76,1
DA:77,1
DA:78,3
DA:80,1
DA:81,1
DA:82,1
DA:83,1
DA:84,1
DA:85,1
DA:86,1
DA:87,1
DA:88,1
LF:76
LH:76
BRDA:5,0,0,9
BRDA:19,1,0,3
BRDA:22,2,0,1
BRDA:24,3,0,2
BRDA:34,4,0,1
BRDA:55,5,0,1
BRDA:75,6,0,0
BRDA:33,7,0,4
BRDA:80,8,0,1
BRF:9
BRH:8
end_of_record
TN:
SF:src/tools/credential/DeleteCredentialTool.ts
FN:5,<instance_members_initializer>
FN:13,execute
FN:84,getMetadata
FNF:3
FNH:1
FNDA:4,<instance_members_initializer>
FNDA:0,execute
FNDA:0,getMetadata
DA:1,1
DA:2,1
DA:4,1
DA:5,1
DA:6,4
DA:8,4
DA:9,4
DA:10,4
DA:11,4
DA:13,1
DA:14,0
DA:16,0
DA:17,0
DA:18,0
DA:20,0
DA:22,0
DA:23,0
DA:24,0
DA:25,0
DA:28,0
DA:29,0
DA:30,0
DA:31,0
DA:32,0
DA:33,0
DA:34,0
DA:35,0
DA:36,0
DA:37,0
DA:39,0
DA:40,0
DA:41,0
DA:42,0
DA:43,0
DA:44,0
DA:45,0
DA:46,0
DA:47,0
DA:49,0
DA:50,0
DA:51,0
DA:53,0
DA:54,0
DA:55,0
DA:58,0
DA:59,0
DA:60,0
DA:61,0
DA:63,0
DA:64,0
DA:65,0
DA:66,0
DA:67,0
DA:68,0
DA:69,0
DA:71,0
DA:72,0
DA:73,0
DA:74,0
DA:75,0
DA:76,0
DA:77,0
DA:78,0
DA:79,0
DA:80,0
DA:81,0
DA:82,0
DA:84,1
DA:85,0
DA:86,0
DA:87,0
DA:88,0
DA:89,0
DA:90,0
DA:91,0
DA:92,1
LF:76
LH:12
BRDA:5,0,0,4
BRF:1
BRH:1
end_of_record
TN:
SF:src/tools/credential/GetCredentialTool.ts
FN:5,<instance_members_initializer>
FN:13,execute
FN:94,getMetadata
FNF:3
FNH:1
FNDA:4,<instance_members_initializer>
FNDA:0,execute
FNDA:0,getMetadata
DA:1,1
DA:2,1
DA:4,1
DA:5,1
DA:6,4
DA:8,4
DA:9,4
DA:10,4
DA:11,4
DA:13,1
DA:14,0
DA:16,0
DA:17,0
DA:18,0
DA:20,0
DA:22,0
DA:23,0
DA:24,0
DA:25,0
DA:26,0
DA:27,0
DA:28,0
DA:29,0
DA:30,0
DA:32,0
DA:35,0
DA:36,0
DA:37,0
DA:38,0
DA:40,0
DA:41,0
DA:42,0
DA:43,0
DA:44,0
DA:45,0
DA:46,0
DA:47,0
DA:49,0
DA:50,0
DA:51,0
DA:52,0
DA:53,0
DA:54,0
DA:55,0
DA:56,0
DA:57,0
DA:58,0
DA:59,0
DA:61,0
DA:62,0
DA:64,0
DA:65,0
DA:66,0
DA:67,0
DA:68,0
DA:69,0
DA:70,0
DA:71,0
DA:72,0
DA:73,0
DA:74,0
DA:75,0
DA:76,0
DA:78,0
DA:79,0
DA:81,0
DA:82,0
DA:83,0
DA:84,0
DA:85,0
DA:86,0
DA:87,0
DA:88,0
DA:89,0
DA:90,0
DA:91,0
DA:92,0
DA:94,1
DA:95,0
DA:96,0
DA:97,0
DA:98,0
DA:99,0
DA:100,0
DA:101,0
DA:102,1
LF:86
LH:12
BRDA:5,0,0,4
BRF:1
BRH:1
end_of_record
TN:
SF:src/tools/credential/ListCredentialsTool.ts
FN:5,<instance_members_initializer>
FN:15,execute
FN:99,getMetadata
FNF:3
FNH:1
FNDA:4,<instance_members_initializer>
FNDA:0,execute
FNDA:0,getMetadata
DA:1,1
DA:2,1
DA:4,1
DA:5,1
DA:6,4
DA:8,4
DA:9,4
DA:10,4
DA:11,4
DA:12,4
DA:13,4
DA:15,1
DA:16,0
DA:18,0
DA:19,0
DA:20,0
DA:22,0
DA:24,0
DA:25,0
DA:26,0
DA:27,0
DA:28,0
DA:29,0
DA:30,0
DA:31,0
DA:32,0
DA:34,0
DA:37,0
DA:38,0
DA:39,0
DA:40,0
DA:41,0
DA:43,0
DA:44,0
DA:45,0
DA:46,0
DA:47,0
DA:48,0
DA:50,0
DA:51,0
DA:52,0
DA:53,0
DA:54,0
DA:55,0
DA:58,0
DA:59,0
DA:60,0
DA:61,0
DA:62,0
DA:63,0
DA:64,0
DA:65,0
DA:67,0
DA:68,0
DA:71,0
DA:72,0
DA:73,0
DA:74,0
DA:75,0
DA:76,0
DA:77,0
DA:79,0
DA:80,0
DA:81,0
DA:82,0
DA:83,0
DA:84,0
DA:86,0
DA:87,0
DA:88,0
DA:89,0
DA:90,0
DA:91,0
DA:92,0
DA:93,0
DA:94,0
DA:95,0
DA:96,0
DA:97,0
DA:99,1
DA:100,0
DA:101,0
DA:102,0
DA:103,0
DA:104,0
DA:105,0
DA:106,0
DA:107,1
LF:88
LH:14
BRDA:5,0,0,4
BRF:1
BRH:1
end_of_record
TN:
SF:src/tools/credential/TestCredentialTool.ts
FN:5,<instance_members_initializer>
FN:13,execute
FN:94,getMetadata
FNF:3
FNH:1
FNDA:4,<instance_members_initializer>
FNDA:0,execute
FNDA:0,getMetadata
DA:1,1
DA:2,1
DA:4,1
DA:5,1
DA:6,4
DA:8,4
DA:9,4
DA:10,4
DA:11,4
DA:13,1
DA:14,0
DA:16,0
DA:17,0
DA:18,0
DA:20,0
DA:22,0
DA:23,0
DA:24,0
DA:25,0
DA:28,0
DA:29,0
DA:30,0
DA:31,0
DA:32,0
DA:33,0
DA:34,0
DA:35,0
DA:36,0
DA:38,0
DA:39,0
DA:40,0
DA:41,0
DA:42,0
DA:43,0
DA:44,0
DA:45,0
DA:46,0
DA:47,0
DA:50,0
DA:51,0
DA:52,0
DA:53,0
DA:54,0
DA:56,0
DA:57,0
DA:58,0
DA:59,0
DA:60,0
DA:61,0
DA:62,0
DA:63,0
DA:64,0
DA:67,0
DA:68,0
DA:69,0
DA:70,0
DA:71,0
DA:72,0
DA:73,0
DA:75,0
DA:76,0
DA:77,0
DA:78,0
DA:79,0
DA:80,0
DA:81,0
DA:82,0
DA:84,0
DA:85,0
DA:86,0
DA:87,0
DA:88,0
DA:89,0
DA:90,0
DA:91,0
DA:92,0
DA:94,1
DA:95,0
DA:96,0
DA:97,0
DA:98,0
DA:99,0
DA:100,0
DA:101,0
DA:102,1
LF:85
LH:12
BRDA:5,0,0,4
BRF:1
BRH:1
end_of_record
TN:
SF:src/tools/credential/UpdateCredentialTool.ts
FN:5,<instance_members_initializer>
FN:19,execute
FN:81,getMetadata
FNF:3
FNH:1
FNDA:4,<instance_members_initializer>
FNDA:0,execute
FNDA:0,getMetadata
DA:1,1
DA:2,1
DA:4,1
DA:5,1
DA:6,4
DA:8,4
DA:9,4
DA:10,4
DA:11,4
DA:12,4
DA:13,4
DA:14,4
DA:15,4
DA:16,4
DA:17,4
DA:19,1
DA:20,0
DA:22,0
DA:23,0
DA:24,0
DA:26,0
DA:28,0
DA:29,0
DA:30,0
DA:31,0
DA:34,0
DA:35,0
DA:36,0
DA:37,0
DA:38,0
DA:41,0
DA:42,0
DA:43,0
DA:44,0
DA:45,0
DA:46,0
DA:47,0
DA:48,0
DA:51,0
DA:52,0
DA:53,0
DA:54,0
DA:55,0
DA:56,0
DA:57,0
DA:59,0
DA:60,0
DA:61,0
DA:62,0
DA:63,0
DA:64,0
DA:65,0
DA:66,0
DA:68,0
DA:69,0
DA:70,0
DA:71,0
DA:72,0
DA:73,0
DA:74,0
DA:75,0
DA:76,0
DA:77,0
DA:78,0
DA:79,0
DA:81,1
DA:82,0
DA:83,0
DA:84,0
DA:85,0
DA:86,0
DA:87,0
DA:88,0
DA:89,1
LF:74
LH:18
BRDA:5,0,0,4
BRF:1
BRH:1
end_of_record
TN:
SF:src/tools/credential/index.ts
FNF:0
FNH:0
DA:1,1
DA:2,1
DA:3,1
DA:4,1
DA:5,1
DA:6,1
LF:6
LH:6
BRF:0
BRH:0
end_of_record
TN:
SF:src/tools/execution/GetExecutionTool.ts
FN:6,<instance_members_initializer>
FN:16,execute
FN:94,getMetadata
FNF:3
FNH:1
FNDA:4,<instance_members_initializer>
FNDA:0,execute
FNDA:0,getMetadata
DA:1,1
DA:2,1
DA:3,1
DA:5,1
DA:6,1
DA:7,4
DA:9,4
DA:10,4
DA:11,4
DA:12,4
DA:13,4
DA:14,4
DA:16,1
DA:17,0
DA:19,0
DA:20,0
DA:21,0
DA:23,0
DA:24,0
DA:25,0
DA:26,0
DA:27,0
DA:28,0
DA:29,0
DA:30,0
DA:31,0
DA:32,0
DA:34,0
DA:37,0
DA:38,0
DA:39,0
DA:40,0
DA:41,0
DA:42,0
DA:43,0
DA:44,0
DA:45,0
DA:46,0
DA:47,0
DA:50,0
DA:51,0
DA:52,0
DA:53,0
DA:54,0
DA:55,0
DA:56,0
DA:57,0
DA:58,0
DA:59,0
DA:60,0
DA:61,0
DA:62,0
DA:63,0
DA:65,0
DA:66,0
DA:67,0
DA:68,0
DA:69,0
DA:70,0
DA:72,0
DA:73,0
DA:74,0
DA:75,0
DA:76,0
DA:77,0
DA:79,0
DA:80,0
DA:81,0
DA:82,0
DA:83,0
DA:84,0
DA:85,0
DA:86,0
DA:87,0
DA:88,0
DA:89,0
DA:90,0
DA:91,0
DA:92,0
DA:94,1
DA:95,0
DA:96,0
DA:97,0
DA:98,0
DA:99,0
DA:100,0
DA:101,0
DA:102,1
LF:88
LH:15
BRDA:6,0,0,4
BRF:1
BRH:1
end_of_record
TN:
SF:src/tools/execution/ListExecutionsTool.ts
FN:6,<instance_members_initializer>
FN:19,execute
FN:95,calculateDuration
FN:111,getMetadata
FNF:4
FNH:4
FNDA:22,<instance_members_initializer>
FNDA:17,execute
FNDA:17,calculateDuration
FNDA:1,getMetadata
DA:1,1
DA:2,1
DA:3,1
DA:5,1
DA:6,1
DA:7,22
DA:9,22
DA:10,22
DA:11,22
DA:12,22
DA:13,22
DA:14,22
DA:15,22
DA:16,22
DA:17,22
DA:19,1
DA:20,17
DA:22,17
DA:23,1
DA:24,1
DA:26,14
DA:28,14
DA:29,14
DA:30,14
DA:31,14
DA:33,17
DA:34,17
DA:35,17
DA:36,17
DA:37,17
DA:39,14
DA:40,14
DA:41,14
DA:42,14
DA:43,14
DA:45,13
DA:48,13
DA:49,24
DA:50,24
DA:51,24
DA:52,24
DA:53,24
DA:54,24
DA:55,24
DA:56,24
DA:57,17
DA:58,7
DA:59,24
DA:60,13
DA:63,13
DA:64,24
DA:65,24
DA:66,13
DA:68,13
DA:69,13
DA:70,13
DA:71,13
DA:72,13
DA:73,13
DA:74,13
DA:75,13
DA:76,13
DA:77,13
DA:78,13
DA:80,13
DA:81,13
DA:82,13
DA:83,13
DA:84,13
DA:85,13
DA:86,13
DA:87,17
DA:88,3
DA:89,2
DA:90,2
DA:91,1
DA:92,1
DA:93,17
DA:95,1
DA:96,17
DA:97,17
DA:98,17
DA:100,17
DA:101,1
DA:102,17
DA:103,8
DA:104,8
DA:105,7
DA:106,8
DA:107,1
DA:108,1
DA:109,17
DA:111,1
DA:112,1
DA:113,1
DA:114,1
DA:115,1
DA:116,1
DA:117,1
DA:118,1
DA:119,1
LF:101
LH:101
BRDA:6,0,0,22
BRDA:19,1,0,17
BRDA:22,2,0,1
BRDA:24,3,0,14
BRDA:33,4,0,1
BRDA:33,5,0,14
BRDA:34,6,0,1
BRDA:34,7,0,14
BRDA:35,8,0,1
BRDA:35,9,0,14
BRDA:36,10,0,1
BRDA:36,11,0,14
BRDA:37,12,0,1
BRDA:37,13,0,14
BRDA:43,14,0,13
BRDA:87,15,0,3
BRDA:88,16,0,2
BRDA:90,17,0,1
BRDA:48,18,0,24
BRDA:56,19,0,17
BRDA:57,20,0,7
BRDA:63,21,0,24
BRDA:95,22,0,17
BRDA:100,23,0,1
BRDA:102,24,0,16
BRDA:102,25,0,8
BRDA:104,26,0,7
BRDA:106,27,0,1
BRDA:111,28,0,1
BRF:29
BRH:29
end_of_record
TN:
SF:src/tools/execution/MonitorExecutionTool.ts
FN:6,<instance_members_initializer>
FN:26,execute
FN:191,getExecutionSummary
FN:214,calculateDuration
FN:228,getMetadata
FNF:5
FNH:1
FNDA:4,<instance_members_initializer>
FNDA:0,execute
FNDA:0,getExecutionSummary
FNDA:0,calculateDuration
FNDA:0,getMetadata
DA:1,1
DA:2,1
DA:3,1
DA:5,1
DA:6,1
DA:7,4
DA:9,4
DA:10,4
DA:11,4
DA:12,4
DA:13,4
DA:14,4
DA:15,4
DA:16,4
DA:17,4
DA:18,4
DA:19,4
DA:20,4
DA:21,4
DA:22,4
DA:23,4
DA:24,4
DA:26,1
DA:27,0
DA:29,0
DA:30,0
DA:31,0
DA:33,0
DA:34,0
DA:35,0
DA:36,0
DA:37,0
DA:40,0
DA:41,0
DA:42,0
DA:43,0
DA:44,0
DA:46,0
DA:48,0
DA:49,0
DA:50,0
DA:51,0
DA:52,0
DA:53,0
DA:56,0
DA:57,0
DA:58,0
DA:59,0
DA:60,0
DA:61,0
DA:62,0
DA:63,0
DA:64,0
DA:65,0
DA:66,0
DA:67,0
DA:68,0
DA:69,0
DA:70,0
DA:71,0
DA:72,0
DA:75,0
DA:77,0
DA:78,0
DA:79,0
DA:80,0
DA:81,0
DA:82,0
DA:83,0
DA:84,0
DA:87,0
DA:90,0
DA:91,0
DA:92,0
DA:93,0
DA:94,0
DA:96,0
DA:99,0
DA:100,0
DA:101,0
DA:102,0
DA:103,0
DA:104,0
DA:105,0
DA:106,0
DA:107,0
DA:108,0
DA:111,0
DA:112,0
DA:113,0
DA:114,0
DA:115,0
DA:117,0
DA:118,0
DA:119,0
DA:120,0
DA:121,0
DA:122,0
DA:123,0
DA:124,0
DA:125,0
DA:126,0
DA:127,0
DA:130,0
DA:131,0
DA:132,0
DA:133,0
DA:134,0
DA:135,0
DA:136,0
DA:138,0
DA:139,0
DA:140,0
DA:141,0
DA:142,0
DA:143,0
DA:144,0
DA:145,0
DA:146,0
DA:147,0
DA:148,0
DA:149,0
DA:150,0
DA:151,0
DA:152,0
DA:153,0
DA:154,0
DA:155,0
DA:158,0
DA:159,0
DA:160,0
DA:161,0
DA:163,0
DA:165,0
DA:166,0
DA:167,0
DA:168,0
DA:169,0
DA:170,0
DA:171,0
DA:172,0
DA:173,0
DA:174,0
DA:175,0
DA:176,0
DA:177,0
DA:178,0
DA:179,0
DA:180,0
DA:181,0
DA:183,0
DA:184,0
DA:185,0
DA:186,0
DA:187,0
DA:188,0
DA:189,0
DA:191,1
DA:192,0
DA:193,0
DA:194,0
DA:195,0
DA:196,0
DA:197,0
DA:198,0
DA:199,0
DA:200,0
DA:202,0
DA:203,0
DA:204,0
DA:206,0
DA:207,0
DA:208,0
DA:209,0
DA:211,0
DA:212,0
DA:214,1
DA:215,0
DA:216,0
DA:217,0
DA:219,0
DA:220,0
DA:221,0
DA:222,0
DA:223,0
DA:224,0
DA:225,0
DA:226,0
DA:228,1
DA:229,0
DA:230,0
DA:231,0
DA:232,0
DA:233,0
DA:234,0
DA:235,0
DA:236,1
LF:197
LH:27
BRDA:6,0,0,4
BRF:1
BRH:1
end_of_record
TN:
SF:src/tools/execution/ReplayExecutionTool.ts
FN:6,<instance_members_initializer>
FN:22,execute
FN:163,calculateDuration
FN:177,getMetadata
FNF:4
FNH:1
FNDA:4,<instance_members_initializer>
FNDA:0,execute
FNDA:0,calculateDuration
FNDA:0,getMetadata
DA:1,1
DA:2,1
DA:3,1
DA:5,1
DA:6,1
DA:7,4
DA:9,4
DA:10,4
DA:11,4
DA:12,4
DA:13,4
DA:14,4
DA:15,4
DA:16,4
DA:17,4
DA:18,4
DA:19,4
DA:20,4
DA:22,1
DA:23,0
DA:25,0
DA:26,0
DA:27,0
DA:29,0
DA:31,0
DA:32,0
DA:33,0
DA:34,0
DA:35,0
DA:37,0
DA:40,0
DA:41,0
DA:42,0
DA:43,0
DA:44,0
DA:47,0
DA:48,0
DA:49,0
DA:50,0
DA:51,0
DA:52,0
DA:53,0
DA:56,0
DA:57,0
DA:58,0
DA:59,0
DA:60,0
DA:62,0
DA:65,0
DA:66,0
DA:67,0
DA:68,0
DA:69,0
DA:70,0
DA:71,0
DA:72,0
DA:73,0
DA:74,0
DA:75,0
DA:76,0
DA:77,0
DA:78,0
DA:79,0
DA:80,0
DA:81,0
DA:84,0
DA:85,0
DA:86,0
DA:88,0
DA:90,0
DA:91,0
DA:92,0
DA:93,0
DA:94,0
DA:95,0
DA:96,0
DA:97,0
DA:98,0
DA:99,0
DA:100,0
DA:101,0
DA:102,0
DA:103,0
DA:104,0
DA:107,0
DA:108,0
DA:109,0
DA:110,0
DA:111,0
DA:113,0
DA:116,0
DA:118,0
DA:119,0
DA:120,0
DA:121,0
DA:122,0
DA:123,0
DA:124,0
DA:125,0
DA:126,0
DA:127,0
DA:128,0
DA:130,0
DA:131,0
DA:132,0
DA:133,0
DA:134,0
DA:135,0
DA:136,0
DA:137,0
DA:138,0
DA:139,0
DA:140,0
DA:141,0
DA:142,0
DA:143,0
DA:144,0
DA:145,0
DA:146,0
DA:147,0
DA:150,0
DA:151,0
DA:152,0
DA:153,0
DA:154,0
DA:155,0
DA:156,0
DA:157,0
DA:158,0
DA:159,0
DA:160,0
DA:161,0
DA:163,1
DA:164,0
DA:165,0
DA:166,0
DA:168,0
DA:169,0
DA:170,0
DA:171,0
DA:172,0
DA:173,0
DA:174,0
DA:175,0
DA:177,1
DA:178,0
DA:179,0
DA:180,0
DA:181,0
DA:182,0
DA:183,0
DA:184,0
DA:185,1
LF:153
LH:22
BRDA:6,0,0,4
BRF:1
BRH:1
end_of_record
TN:
SF:src/tools/execution/StopExecutionTool.ts
FN:6,<instance_members_initializer>
FN:16,execute
FN:94,calculateDuration
FN:108,getMetadata
FNF:4
FNH:1
FNDA:4,<instance_members_initializer>
FNDA:0,execute
FNDA:0,calculateDuration
FNDA:0,getMetadata
DA:1,1
DA:2,1
DA:3,1
DA:5,1
DA:6,1
DA:7,4
DA:9,4
DA:10,4
DA:11,4
DA:12,4
DA:13,4
DA:14,4
DA:16,1
DA:17,0
DA:19,0
DA:20,0
DA:21,0
DA:23,0
DA:25,0
DA:26,0
DA:27,0
DA:28,0
DA:30,0
DA:33,0
DA:34,0
DA:35,0
DA:36,0
DA:37,0
DA:38,0
DA:39,0
DA:40,0
DA:41,0
DA:42,0
DA:43,0
DA:44,0
DA:45,0
DA:46,0
DA:47,0
DA:50,0
DA:51,0
DA:52,0
DA:53,0
DA:54,0
DA:55,0
DA:56,0
DA:57,0
DA:58,0
DA:60,0
DA:62,0
DA:63,0
DA:64,0
DA:65,0
DA:66,0
DA:67,0
DA:68,0
DA:69,0
DA:70,0
DA:71,0
DA:72,0
DA:73,0
DA:74,0
DA:75,0
DA:76,0
DA:77,0
DA:78,0
DA:79,0
DA:80,0
DA:81,0
DA:82,0
DA:84,0
DA:85,0
DA:86,0
DA:87,0
DA:88,0
DA:89,0
DA:90,0
DA:91,0
DA:92,0
DA:94,1
DA:95,0
DA:96,0
DA:97,0
DA:99,0
DA:100,0
DA:101,0
DA:102,0
DA:103,0
DA:104,0
DA:105,0
DA:106,0
DA:108,1
DA:109,0
DA:110,0
DA:111,0
DA:112,0
DA:113,0
DA:114,0
DA:115,0
DA:116,1
LF:99
LH:16
BRDA:6,0,0,4
BRF:1
BRH:1
end_of_record
TN:
SF:src/tools/execution/TriggerExecutionTool.ts
FN:6,<instance_members_initializer>
FN:23,execute
FN:126,getMetadata
FNF:3
FNH:3
FNDA:9,<instance_members_initializer>
FNDA:4,execute
FNDA:1,getMetadata
DA:1,1
DA:2,1
DA:3,1
DA:5,1
DA:6,1
DA:7,9
DA:9,9
DA:10,9
DA:11,9
DA:12,9
DA:13,9
DA:14,9
DA:15,9
DA:16,9
DA:17,9
DA:18,9
DA:19,9
DA:20,9
DA:21,9
DA:23,1
DA:24,4
DA:26,4
DA:27,1
DA:28,1
DA:30,3
DA:32,3
DA:33,3
DA:34,3
DA:35,4
DA:36,1
DA:37,4
DA:38,4
DA:41,4
DA:42,4
DA:43,4
DA:44,4
DA:45,4
DA:47,2
DA:50,2
DA:51,2
DA:52,2
DA:53,2
DA:54,2
DA:55,2
DA:56,2
DA:57,2
DA:58,2
DA:59,2
DA:60,2
DA:61,2
DA:62,2
DA:63,2
DA:64,2
DA:67,0
DA:68,0
DA:69,4
DA:71,4
DA:73,0
DA:74,0
DA:75,0
DA:76,0
DA:77,0
DA:78,0
DA:79,0
DA:80,0
DA:81,0
DA:82,0
DA:83,0
DA:84,0
DA:85,0
DA:86,0
DA:89,0
DA:90,0
DA:91,0
DA:92,0
DA:94,0
DA:97,0
DA:98,0
DA:99,0
DA:100,0
DA:101,0
DA:102,0
DA:103,0
DA:104,0
DA:105,0
DA:106,0
DA:107,0
DA:108,0
DA:109,0
DA:110,0
DA:111,0
DA:112,0
DA:113,0
DA:116,0
DA:117,0
DA:118,4
DA:119,1
DA:120,0
DA:121,0
DA:122,1
DA:123,1
DA:124,4
DA:126,1
DA:127,1
DA:128,1
DA:129,1
DA:130,1
DA:131,1
DA:132,1
DA:133,1
DA:134,1
LF:111
LH:69
BRDA:6,0,0,9
BRDA:23,1,0,4
BRDA:26,2,0,1
BRDA:28,3,0,3
BRDA:35,4,0,1
BRDA:37,5,0,2
BRDA:45,6,0,2
BRDA:64,7,0,0
BRDA:71,8,0,0
BRDA:118,9,0,1
BRDA:119,10,0,0
BRDA:126,11,0,1
BRF:12
BRH:9
end_of_record
TN:
SF:src/tools/execution/index.ts
FNF:0
FNH:0
DA:1,1
DA:2,1
DA:3,1
DA:4,1
DA:5,1
DA:6,1
LF:6
LH:6
BRF:0
BRH:0
end_of_record
TN:
SF:src/tools/system/ServerHealthTool.ts
FN:18,<instance_members_initializer>
FN:22,execute
FN:103,isAvailable
FN:108,getMetadata
FNF:4
FNH:2
FNDA:9,<instance_members_initializer>
FNDA:0,execute
FNDA:14,isAvailable
FNDA:0,getMetadata
DA:1,1
DA:2,1
DA:8,1
DA:9,1
DA:10,1
DA:17,1
DA:18,1
DA:19,9
DA:20,9
DA:22,1
DA:23,0
DA:25,0
DA:28,0
DA:29,0
DA:30,0
DA:33,0
DA:34,0
DA:35,0
DA:36,0
DA:37,0
DA:38,0
DA:41,0
DA:42,0
DA:43,0
DA:44,0
DA:45,0
DA:46,0
DA:47,0
DA:50,0
DA:51,0
DA:53,0
DA:54,0
DA:55,0
DA:56,0
DA:57,0
DA:58,0
DA:61,0
DA:62,0
DA:63,0
DA:64,0
DA:65,0
DA:66,0
DA:67,0
DA:68,0
DA:69,0
DA:70,0
DA:71,0
DA:72,0
DA:73,0
DA:74,0
DA:75,0
DA:76,0
DA:77,0
DA:78,0
DA:81,0
DA:82,0
DA:83,0
DA:84,0
DA:85,0
DA:86,0
DA:87,0
DA:88,0
DA:89,0
DA:91,0
DA:92,0
DA:93,0
DA:94,0
DA:95,0
DA:96,0
DA:97,0
DA:98,0
DA:99,0
DA:100,0
DA:101,0
DA:103,1
DA:105,14
DA:106,14
DA:108,1
DA:109,0
DA:110,0
DA:111,0
DA:112,0
DA:113,0
DA:114,0
DA:115,0
DA:116,0
DA:117,1
LF:87
LH:15
BRDA:18,0,0,9
BRDA:103,1,0,14
BRF:2
BRH:2
end_of_record
TN:
SF:src/tools/system/TestConnectionTool.ts
FN:16,<instance_members_initializer>
FN:20,execute
FN:113,isAvailable
FN:118,getMetadata
FNF:4
FNH:2
FNDA:4,<instance_members_initializer>
FNDA:0,execute
FNDA:8,isAvailable
FNDA:0,getMetadata
DA:1,1
DA:2,1
DA:8,1
DA:15,1
DA:16,1
DA:17,4
DA:18,4
DA:20,1
DA:21,0
DA:23,0
DA:26,0
DA:27,0
DA:28,0
DA:29,0
DA:30,0
DA:31,0
DA:32,0
DA:33,0
DA:34,0
DA:35,0
DA:36,0
DA:37,0
DA:38,0
DA:39,0
DA:41,0
DA:44,0
DA:45,0
DA:46,0
DA:49,0
DA:50,0
DA:51,0
DA:53,0
DA:54,0
DA:55,0
DA:56,0
DA:57,0
DA:58,0
DA:59,0
DA:60,0
DA:62,0
DA:63,0
DA:64,0
DA:65,0
DA:66,0
DA:67,0
DA:68,0
DA:69,0
DA:72,0
DA:73,0
DA:74,0
DA:75,0
DA:76,0
DA:77,0
DA:78,0
DA:79,0
DA:80,0
DA:81,0
DA:82,0
DA:83,0
DA:84,0
DA:85,0
DA:86,0
DA:87,0
DA:88,0
DA:89,0
DA:90,0
DA:91,0
DA:92,0
DA:93,0
DA:94,0
DA:95,0
DA:96,0
DA:97,0
DA:98,0
DA:99,0
DA:100,0
DA:101,0
DA:102,0
DA:103,0
DA:104,0
DA:105,0
DA:106,0
DA:107,0
DA:108,0
DA:109,0
DA:110,0
DA:111,0
DA:113,1
DA:115,8
DA:116,8
DA:118,1
DA:119,0
DA:120,0
DA:121,0
DA:122,0
DA:123,0
DA:124,0
DA:125,0
DA:126,0
DA:127,1
LF:100
LH:13
BRDA:16,0,0,4
BRDA:113,1,0,8
BRF:2
BRH:2
end_of_record
TN:
SF:src/tools/workflow/ActivateWorkflowTool.ts
FN:8,<instance_members_initializer>
FN:15,execute
FN:54,getMetadata
FNF:3
FNH:1
FNDA:4,<instance_members_initializer>
FNDA:0,execute
FNDA:0,getMetadata
DA:1,1
DA:2,1
DA:7,1
DA:8,1
DA:9,4
DA:11,4
DA:12,4
DA:13,4
DA:15,1
DA:16,0
DA:18,0
DA:19,0
DA:20,0
DA:22,0
DA:23,0
DA:25,0
DA:26,0
DA:27,0
DA:28,0
DA:29,0
DA:30,0
DA:31,0
DA:32,0
DA:33,0
DA:34,0
DA:35,0
DA:36,0
DA:37,0
DA:38,0
DA:39,0
DA:40,0
DA:41,0
DA:42,0
DA:43,0
DA:44,0
DA:45,0
DA:46,0
DA:47,0
DA:48,0
DA:49,0
DA:50,0
DA:51,0
DA:52,0
DA:54,1
DA:55,0
DA:56,0
DA:57,0
DA:58,0
DA:59,0
DA:60,0
DA:61,0
DA:62,1
LF:52
LH:11
BRDA:8,0,0,4
BRF:1
BRH:1
end_of_record
TN:
SF:src/tools/workflow/CreateWorkflowTool.ts
FN:38,<instance_members_initializer>
FN:42,execute
FN:109,getMetadata
FNF:3
FNH:3
FNDA:17,<instance_members_initializer>
FNDA:11,execute
FNDA:1,getMetadata
DA:1,1
DA:2,1
DA:8,1
DA:9,1
DA:10,1
DA:11,1
DA:12,1
DA:13,1
DA:14,1
DA:15,1
DA:16,1
DA:17,1
DA:18,1
DA:19,1
DA:20,1
DA:21,1
DA:22,1
DA:23,1
DA:24,1
DA:25,1
DA:26,1
DA:27,1
DA:28,1
DA:29,1
DA:30,1
DA:37,1
DA:38,1
DA:39,17
DA:40,17
DA:42,1
DA:43,11
DA:45,11
DA:48,11
DA:49,1
DA:50,1
DA:52,8
DA:55,8
DA:56,9
DA:57,9
DA:58,9
DA:59,9
DA:60,9
DA:61,9
DA:62,8
DA:65,8
DA:66,11
DA:69,1
DA:70,1
DA:73,8
DA:74,8
DA:75,8
DA:76,8
DA:77,11
DA:78,11
DA:79,11
DA:80,11
DA:83,6
DA:84,6
DA:85,6
DA:86,6
DA:87,6
DA:88,6
DA:89,6
DA:90,6
DA:91,6
DA:92,6
DA:93,11
DA:94,11
DA:95,11
DA:96,11
DA:97,11
DA:98,11
DA:99,11
DA:100,11
DA:101,11
DA:102,11
DA:103,11
DA:104,11
DA:105,4
DA:106,4
DA:107,11
DA:109,1
DA:110,1
DA:111,1
DA:112,1
DA:113,1
DA:114,1
DA:115,1
DA:116,1
DA:117,1
DA:118,1
LF:91
LH:91
BRDA:38,0,0,17
BRDA:42,1,0,11
BRDA:48,2,0,1
BRDA:50,3,0,8
BRDA:66,4,0,1
BRDA:70,5,0,8
BRDA:77,6,0,7
BRDA:80,7,0,6
BRDA:93,8,0,0
BRDA:93,9,0,0
BRDA:104,10,0,4
BRDA:55,11,0,9
BRDA:61,12,0,8
BRDA:109,13,0,1
BRF:14
BRH:12
end_of_record
TN:
SF:src/tools/workflow/DeactivateWorkflowTool.ts
FN:8,<instance_members_initializer>
FN:15,execute
FN:54,getMetadata
FNF:3
FNH:1
FNDA:4,<instance_members_initializer>
FNDA:0,execute
FNDA:0,getMetadata
DA:1,1
DA:2,1
DA:7,1
DA:8,1
DA:9,4
DA:11,4
DA:12,4
DA:13,4
DA:15,1
DA:16,0
DA:18,0
DA:19,0
DA:20,0
DA:22,0
DA:23,0
DA:25,0
DA:26,0
DA:27,0
DA:28,0
DA:29,0
DA:30,0
DA:31,0
DA:32,0
DA:33,0
DA:34,0
DA:35,0
DA:36,0
DA:37,0
DA:38,0
DA:39,0
DA:40,0
DA:41,0
DA:42,0
DA:43,0
DA:44,0
DA:45,0
DA:46,0
DA:47,0
DA:48,0
DA:49,0
DA:50,0
DA:51,0
DA:52,0
DA:54,1
DA:55,0
DA:56,0
DA:57,0
DA:58,0
DA:59,0
DA:60,0
DA:61,0
DA:62,1
LF:52
LH:11
BRDA:8,0,0,4
BRF:1
BRH:1
end_of_record
TN:
SF:src/tools/workflow/DeleteWorkflowTool.ts
FN:8,<instance_members_initializer>
FN:19,execute
FN:54,getMetadata
FNF:3
FNH:1
FNDA:4,<instance_members_initializer>
FNDA:0,execute
FNDA:0,getMetadata
DA:1,1
DA:2,1
DA:7,1
DA:8,1
DA:9,4
DA:11,4
DA:12,4
DA:13,4
DA:14,4
DA:15,4
DA:16,4
DA:17,4
DA:19,1
DA:20,0
DA:23,0
DA:25,0
DA:26,0
DA:27,0
DA:29,0
DA:31,0
DA:32,0
DA:33,0
DA:34,0
DA:35,0
DA:37,0
DA:38,0
DA:39,0
DA:41,0
DA:43,0
DA:44,0
DA:45,0
DA:46,0
DA:47,0
DA:48,0
DA:49,0
DA:50,0
DA:51,0
DA:52,0
DA:54,1
DA:55,0
DA:56,0
DA:57,0
DA:58,0
DA:59,0
DA:60,0
DA:61,0
DA:62,1
LF:47
LH:15
BRDA:8,0,0,4
BRF:1
BRH:1
end_of_record
TN:
SF:src/tools/workflow/GetWorkflowTool.ts
FN:8,<instance_members_initializer>
FN:19,execute
FN:54,getMetadata
FNF:3
FNH:2
FNDA:8,<instance_members_initializer>
FNDA:4,execute
FNDA:0,getMetadata
DA:1,1
DA:2,1
DA:7,1
DA:8,1
DA:9,8
DA:11,8
DA:12,8
DA:13,8
DA:14,8
DA:15,8
DA:16,8
DA:17,8
DA:19,1
DA:20,4
DA:23,4
DA:25,4
DA:26,1
DA:27,1
DA:29,3
DA:30,3
DA:33,4
DA:34,1
DA:35,1
DA:36,1
DA:37,1
DA:39,4
DA:40,4
DA:41,4
DA:42,4
DA:43,4
DA:44,4
DA:45,4
DA:46,4
DA:47,1
DA:48,1
DA:49,1
DA:50,0
DA:51,0
DA:52,4
DA:54,1
DA:55,0
DA:56,0
DA:57,0
DA:58,0
DA:59,0
DA:60,0
DA:61,0
DA:62,1
LF:48
LH:39
BRDA:8,0,0,8
BRDA:19,1,0,4
BRDA:25,2,0,1
BRDA:27,3,0,3
BRDA:30,4,0,2
BRDA:33,5,0,1
BRDA:33,6,0,1
BRDA:46,7,0,1
BRDA:49,8,0,0
BRF:9
BRH:8
end_of_record
TN:
SF:src/tools/workflow/ListWorkflowsTool.ts
FN:21,<instance_members_initializer>
FN:25,execute
FN:87,isAvailable
FN:92,getMetadata
FNF:4
FNH:4
FNDA:22,<instance_members_initializer>
FNDA:15,execute
FNDA:9,isAvailable
FNDA:1,getMetadata
DA:1,1
DA:2,1
DA:8,1
DA:9,1
DA:10,1
DA:11,1
DA:12,1
DA:13,1
DA:20,1
DA:21,1
DA:22,22
DA:23,22
DA:25,1
DA:26,15
DA:28,15
DA:31,15
DA:32,1
DA:33,1
DA:35,13
DA:38,13
DA:39,15
DA:40,15
DA:41,15
DA:42,15
DA:43,15
DA:46,11
DA:47,19
DA:48,19
DA:49,19
DA:50,19
DA:51,19
DA:52,19
DA:53,19
DA:54,19
DA:55,18
DA:56,18
DA:57,18
DA:58,18
DA:59,18
DA:60,18
DA:61,11
DA:64,11
DA:65,11
DA:66,11
DA:67,11
DA:68,11
DA:69,11
DA:70,11
DA:71,11
DA:72,11
DA:73,11
DA:74,11
DA:75,11
DA:76,11
DA:77,11
DA:78,11
DA:79,11
DA:80,11
DA:81,11
DA:82,15
DA:83,3
DA:84,3
DA:85,15
DA:87,1
DA:89,9
DA:90,9
DA:92,1
DA:93,1
DA:94,1
DA:95,1
DA:96,1
DA:97,1
DA:98,1
DA:99,1
DA:100,1
DA:101,1
LF:76
LH:76
BRDA:21,0,0,22
BRDA:25,1,0,15
BRDA:31,2,0,1
BRDA:33,3,0,13
BRDA:39,4,0,2
BRDA:41,5,0,2
BRDA:42,6,0,2
BRDA:43,7,0,11
BRDA:82,8,0,3
BRDA:46,9,0,19
BRDA:54,10,0,18
BRDA:87,11,0,9
BRDA:92,12,0,1
BRF:13
BRH:13
end_of_record
TN:
SF:src/tools/workflow/UpdateWorkflowTool.ts
FN:8,<instance_members_initializer>
FN:51,execute
FN:95,getMetadata
FNF:3
FNH:2
FNDA:8,<instance_members_initializer>
FNDA:4,execute
FNDA:0,getMetadata
DA:1,1
DA:2,1
DA:7,1
DA:8,1
DA:9,8
DA:11,8
DA:12,8
DA:13,8
DA:14,8
DA:15,8
DA:16,8
DA:17,8
DA:18,8
DA:19,8
DA:20,8
DA:21,8
DA:22,8
DA:23,8
DA:24,8
DA:25,8
DA:26,8
DA:27,8
DA:28,8
DA:29,8
DA:30,8
DA:31,8
DA:32,8
DA:33,8
DA:34,8
DA:35,8
DA:36,8
DA:37,8
DA:38,8
DA:39,8
DA:40,8
DA:41,8
DA:42,8
DA:43,8
DA:44,8
DA:45,8
DA:46,8
DA:47,8
DA:48,8
DA:49,8
DA:51,1
DA:52,4
DA:53,4
DA:55,4
DA:56,1
DA:57,1
DA:59,3
DA:61,4
DA:62,2
DA:63,2
DA:64,2
DA:65,2
DA:67,3
DA:69,2
DA:70,2
DA:71,2
DA:72,2
DA:73,2
DA:74,2
DA:75,2
DA:76,2
DA:77,2
DA:78,2
DA:79,2
DA:80,4
DA:81,4
DA:82,4
DA:83,4
DA:84,4
DA:85,4
DA:86,4
DA:87,4
DA:88,1
DA:89,1
DA:90,1
DA:91,0
DA:92,0
DA:93,4
DA:95,1
DA:96,0
DA:97,0
DA:98,0
DA:99,0
DA:100,0
DA:101,0
DA:102,0
DA:103,1
LF:91
LH:82
BRDA:8,0,0,8
BRDA:51,1,0,4
BRDA:55,2,0,1
BRDA:57,3,0,3
BRDA:61,4,0,2
BRDA:65,5,0,3
BRDA:67,6,0,2
BRDA:80,7,0,1
BRDA:80,8,0,1
BRDA:87,9,0,1
BRDA:90,10,0,0
BRDA:62,11,0,2
BRDA:63,12,0,1
BRDA:63,13,0,1
BRF:14
BRH:13
end_of_record
TN:
SF:src/tools/workflow/index.ts
FNF:0
FNH:0
DA:1,1
DA:2,1
DA:3,1
DA:4,1
DA:5,1
DA:6,1
DA:7,1
LF:7
LH:7
BRF:0
BRH:0
end_of_record
TN:
SF:src/utils/ErrorDiagnostics.ts
FN:13,<static_initializer>
FN:23,diagnose
FN:62,diagnoseAuthError
FN:110,diagnoseConnectionError
FN:173,diagnoseValidationError
FN:217,diagnoseApiError
FN:315,diagnoseByPattern
FN:341,initializePatterns
FN:410,prioritizeFixes
FNF:9
FNH:5
FNDA:11,<static_initializer>
FNDA:9,diagnose
FNDA:0,diagnoseAuthError
FNDA:0,diagnoseConnectionError
FNDA:3,diagnoseValidationError
FNDA:0,diagnoseApiError
FNDA:6,diagnoseByPattern
FNDA:11,initializePatterns
FNDA:0,prioritizeFixes
DA:1,1
DA:12,1
DA:13,1
DA:15,11
DA:17,11
DA:18,11
DA:23,1
DA:25,9
DA:26,0
DA:27,0
DA:29,9
DA:30,0
DA:31,0
DA:33,9
DA:34,3
DA:35,3
DA:37,9
DA:38,0
DA:39,0
DA:42,6
DA:43,6
DA:44,6
DA:47,0
DA:48,0
DA:49,0
DA:50,0
DA:51,0
DA:52,0
DA:53,0
DA:54,0
DA:55,0
DA:56,0
DA:57,9
DA:62,1
DA:63,0
DA:65,0
DA:66,0
DA:67,0
DA:68,0
DA:69,0
DA:70,0
DA:71,0
DA:72,0
DA:73,0
DA:74,0
DA:75,0
DA:76,0
DA:77,0
DA:78,0
DA:80,0
DA:81,0
DA:82,0
DA:83,0
DA:84,0
DA:85,0
DA:86,0
DA:87,0
DA:88,0
DA:89,0
DA:90,0
DA:91,0
DA:93,0
DA:94,0
DA:95,0
DA:96,0
DA:97,0
DA:98,0
DA:99,0
DA:100,0
DA:101,0
DA:102,0
DA:103,0
DA:104,0
DA:105,0
DA:110,1
DA:111,0
DA:112,0
DA:114,0
DA:115,0
DA:116,0
DA:117,0
DA:118,0
DA:119,0
DA:120,0
DA:121,0
DA:122,0
DA:123,0
DA:124,0
DA:125,0
DA:126,0
DA:127,0
DA:129,0
DA:130,0
DA:131,0
DA:132,0
DA:133,0
DA:134,0
DA:135,0
DA:136,0
DA:137,0
DA:138,0
DA:139,0
DA:140,0
DA:141,0
DA:143,0
DA:144,0
DA:145,0
DA:146,0
DA:147,0
DA:148,0
DA:149,0
DA:150,0
DA:151,0
DA:152,0
DA:153,0
DA:154,0
DA:155,0
DA:157,0
DA:158,0
DA:159,0
DA:160,0
DA:161,0
DA:162,0
DA:163,0
DA:164,0
DA:165,0
DA:166,0
DA:167,0
DA:168,0
DA:173,1
DA:174,3
DA:175,3
DA:177,3
DA:178,0
DA:179,0
DA:180,0
DA:182,3
DA:183,0
DA:184,0
DA:185,0
DA:187,3
DA:188,0
DA:189,0
DA:190,0
DA:192,3
DA:193,3
DA:194,3
DA:195,5
DA:196,5
DA:197,5
DA:198,3
DA:199,3
DA:201,3
DA:202,3
DA:203,3
DA:204,3
DA:205,0
DA:206,0
DA:207,0
DA:208,0
DA:209,0
DA:210,3
DA:211,3
DA:212,3
DA:217,1
DA:218,0
DA:219,0
DA:222,0
DA:223,0
DA:224,0
DA:225,0
DA:226,0
DA:227,0
DA:228,0
DA:229,0
DA:230,0
DA:231,0
DA:232,0
DA:233,0
DA:234,0
DA:237,0
DA:238,0
DA:239,0
DA:241,0
DA:242,0
DA:243,0
DA:244,0
DA:245,0
DA:246,0
DA:247,0
DA:248,0
DA:249,0
DA:250,0
DA:251,0
DA:252,0
DA:255,0
DA:256,0
DA:257,0
DA:258,0
DA:259,0
DA:260,0
DA:261,0
DA:262,0
DA:263,0
DA:264,0
DA:265,0
DA:266,0
DA:267,0
DA:270,0
DA:271,0
DA:272,0
DA:273,0
DA:274,0
DA:275,0
DA:276,0
DA:277,0
DA:278,0
DA:279,0
DA:280,0
DA:281,0
DA:282,0
DA:285,0
DA:286,0
DA:287,0
DA:288,0
DA:289,0
DA:290,0
DA:291,0
DA:292,0
DA:293,0
DA:294,0
DA:295,0
DA:296,0
DA:297,0
DA:299,0
DA:300,0
DA:301,0
DA:302,0
DA:303,0
DA:304,0
DA:305,0
DA:306,0
DA:307,0
DA:308,0
DA:309,0
DA:310,0
DA:315,1
DA:316,6
DA:318,6
DA:319,24
DA:320,0
DA:321,0
DA:322,24
DA:325,6
DA:326,6
DA:327,6
DA:328,6
DA:329,6
DA:330,6
DA:331,6
DA:332,6
DA:333,6
DA:334,6
DA:335,6
DA:336,6
DA:341,1
DA:343,11
DA:344,11
DA:345,11
DA:346,11
DA:347,11
DA:348,11
DA:349,11
DA:350,11
DA:351,11
DA:352,11
DA:353,11
DA:354,11
DA:355,11
DA:356,11
DA:359,11
DA:360,11
DA:361,11
DA:362,11
DA:363,11
DA:364,11
DA:365,11
DA:366,11
DA:367,11
DA:368,11
DA:369,11
DA:370,11
DA:371,11
DA:372,11
DA:375,11
DA:376,11
DA:377,11
DA:378,11
DA:379,11
DA:380,11
DA:381,11
DA:382,11
DA:383,11
DA:384,11
DA:385,11
DA:386,11
DA:387,11
DA:388,11
DA:391,11
DA:392,11
DA:393,11
DA:394,11
DA:395,11
DA:396,11
DA:397,11
DA:398,11
DA:399,11
DA:400,11
DA:401,11
DA:402,11
DA:403,11
DA:404,11
DA:405,11
DA:410,1
DA:411,0
DA:412,0
DA:413,0
DA:414,0
DA:417,0
DA:419,0
DA:420,0
DA:421,0
DA:423,0
DA:424,0
DA:425,1
LF:335
LH:118
BRDA:13,0,0,11
BRDA:23,1,0,9
BRDA:25,2,0,0
BRDA:29,3,0,0
BRDA:33,4,0,3
BRDA:35,5,0,6
BRDA:37,6,0,0
BRDA:39,7,0,6
BRDA:44,8,0,0
BRDA:173,9,0,3
BRDA:177,10,0,0
BRDA:182,11,0,0
BRDA:187,12,0,0
BRDA:204,13,0,0
BRDA:210,14,0,2
BRDA:210,15,0,1
BRDA:194,16,0,5
BRDA:315,17,0,6
BRDA:318,18,0,24
BRDA:319,19,0,0
BRDA:326,20,0,0
BRDA:341,21,0,11
BRF:22
BRH:12
end_of_record
TN:
SF:src/utils/ErrorHandler.ts
FN:31,<static_initializer>
FN:38,handle
FN:72,determineRecoveryStrategy
FN:92,alternativeAction
FN:119,alternativeAction
FN:132,alternativeAction
FN:184,generateErrorKey
FN:200,trackError
FN:217,getErrorStats
FN:233,clearErrorTracking
FN:241,createContextualError
FN:276,retry
FNF:12
FNH:10
FNDA:13,<static_initializer>
FNDA:16,handle
FNDA:16,determineRecoveryStrategy
FNDA:0,alternativeAction
FNDA:1,alternativeAction
FNDA:0,alternativeAction
FNDA:16,generateErrorKey
FNDA:16,trackError
FNDA:2,getErrorStats
FNDA:12,clearErrorTracking
FNDA:4,createContextualError
FNDA:8,retry
DA:1,1
DA:2,1
DA:30,1
DA:31,1
DA:32,13
DA:33,13
DA:38,1
DA:39,16
DA:40,16
DA:41,16
DA:42,16
DA:43,16
DA:46,16
DA:49,16
DA:50,16
DA:51,16
DA:52,16
DA:55,16
DA:58,16
DA:59,16
DA:60,16
DA:61,16
DA:62,16
DA:63,16
DA:64,16
DA:66,16
DA:67,16
DA:72,1
DA:73,16
DA:74,16
DA:75,16
DA:77,16
DA:78,1
DA:79,1
DA:80,1
DA:81,1
DA:82,1
DA:83,1
DA:84,1
DA:87,16
DA:88,2
DA:89,2
DA:90,2
DA:91,2
DA:92,2
DA:94,0
DA:95,0
DA:96,2
DA:97,2
DA:100,16
DA:101,6
DA:102,6
DA:104,6
DA:105,6
DA:106,6
DA:107,6
DA:108,6
DA:109,6
DA:110,6
DA:113,16
DA:114,1
DA:115,1
DA:116,1
DA:117,1
DA:118,1
DA:119,1
DA:121,1
DA:122,1
DA:123,1
DA:124,1
DA:127,16
DA:128,1
DA:129,1
DA:130,1
DA:131,1
DA:132,1
DA:134,0
DA:135,0
DA:136,0
DA:137,0
DA:138,1
DA:139,1
DA:142,5
DA:144,5
DA:145,1
DA:146,1
DA:147,1
DA:148,1
DA:149,1
DA:150,1
DA:153,5
DA:154,4
DA:155,4
DA:156,4
DA:157,4
DA:158,4
DA:159,4
DA:160,4
DA:161,5
DA:164,0
DA:165,0
DA:166,0
DA:167,0
DA:168,0
DA:169,0
DA:170,0
DA:171,0
DA:174,0
DA:175,0
DA:176,0
DA:177,16
DA:178,16
DA:179,16
DA:184,1
DA:185,16
DA:186,16
DA:187,16
DA:188,16
DA:189,16
DA:190,16
DA:191,16
DA:192,16
DA:194,16
DA:195,16
DA:200,1
DA:201,16
DA:202,16
DA:204,16
DA:205,16
DA:206,16
DA:209,16
DA:210,0
DA:211,0
DA:212,16
DA:217,1
DA:218,2
DA:220,2
DA:221,4
DA:222,4
DA:223,4
DA:224,4
DA:225,2
DA:227,2
DA:228,2
DA:233,1
DA:234,12
DA:235,12
DA:236,12
DA:241,1
DA:242,4
DA:243,4
DA:244,4
DA:245,4
DA:246,4
DA:247,4
DA:248,4
DA:250,4
DA:252,4
DA:253,1
DA:254,1
DA:255,1
DA:256,1
DA:257,1
DA:258,1
DA:259,1
DA:260,1
DA:261,1
DA:263,3
DA:264,3
DA:265,3
DA:266,3
DA:267,3
DA:268,3
DA:270,0
DA:271,4
DA:276,1
DA:277,8
DA:278,8
DA:279,8
DA:280,8
DA:281,8
DA:283,8
DA:284,12
DA:285,12
DA:286,12
DA:287,6
DA:289,6
DA:290,6
DA:291,6
DA:292,6
DA:293,6
DA:295,6
DA:296,2
DA:297,2
DA:298,2
DA:299,2
DA:300,2
DA:301,2
DA:304,6
DA:305,1
DA:306,1
DA:309,4
DA:310,4
DA:311,4
DA:312,6
DA:313,12
DA:315,4
DA:316,8
DA:317,1
LF:209
LH:189
BRDA:31,0,0,13
BRDA:38,1,0,16
BRDA:49,2,0,0
BRDA:72,3,0,16
BRDA:77,4,0,1
BRDA:80,5,0,0
BRDA:82,6,0,0
BRDA:84,7,0,15
BRDA:87,8,0,2
BRDA:97,9,0,13
BRDA:100,10,0,6
BRDA:101,11,0,1
BRDA:102,12,0,1
BRDA:110,13,0,7
BRDA:113,14,0,1
BRDA:124,15,0,6
BRDA:127,16,0,1
BRDA:139,17,0,5
BRDA:144,18,0,1
BRDA:150,19,0,4
BRDA:153,20,0,4
BRDA:161,21,0,0
BRDA:177,22,0,0
BRDA:119,23,0,1
BRDA:184,24,0,16
BRDA:190,25,0,0
BRDA:191,26,0,10
BRDA:200,27,0,16
BRDA:201,28,0,12
BRDA:209,29,0,0
BRDA:217,30,0,2
BRDA:220,31,0,4
BRDA:233,32,0,12
BRDA:241,33,0,4
BRDA:252,34,0,1
BRDA:261,35,0,3
BRDA:268,36,0,0
BRDA:247,37,0,10
BRDA:276,38,0,8
BRDA:283,39,0,12
BRDA:286,40,0,6
BRDA:295,41,0,4
BRDA:295,42,0,2
BRDA:301,43,0,4
BRDA:304,44,0,1
BRDA:306,45,0,4
BRDA:313,46,0,4
BRDA:310,47,0,4
BRF:48
BRH:40
end_of_record
TN:
SF:src/utils/Logger.ts
FN:11,<instance_members_initializer>
FN:12,<static_initializer>
FN:16,Logger
FN:20,setLogLevel
FN:24,getLogs
FN:28,clearLogs
FN:32,shouldLog
FN:39,log
FN:70,debug
FN:74,info
FN:78,warn
FN:82,error
FNF:12
FNH:8
FNDA:260,<instance_members_initializer>
FNDA:18,<static_initializer>
FNDA:260,Logger
FNDA:0,setLogLevel
FNDA:0,getLogs
FNDA:0,clearLogs
FNDA:1182,shouldLog
FNDA:1182,log
FNDA:0,debug
FNDA:1036,info
FNDA:110,warn
FNDA:36,error
DA:10,1
DA:11,1
DA:12,1
DA:13,18
DA:14,18
DA:16,1
DA:17,260
DA:18,260
DA:20,1
DA:21,0
DA:22,0
DA:24,1
DA:25,0
DA:26,0
DA:28,1
DA:29,0
DA:30,0
DA:32,1
DA:33,1182
DA:34,1182
DA:35,1182
DA:36,1182
DA:37,1182
DA:39,1
DA:40,1182
DA:41,0
DA:42,0
DA:44,1182
DA:45,1182
DA:46,1182
DA:47,1182
DA:48,1182
DA:49,1182
DA:52,1182
DA:53,1182
DA:54,0
DA:55,0
DA:58,1182
DA:59,1146
DA:60,1036
DA:61,1036
DA:63,1182
DA:64,1181
DA:65,1182
DA:66,1
DA:67,1
DA:68,1182
DA:70,1
DA:71,0
DA:72,0
DA:74,1
DA:75,1036
DA:76,1036
DA:78,1
DA:79,110
DA:80,110
DA:82,1
DA:83,36
DA:84,36
DA:85,1
LF:60
LH:48
BRDA:11,0,0,260
BRDA:12,1,0,18
BRDA:16,2,0,260
BRDA:32,3,0,1182
BRDA:39,4,0,1182
BRDA:40,5,0,0
BRDA:53,6,0,0
BRDA:58,7,0,36
BRDA:58,8,0,1146
BRDA:59,9,0,110
BRDA:59,10,0,1036
BRDA:60,11,0,0
BRDA:63,12,0,1181
BRDA:63,13,0,1181
BRDA:65,14,0,1
BRDA:74,15,0,1036
BRDA:78,16,0,110
BRDA:82,17,0,36
BRF:18
BRH:15
end_of_record
TN:
SF:src/utils/RequestQueue.ts
FN:13,<instance_members_initializer>
FN:22,RequestQueue
FN:33,add
FN:63,process
FN:105,pause
FN:110,resume
FN:116,clear
FN:125,get size
FN:129,get pending
FN:133,get active
FN:137,get isPaused
FNF:11
FNH:9
FNDA:24,<instance_members_initializer>
FNDA:24,RequestQueue
FNDA:32,add
FNDA:65,process
FNDA:1,pause
FNDA:1,resume
FNDA:1,clear
FNDA:2,get size
FNDA:0,get pending
FNDA:0,get active
FNDA:2,get isPaused
DA:1,1
DA:12,1
DA:13,1
DA:14,24
DA:15,24
DA:16,24
DA:17,24
DA:18,24
DA:19,24
DA:20,24
DA:22,1
DA:26,24
DA:27,24
DA:28,24
DA:29,24
DA:30,24
DA:31,24
DA:33,1
DA:34,32
DA:35,32
DA:36,32
DA:37,32
DA:38,32
DA:39,32
DA:40,32
DA:41,32
DA:42,32
DA:43,32
DA:44,32
DA:45,32
DA:46,32
DA:48,32
DA:49,32
DA:51,32
DA:52,0
DA:53,0
DA:55,32
DA:56,32
DA:58,32
DA:59,32
DA:60,32
DA:61,32
DA:63,1
DA:64,65
DA:65,33
DA:66,33
DA:69,32
DA:70,32
DA:71,32
DA:72,19
DA:74,8
DA:75,8
DA:76,8
DA:77,32
DA:78,13
DA:79,13
DA:80,13
DA:81,32
DA:83,24
DA:84,24
DA:86,24
DA:87,24
DA:88,24
DA:90,24
DA:91,24
DA:92,23
DA:93,23
DA:94,65
DA:95,1
DA:96,1
DA:97,65
DA:98,24
DA:99,24
DA:101,24
DA:102,24
DA:103,65
DA:105,1
DA:106,1
DA:107,1
DA:108,1
DA:110,1
DA:111,1
DA:112,1
DA:113,1
DA:114,1
DA:116,1
DA:117,1
DA:118,1
DA:119,8
DA:120,1
DA:121,1
DA:122,1
DA:123,1
DA:125,1
DA:126,2
DA:127,2
DA:129,1
DA:130,0
DA:131,0
DA:133,1
DA:134,0
DA:135,0
DA:137,1
DA:138,2
DA:139,2
DA:140,1
LF:106
LH:100
BRDA:13,0,0,24
BRDA:22,1,0,24
BRDA:28,2,0,0
BRDA:29,3,0,0
BRDA:30,4,0,0
BRDA:33,5,0,32
BRDA:37,6,0,32
BRDA:49,7,0,32
BRDA:51,8,0,0
BRDA:63,9,0,65
BRDA:64,10,0,63
BRDA:64,11,0,50
BRDA:64,12,0,61
BRDA:64,13,0,33
BRDA:66,14,0,32
BRDA:71,15,0,19
BRDA:72,16,0,8
BRDA:77,17,0,13
BRDA:81,18,0,24
BRDA:84,19,0,0
BRDA:84,20,0,61
BRDA:84,21,0,24
BRDA:91,22,0,23
BRDA:94,23,0,1
BRDA:97,24,0,24
BRDA:74,25,0,8
BRDA:101,26,0,24
BRDA:105,27,0,1
BRDA:110,28,0,1
BRDA:116,29,0,1
BRDA:118,30,0,8
BRDA:125,31,0,2
BRDA:137,32,0,2
BRF:33
BRH:28
end_of_record
TN:
SF:src/utils/SimpleCache.ts
FN:8,<instance_members_initializer>
FN:12,SimpleCache
FN:17,set
FN:33,get
FN:48,has
FN:52,delete
FN:56,clear
FN:60,get size
FN:65,cleanup
FN:78,findOldestKey
FN:93,getStats
FNF:11
FNH:11
FNDA:28,<instance_members_initializer>
FNDA:28,SimpleCache
FNDA:25,set
FNDA:26,get
FNDA:2,has
FNDA:2,delete
FNDA:1,clear
FNDA:4,get size
FNDA:1,cleanup
FNDA:1,findOldestKey
FNDA:1,getStats
DA:7,1
DA:8,1
DA:9,28
DA:10,28
DA:12,1
DA:13,28
DA:14,28
DA:15,28
DA:17,1
DA:19,25
DA:20,1
DA:21,1
DA:22,1
DA:23,1
DA:24,1
DA:26,25
DA:27,25
DA:28,25
DA:29,25
DA:30,25
DA:31,25
DA:33,1
DA:34,26
DA:35,26
DA:36,9
DA:37,9
DA:40,26
DA:41,1
DA:42,1
DA:43,1
DA:45,16
DA:46,26
DA:48,1
DA:49,2
DA:50,2
DA:52,1
DA:53,2
DA:54,2
DA:56,1
DA:57,1
DA:58,1
DA:60,1
DA:61,4
DA:62,4
DA:65,1
DA:66,1
DA:67,1
DA:69,1
DA:70,3
DA:71,1
DA:72,1
DA:73,3
DA:75,1
DA:76,1
DA:78,1
DA:79,1
DA:80,1
DA:82,1
DA:83,3
DA:84,1
DA:85,1
DA:86,1
DA:87,3
DA:89,1
DA:90,1
DA:93,1
DA:98,1
DA:99,1
DA:100,1
DA:101,2
DA:102,2
DA:103,2
DA:104,1
DA:106,1
DA:107,1
DA:108,1
DA:109,1
DA:110,1
DA:111,1
DA:112,1
DA:113,1
LF:81
LH:81
BRDA:8,0,0,28
BRDA:12,1,0,28
BRDA:13,2,0,2
BRDA:14,3,0,2
BRDA:17,4,0,25
BRDA:19,5,0,2
BRDA:19,6,0,1
BRDA:29,7,0,18
BRDA:33,8,0,26
BRDA:35,9,0,25
BRDA:35,10,0,9
BRDA:37,11,0,17
BRDA:40,12,0,1
BRDA:43,13,0,16
BRDA:48,14,0,2
BRDA:52,15,0,2
BRDA:56,16,0,1
BRDA:60,17,0,4
BRDA:65,18,0,1
BRDA:69,19,0,3
BRDA:70,20,0,1
BRDA:75,21,0,1
BRDA:78,22,0,1
BRDA:82,23,0,3
BRDA:83,24,0,1
BRDA:93,25,0,1
BRDA:100,26,0,2
BRF:27
BRH:27
end_of_record
TN:
SF:src/utils/errors.ts
FN:2,N8nApiError
FN:17,N8nConnectionError
FN:28,N8nRateLimitError
FN:39,N8nAuthenticationError
FN:47,N8nValidationError
FN:58,N8nTimeoutError
FN:69,isRetryableError
FN:84,extractErrorDetails
FNF:8
FNH:7
FNDA:6,N8nApiError
FNDA:5,N8nConnectionError
FNDA:2,N8nRateLimitError
FNDA:3,N8nAuthenticationError
FNDA:10,N8nValidationError
FNDA:1,N8nTimeoutError
FNDA:0,isRetryableError
FNDA:20,extractErrorDetails
DA:1,1
DA:2,1
DA:3,6
DA:4,6
DA:5,6
DA:6,6
DA:7,6
DA:8,6
DA:9,6
DA:10,6
DA:11,6
DA:12,6
DA:13,6
DA:14,1
DA:16,1
DA:17,1
DA:18,5
DA:19,5
DA:20,5
DA:21,5
DA:22,5
DA:23,5
DA:24,5
DA:25,1
DA:27,1
DA:28,1
DA:29,2
DA:30,2
DA:31,2
DA:32,2
DA:33,2
DA:34,2
DA:35,2
DA:36,1
DA:38,1
DA:39,1
DA:40,3
DA:41,3
DA:42,3
DA:43,3
DA:44,1
DA:46,1
DA:47,1
DA:48,10
DA:49,10
DA:50,10
DA:51,10
DA:52,10
DA:53,10
DA:54,10
DA:55,1
DA:57,1
DA:58,1
DA:59,1
DA:60,1
DA:61,1
DA:62,1
DA:63,1
DA:64,1
DA:65,1
DA:66,1
DA:69,1
DA:70,0
DA:71,0
DA:72,0
DA:74,0
DA:76,0
DA:77,0
DA:78,0
DA:80,0
DA:81,0
DA:84,1
DA:88,20
DA:89,20
DA:90,6
DA:91,6
DA:92,6
DA:93,6
DA:94,6
DA:95,6
DA:97,14
DA:98,14
DA:99,14
DA:101,20
DA:102,0
DA:103,0
DA:104,0
DA:105,0
DA:106,0
DA:107,0
DA:108,0
DA:110,0
DA:111,0
LF:93
LH:75
BRDA:2,0,0,6
BRDA:17,1,0,5
BRDA:28,2,0,2
BRDA:39,3,0,3
BRDA:47,4,0,10
BRDA:58,5,0,1
BRDA:84,6,0,20
BRDA:89,7,0,6
BRDA:93,8,0,1
BRDA:95,9,0,14
BRDA:99,10,0,0
BRDA:101,11,0,0
BRF:12
BRH:10
end_of_record
TN:
SF:src/utils/zodToJsonSchema.ts
FN:6,zodToJsonSchema
FN:16,zodTypeToJsonSchema
FN:70,handleString
FN:102,handleNumber
FN:128,handleArray
FN:138,handleObject
FN:161,handleEnum
FN:168,handleUnion
FNF:8
FNH:8
FNDA:87,zodToJsonSchema
FNDA:851,zodTypeToJsonSchema
FNDA:194,handleString
FNDA:40,handleNumber
FNDA:52,handleArray
FNDA:115,handleObject
FNDA:28,handleEnum
FNDA:4,handleUnion
DA:6,1
DA:7,87
DA:9,87
DA:10,0
DA:11,0
DA:13,87
DA:14,87
DA:16,851
DA:17,851
DA:18,851
DA:19,194
DA:21,851
DA:22,40
DA:24,851
DA:25,73
DA:27,851
DA:28,52
DA:30,851
DA:31,115
DA:33,851
DA:34,28
DA:36,851
DA:37,4
DA:39,851
DA:40,224
DA:42,851
DA:43,0
DA:44,0
DA:45,0
DA:46,0
DA:47,0
DA:48,0
DA:50,851
DA:51,61
DA:52,61
DA:53,61
DA:55,851
DA:56,0
DA:58,851
DA:59,28
DA:60,28
DA:61,28
DA:62,28
DA:64,851
DA:66,32
DA:67,851
DA:68,0
DA:70,194
DA:71,194
DA:73,194
DA:74,194
DA:75,40
DA:76,40
DA:77,32
DA:78,32
DA:79,40
DA:80,0
DA:81,0
DA:82,40
DA:83,0
DA:84,0
DA:85,40
DA:86,0
DA:87,0
DA:88,40
DA:89,0
DA:90,0
DA:91,40
DA:92,40
DA:93,194
DA:95,194
DA:96,84
DA:97,84
DA:99,194
DA:100,194
DA:102,40
DA:103,40
DA:105,40
DA:106,40
DA:107,32
DA:108,32
DA:109,16
DA:110,16
DA:111,32
DA:112,16
DA:113,16
DA:114,32
DA:115,0
DA:116,0
DA:117,32
DA:118,32
DA:119,40
DA:121,40
DA:122,4
DA:123,4
DA:125,40
DA:126,40
DA:128,52
DA:129,52
DA:130,52
DA:131,52
DA:132,52
DA:133,52
DA:134,52
DA:135,52
DA:136,52
DA:138,115
DA:139,115
DA:140,115
DA:142,115
DA:143,391
DA:144,391
DA:147,391
DA:148,175
DA:149,175
DA:150,391
DA:152,115
DA:153,115
DA:154,115
DA:155,115
DA:156,115
DA:157,115
DA:158,115
DA:159,115
DA:161,28
DA:162,28
DA:163,28
DA:164,28
DA:165,28
DA:166,28
DA:168,4
DA:169,4
DA:170,4
DA:171,4
DA:172,4
DA:173,4
LF:136
LH:116
BRDA:6,0,0,87
BRDA:9,1,0,0
BRDA:16,2,0,851
BRDA:18,3,0,194
BRDA:21,4,0,40
BRDA:24,5,0,73
BRDA:27,6,0,52
BRDA:30,7,0,115
BRDA:33,8,0,28
BRDA:36,9,0,4
BRDA:39,10,0,224
BRDA:42,11,0,0
BRDA:50,12,0,61
BRDA:55,13,0,0
BRDA:58,14,0,28
BRDA:64,15,0,32
BRDA:67,16,0,0
BRDA:70,17,0,194
BRDA:74,18,0,40
BRDA:76,19,0,32
BRDA:79,20,0,0
BRDA:82,21,0,0
BRDA:85,22,0,0
BRDA:88,23,0,0
BRDA:95,24,0,84
BRDA:102,25,0,40
BRDA:106,26,0,32
BRDA:108,27,0,16
BRDA:111,28,0,16
BRDA:114,29,0,0
BRDA:121,30,0,4
BRDA:128,31,0,52
BRDA:132,32,0,4
BRDA:133,33,0,0
BRDA:134,34,0,8
BRDA:138,35,0,115
BRDA:142,36,0,391
BRDA:147,37,0,175
BRDA:155,38,0,99
BRDA:155,39,0,16
BRDA:156,40,0,0
BRDA:157,41,0,4
BRDA:161,42,0,28
BRDA:164,43,0,0
BRDA:168,44,0,4
BRDA:171,45,0,0
BRDA:170,46,0,8
BRF:47
BRH:34
end_of_record
